2018-12-13 12:33:35.916 [main] DEBUG druid.sql.Connection - {conn-10001} connected
2018-12-13 12:33:35.939 [main] DEBUG druid.sql.Connection - {conn-10002} connected
2018-12-13 12:33:35.953 [main] DEBUG druid.sql.Connection - {conn-10003} connected
2018-12-13 12:33:35.969 [main] DEBUG druid.sql.Connection - {conn-10004} connected
2018-12-13 12:33:35.976 [main] DEBUG druid.sql.Connection - {conn-10005} connected
2018-12-13 12:33:35.987 [main] DEBUG druid.sql.Connection - {conn-10006} connected
2018-12-13 12:33:35.999 [main] DEBUG druid.sql.Connection - {conn-10007} connected
2018-12-13 12:33:36.007 [main] DEBUG druid.sql.Connection - {conn-10008} connected
2018-12-13 12:33:36.018 [main] DEBUG druid.sql.Connection - {conn-10009} connected
2018-12-13 12:33:36.030 [main] DEBUG druid.sql.Connection - {conn-10010} connected
2018-12-13 12:33:36.037 [main] DEBUG druid.sql.Connection - {conn-10011} connected
2018-12-13 12:33:36.043 [main] DEBUG druid.sql.Connection - {conn-10012} connected
2018-12-13 12:33:36.052 [main] DEBUG druid.sql.Connection - {conn-10013} connected
2018-12-13 12:33:36.061 [main] DEBUG druid.sql.Connection - {conn-10014} connected
2018-12-13 12:33:36.070 [main] DEBUG druid.sql.Connection - {conn-10015} connected
2018-12-13 12:33:36.079 [main] DEBUG druid.sql.Connection - {conn-10016} connected
2018-12-13 12:33:36.086 [main] DEBUG druid.sql.Connection - {conn-10017} connected
2018-12-13 12:33:36.099 [main] DEBUG druid.sql.Connection - {conn-10018} connected
2018-12-13 12:33:36.111 [main] DEBUG druid.sql.Connection - {conn-10019} connected
2018-12-13 12:33:36.126 [main] DEBUG druid.sql.Connection - {conn-10020} connected
2018-12-13 12:33:36.139 [main] DEBUG druid.sql.Connection - {conn-10021} connected
2018-12-13 12:33:36.147 [main] DEBUG druid.sql.Connection - {conn-10022} connected
2018-12-13 12:33:36.161 [main] DEBUG druid.sql.Connection - {conn-10023} connected
2018-12-13 12:33:36.172 [main] DEBUG druid.sql.Connection - {conn-10024} connected
2018-12-13 12:33:36.185 [main] DEBUG druid.sql.Connection - {conn-10025} connected
2018-12-13 12:33:36.196 [main] DEBUG druid.sql.Connection - {conn-10026} connected
2018-12-13 12:33:36.207 [main] DEBUG druid.sql.Connection - {conn-10027} connected
2018-12-13 12:33:36.215 [main] DEBUG druid.sql.Connection - {conn-10028} connected
2018-12-13 12:33:36.223 [main] DEBUG druid.sql.Connection - {conn-10029} connected
2018-12-13 12:33:36.227 [main] DEBUG druid.sql.Connection - {conn-10030} connected
2018-12-13 12:33:36.411 [main] DEBUG druid.sql.Connection - {conn-10030} pool-connect
2018-12-13 12:33:36.415 [main] DEBUG druid.sql.Connection - {conn-10030} pool-recycle
2018-12-13 12:33:36.430 [main] DEBUG druid.sql.Connection - {conn-10030} pool-connect
2018-12-13 12:33:36.436 [main] DEBUG druid.sql.Connection - {conn-10030} pool-recycle
2018-12-13 12:33:37.310 [main] DEBUG druid.sql.Connection - {conn-10030} pool-connect
2018-12-13 12:33:37.414 [main] DEBUG druid.sql.Connection - {conn-10030} pool-recycle
2018-12-13 12:33:38.831 [main] DEBUG druid.sql.Connection - {conn-10030} pool-connect
2018-12-13 12:33:38.831 [main] DEBUG druid.sql.Connection - {conn-10030} pool-recycle
2018-12-13 12:37:03.937 [http-nio-8080-exec-1] DEBUG druid.sql.Connection - {conn-10030} pool-connect
2018-12-13 12:37:03.982 [http-nio-8080-exec-1] DEBUG druid.sql.Statement - {conn-10030, pstmt-20000} created. select monuser0_.id as id1_3_, monuser0_.account as account2_3_, monuser0_.money as money3_3_, monuser0_.password as password4_3_, monuser0_.user_name as user_nam5_3_ from mon_user monuser0_ where monuser0_.account=?
2018-12-13 12:37:04.006 [http-nio-8080-exec-1] DEBUG druid.sql.Statement - {conn-10030, pstmt-20000} Parameters : [root1]
2018-12-13 12:37:04.006 [http-nio-8080-exec-1] DEBUG druid.sql.Statement - {conn-10030, pstmt-20000} Types : [VARCHAR]
2018-12-13 12:37:04.128 [http-nio-8080-exec-1] DEBUG druid.sql.Statement - {conn-10030, pstmt-20000, rs-50000} query executed. 129.023488 millis. select monuser0_.id as id1_3_, monuser0_.account as account2_3_, monuser0_.money as money3_3_, monuser0_.password as password4_3_, monuser0_.user_name as user_nam5_3_ from mon_user monuser0_ where monuser0_.account=?
2018-12-13 12:37:04.367 [http-nio-8080-exec-1] DEBUG druid.sql.Connection - {conn-10030} pool-recycle
2018-12-13 12:48:22.040 [http-nio-8080-exec-5] DEBUG druid.sql.Connection - {conn-10030} pool-connect
2018-12-13 12:48:22.042 [http-nio-8080-exec-5] DEBUG druid.sql.Statement - {conn-10030, pstmt-20001} created. select monuser0_.id as id1_3_, monuser0_.account as account2_3_, monuser0_.money as money3_3_, monuser0_.password as password4_3_, monuser0_.user_name as user_nam5_3_ from mon_user monuser0_ where monuser0_.account=?
2018-12-13 12:48:22.044 [http-nio-8080-exec-5] DEBUG druid.sql.Statement - {conn-10030, pstmt-20001} Parameters : [root1]
2018-12-13 12:48:22.044 [http-nio-8080-exec-5] DEBUG druid.sql.Statement - {conn-10030, pstmt-20001} Types : [VARCHAR]
2018-12-13 12:48:22.047 [http-nio-8080-exec-5] DEBUG druid.sql.Statement - {conn-10030, pstmt-20001, rs-50001} query executed. 3.069092 millis. select monuser0_.id as id1_3_, monuser0_.account as account2_3_, monuser0_.money as money3_3_, monuser0_.password as password4_3_, monuser0_.user_name as user_nam5_3_ from mon_user monuser0_ where monuser0_.account=?
2018-12-13 12:48:22.065 [http-nio-8080-exec-5] DEBUG druid.sql.Connection - {conn-10030} pool-recycle
2018-12-13 12:50:13.884 [Thread-35] DEBUG druid.sql.Connection - {conn-10001} closed
2018-12-13 12:50:13.890 [Thread-35] DEBUG druid.sql.Connection - {conn-10002} closed
2018-12-13 12:50:13.894 [Thread-35] DEBUG druid.sql.Connection - {conn-10003} closed
2018-12-13 12:50:13.896 [Thread-35] DEBUG druid.sql.Connection - {conn-10004} closed
2018-12-13 12:50:13.898 [Thread-35] DEBUG druid.sql.Connection - {conn-10005} closed
2018-12-13 12:50:13.900 [Thread-35] DEBUG druid.sql.Connection - {conn-10006} closed
2018-12-13 12:50:13.902 [Thread-35] DEBUG druid.sql.Connection - {conn-10007} closed
2018-12-13 12:50:13.903 [Thread-35] DEBUG druid.sql.Connection - {conn-10008} closed
2018-12-13 12:50:13.905 [Thread-35] DEBUG druid.sql.Connection - {conn-10009} closed
2018-12-13 12:50:13.906 [Thread-35] DEBUG druid.sql.Connection - {conn-10010} closed
2018-12-13 12:50:13.908 [Thread-35] DEBUG druid.sql.Connection - {conn-10011} closed
2018-12-13 12:50:13.911 [Thread-35] DEBUG druid.sql.Connection - {conn-10012} closed
2018-12-13 12:50:13.913 [Thread-35] DEBUG druid.sql.Connection - {conn-10013} closed
2018-12-13 12:50:13.915 [Thread-35] DEBUG druid.sql.Connection - {conn-10014} closed
2018-12-13 12:50:13.916 [Thread-35] DEBUG druid.sql.Connection - {conn-10015} closed
2018-12-13 12:50:13.917 [Thread-35] DEBUG druid.sql.Connection - {conn-10016} closed
2018-12-13 12:50:13.918 [Thread-35] DEBUG druid.sql.Connection - {conn-10017} closed
2018-12-13 12:50:13.919 [Thread-35] DEBUG druid.sql.Connection - {conn-10018} closed
2018-12-13 12:50:13.920 [Thread-35] DEBUG druid.sql.Connection - {conn-10019} closed
2018-12-13 12:50:13.921 [Thread-35] DEBUG druid.sql.Connection - {conn-10020} closed
2018-12-13 12:50:13.921 [Thread-35] DEBUG druid.sql.Connection - {conn-10021} closed
2018-12-13 12:50:13.921 [Thread-35] DEBUG druid.sql.Connection - {conn-10022} closed
2018-12-13 12:50:13.922 [Thread-35] DEBUG druid.sql.Connection - {conn-10023} closed
2018-12-13 12:50:13.923 [Thread-35] DEBUG druid.sql.Connection - {conn-10024} closed
2018-12-13 12:50:13.923 [Thread-35] DEBUG druid.sql.Connection - {conn-10025} closed
2018-12-13 12:50:13.924 [Thread-35] DEBUG druid.sql.Connection - {conn-10026} closed
2018-12-13 12:50:13.924 [Thread-35] DEBUG druid.sql.Connection - {conn-10027} closed
2018-12-13 12:50:13.924 [Thread-35] DEBUG druid.sql.Connection - {conn-10028} closed
2018-12-13 12:50:13.924 [Thread-35] DEBUG druid.sql.Connection - {conn-10029} closed
2018-12-13 12:50:13.925 [Thread-35] DEBUG druid.sql.Connection - {conn-10030} closed
