Multiple Spring Data modules found, entering strict repository configuration mode!
Multiple Spring Data modules found, entering strict repository configuration mode!
Spring Data Redis - Could not safely identify store assignment for repository candidate interface com.monitoring.seckill.Dao.GoodDao.
Spring Data Redis - Could not safely identify store assignment for repository candidate interface com.monitoring.seckill.Dao.OrderDao.
Spring Data Redis - Could not safely identify store assignment for repository candidate interface com.monitoring.seckill.Dao.OrderLogDao.
Spring Data Redis - Could not safely identify store assignment for repository candidate interface com.monitoring.seckill.Dao.UserDao.
Initializing ProtocolHandler ["http-nio-8080"]
Starting service [Tomcat]
Starting Servlet Engine: Apache Tomcat/8.5.34
The APR based Apache Tomcat Native library which allows optimal performance in production environments was not found on the java.library.path: [/Users/baron/Library/Java/Extensions:/Library/Java/Extensions:/Network/Library/Java/Extensions:/System/Library/Java/Extensions:/usr/lib/java:.]
Initializing Spring embedded WebApplicationContext
Init DruidDataSource
{dataSource-1} inited
HHH000204: Processing PersistenceUnitInfo [
	name: default
	...]
HHH000412: Hibernate Core {5.2.17.Final}
HHH000206: hibernate.properties not found
HCANN000001: Hibernate Commons Annotations {5.0.1.Final}
HHH000400: Using dialect: org.hibernate.dialect.MySQL5Dialect
Starting ProtocolHandler ["http-nio-8080"]
Using a shared selector for servlet write/read
A cookie header was received [1543385254; Hm_lpvt_6abcc5eeee320072f7a9ed10e79be5c1=1543481566] that contained an invalid cookie. That cookie will be ignored.Note: further occurrences of this error will be logged at DEBUG level.
Initializing Spring FrameworkServlet 'dispatcherServlet'
正在访问preHandle
正在访问postHandle
正在访问preHandle
正在访问postHandle
正在访问afterCompletion
正在访问preHandle
正在访问postHandle
正在访问afterCompletion
正在访问preHandle
正在访问postHandle
正在访问afterCompletion
正在访问preHandle
正在访问preHandle
正在访问preHandle
正在访问afterCompletion
正在访问preHandle
正在访问postHandle
正在访问afterCompletion
正在访问preHandle
正在访问postHandle
正在访问afterCompletion
正在访问postHandle
正在访问afterCompletion
正在访问postHandle
正在访问afterCompletion
正在访问postHandle
正在访问afterCompletion
正在访问preHandle
正在访问postHandle
正在访问afterCompletion
正在访问preHandle
正在访问postHandle
正在访问afterCompletion
正在访问preHandle
正在访问postHandle
正在访问afterCompletion
正在访问preHandle
正在访问postHandle
正在访问afterCompletion
{dataSource-1} closed
