Starting GoodServiceTest on baron.local with PID 23187 (started by baron in /Users/baron/IdeaProjects/seckill)
No active profile set, falling back to default profiles: default
Refreshing org.springframework.web.context.support.GenericWebApplicationContext@24c1b2d2: startup date [Tue Nov 27 10:48:39 CST 2018]; root of context hierarchy
Multiple Spring Data modules found, entering strict repository configuration mode!
Multiple Spring Data modules found, entering strict repository configuration mode!
Spring Data Redis - Could not safely identify store assignment for repository candidate interface com.monitoring.seckill.Dao.GoodDao.
Spring Data Redis - Could not safely identify store assignment for repository candidate interface com.monitoring.seckill.Dao.OrderDao.
Spring Data Redis - Could not safely identify store assignment for repository candidate interface com.monitoring.seckill.Dao.OrderLogDao.
Spring Data Redis - Could not safely identify store assignment for repository candidate interface com.monitoring.seckill.Dao.UserDao.
Bean 'org.springframework.transaction.annotation.ProxyTransactionManagementConfiguration' of type [org.springframework.transaction.annotation.ProxyTransactionManagementConfiguration$$EnhancerBySpringCGLIB$$640a82f2] is not eligible for getting processed by all BeanPostProcessors (for example: not eligible for auto-proxying)
Init DruidDataSource
{dataSource-1} inited
Building JPA container EntityManagerFactory for persistence unit 'default'
HHH000204: Processing PersistenceUnitInfo [
	name: default
	...]
HHH000412: Hibernate Core {5.2.17.Final}
HHH000206: hibernate.properties not found
HCANN000001: Hibernate Commons Annotations {5.0.1.Final}
HHH000400: Using dialect: org.hibernate.dialect.MySQL5Dialect
Initialized JPA EntityManagerFactory for persistence unit 'default'
Autowired annotation is not supported on static fields: private static org.springframework.context.ApplicationContext com.monitoring.seckill.Util.SpringContextUtil.applicationContext
Mapped URL path [/**/favicon.ico] onto handler of type [class org.springframework.web.servlet.resource.ResourceHttpRequestHandler]
Looking for @ControllerAdvice: org.springframework.web.context.support.GenericWebApplicationContext@24c1b2d2: startup date [Tue Nov 27 10:48:39 CST 2018]; root of context hierarchy
spring.jpa.open-in-view is enabled by default. Therefore, database queries may be performed during view rendering. Explicitly configure spring.jpa.open-in-view to disable this warning
Mapped "{[/good/checkGoodAll.do]}" onto public com.monitoring.seckill.Entity.Result com.monitoring.seckill.Controller.GoodCtl.checkGoodsAll()
Mapped "{[/good/createGood.do]}" onto public com.monitoring.seckill.Entity.Result com.monitoring.seckill.Controller.GoodCtl.createGood(com.monitoring.seckill.Entity.MonGood)
Mapped "{[/user/test]}" onto public com.monitoring.seckill.Entity.Result com.monitoring.seckill.Controller.LoginCtl.test() throws java.io.IOException
Mapped "{[/user/login]}" onto public com.monitoring.seckill.Entity.Result com.monitoring.seckill.Controller.LoginCtl.login(com.monitoring.seckill.Entity.MonUser,javax.servlet.http.HttpServletRequest)
Mapped "{[/order/createOrder.do]}" onto public com.monitoring.seckill.Entity.Result com.monitoring.seckill.Controller.OrderCtl.createOrder(java.lang.String,javax.servlet.http.HttpServletRequest)
Mapped "{[/order/createAndPlay.do]}" onto public com.monitoring.seckill.Entity.Result com.monitoring.seckill.Controller.OrderCtl.createAndPlay(java.lang.String,javax.servlet.http.HttpServletRequest)
Mapped "{[/order/play.do]}" onto public com.monitoring.seckill.Entity.Result com.monitoring.seckill.Controller.OrderCtl.playOrder(java.lang.String,javax.servlet.http.HttpServletRequest)
Mapped "{[/order/checkOrder.do]}" onto public com.monitoring.seckill.Entity.Result com.monitoring.seckill.Controller.OrderCtl.checkOrder(javax.servlet.http.HttpServletRequest)
Mapped "{[/error]}" onto public org.springframework.http.ResponseEntity<java.util.Map<java.lang.String, java.lang.Object>> org.springframework.boot.autoconfigure.web.servlet.error.BasicErrorController.error(javax.servlet.http.HttpServletRequest)
Mapped "{[/error],produces=[text/html]}" onto public org.springframework.web.servlet.ModelAndView org.springframework.boot.autoconfigure.web.servlet.error.BasicErrorController.errorHtml(javax.servlet.http.HttpServletRequest,javax.servlet.http.HttpServletResponse)
Mapped URL path [/webjars/**] onto handler of type [class org.springframework.web.servlet.resource.ResourceHttpRequestHandler]
Mapped URL path [/**] onto handler of type [class org.springframework.web.servlet.resource.ResourceHttpRequestHandler]
Started GoodServiceTest in 13.799 seconds (JVM running for 17.108)
Closing org.springframework.web.context.support.GenericWebApplicationContext@24c1b2d2: startup date [Tue Nov 27 10:48:39 CST 2018]; root of context hierarchy
Closing JPA EntityManagerFactory for persistence unit 'default'
{dataSource-1} closed
Multiple Spring Data modules found, entering strict repository configuration mode!
Multiple Spring Data modules found, entering strict repository configuration mode!
Spring Data Redis - Could not safely identify store assignment for repository candidate interface com.monitoring.seckill.Dao.GoodDao.
Spring Data Redis - Could not safely identify store assignment for repository candidate interface com.monitoring.seckill.Dao.OrderDao.
Spring Data Redis - Could not safely identify store assignment for repository candidate interface com.monitoring.seckill.Dao.OrderLogDao.
Spring Data Redis - Could not safely identify store assignment for repository candidate interface com.monitoring.seckill.Dao.UserDao.
Init DruidDataSource
{dataSource-1} inited
HHH000204: Processing PersistenceUnitInfo [
	name: default
	...]
HHH000412: Hibernate Core {5.2.17.Final}
HHH000206: hibernate.properties not found
HCANN000001: Hibernate Commons Annotations {5.0.1.Final}
HHH000400: Using dialect: org.hibernate.dialect.MySQL5Dialect
{dataSource-1} closed
Multiple Spring Data modules found, entering strict repository configuration mode!
Multiple Spring Data modules found, entering strict repository configuration mode!
Spring Data Redis - Could not safely identify store assignment for repository candidate interface com.monitoring.seckill.Dao.GoodDao.
Spring Data Redis - Could not safely identify store assignment for repository candidate interface com.monitoring.seckill.Dao.OrderDao.
Spring Data Redis - Could not safely identify store assignment for repository candidate interface com.monitoring.seckill.Dao.OrderLogDao.
Spring Data Redis - Could not safely identify store assignment for repository candidate interface com.monitoring.seckill.Dao.UserDao.
Init DruidDataSource
{dataSource-1} inited
HHH000204: Processing PersistenceUnitInfo [
	name: default
	...]
HHH000412: Hibernate Core {5.2.17.Final}
HHH000206: hibernate.properties not found
HCANN000001: Hibernate Commons Annotations {5.0.1.Final}
HHH000400: Using dialect: org.hibernate.dialect.MySQL5Dialect
{dataSource-1} closed
Multiple Spring Data modules found, entering strict repository configuration mode!
Multiple Spring Data modules found, entering strict repository configuration mode!
Spring Data Redis - Could not safely identify store assignment for repository candidate interface com.monitoring.seckill.Dao.GoodDao.
Spring Data Redis - Could not safely identify store assignment for repository candidate interface com.monitoring.seckill.Dao.OrderDao.
Spring Data Redis - Could not safely identify store assignment for repository candidate interface com.monitoring.seckill.Dao.OrderLogDao.
Spring Data Redis - Could not safely identify store assignment for repository candidate interface com.monitoring.seckill.Dao.UserDao.
Init DruidDataSource
{dataSource-1} inited
HHH000204: Processing PersistenceUnitInfo [
	name: default
	...]
HHH000412: Hibernate Core {5.2.17.Final}
HHH000206: hibernate.properties not found
HCANN000001: Hibernate Commons Annotations {5.0.1.Final}
HHH000400: Using dialect: org.hibernate.dialect.MySQL5Dialect
{dataSource-1} closed
