HikariPool-1 - Thread starvation or clock leap detected (housekeeper delta=7h43m17s356ms).
HikariPool-1 - Thread starvation or clock leap detected (housekeeper delta=52m24s581ms).
HikariPool-1 - Retrograde clock change detected (housekeeper delta=-19s354ms), soft-evicting connections from pool.
Closing org.springframework.boot.web.servlet.context.AnnotationConfigServletWebServerApplicationContext@436bc36: startup date [Wed Oct 31 18:52:02 CST 2018]; root of context hierarchy
Unregistering JMX-exposed beans on shutdown
Unregistering JMX-exposed beans
Closing JPA EntityManagerFactory for persistence unit 'default'
HikariPool-1 - Shutdown initiated...
HikariPool-1 - Shutdown completed.
spring.jpa.open-in-view is enabled by default. Therefore, database queries may be performed during view rendering. Explicitly configure spring.jpa.open-in-view to disable this warning
Starting SeckillApplication on baron.local with PID 93423 (/Users/baron/IdeaProjects/seckill/target/classes started by baron in /Users/baron/IdeaProjects/seckill)
No active profile set, falling back to default profiles: default
Refreshing org.springframework.boot.web.servlet.context.AnnotationConfigServletWebServerApplicationContext@5443d039: startup date [Thu Nov 01 09:36:10 CST 2018]; root of context hierarchy
Multiple Spring Data modules found, entering strict repository configuration mode!
Multiple Spring Data modules found, entering strict repository configuration mode!
Spring Data Redis - Could not safely identify store assignment for repository candidate interface com.monitoring.seckill.Dao.GoodDao.
Spring Data Redis - Could not safely identify store assignment for repository candidate interface com.monitoring.seckill.Dao.OrderDao.
Spring Data Redis - Could not safely identify store assignment for repository candidate interface com.monitoring.seckill.Dao.UserDao.
Bean 'org.springframework.transaction.annotation.ProxyTransactionManagementConfiguration' of type [org.springframework.transaction.annotation.ProxyTransactionManagementConfiguration$$EnhancerBySpringCGLIB$$7ac18b4] is not eligible for getting processed by all BeanPostProcessors (for example: not eligible for auto-proxying)
Tomcat initialized with port(s): 8080 (http)
Initializing ProtocolHandler ["http-nio-8080"]
Starting service [Tomcat]
Starting Servlet Engine: Apache Tomcat/8.5.34
The APR based Apache Tomcat Native library which allows optimal performance in production environments was not found on the java.library.path: [/Users/baron/Library/Java/Extensions:/Library/Java/Extensions:/Network/Library/Java/Extensions:/System/Library/Java/Extensions:/usr/lib/java:.]
Initializing Spring embedded WebApplicationContext
Root WebApplicationContext: initialization completed in 2221 ms
Servlet dispatcherServlet mapped to [/]
Mapping filter: 'characterEncodingFilter' to: [/*]
Mapping filter: 'hiddenHttpMethodFilter' to: [/*]
Mapping filter: 'httpPutFormContentFilter' to: [/*]
Mapping filter: 'requestContextFilter' to: [/*]
HikariPool-1 - Starting...
HikariPool-1 - Start completed.
Building JPA container EntityManagerFactory for persistence unit 'default'
HHH000204: Processing PersistenceUnitInfo [
	name: default
	...]
HHH000412: Hibernate Core {5.2.17.Final}
HHH000206: hibernate.properties not found
HCANN000001: Hibernate Commons Annotations {5.0.1.Final}
HHH000400: Using dialect: org.hibernate.dialect.MySQL5Dialect
Initialized JPA EntityManagerFactory for persistence unit 'default'
Mapped URL path [/**/favicon.ico] onto handler of type [class org.springframework.web.servlet.resource.ResourceHttpRequestHandler]
Looking for @ControllerAdvice: org.springframework.boot.web.servlet.context.AnnotationConfigServletWebServerApplicationContext@5443d039: startup date [Thu Nov 01 09:36:10 CST 2018]; root of context hierarchy
spring.jpa.open-in-view is enabled by default. Therefore, database queries may be performed during view rendering. Explicitly configure spring.jpa.open-in-view to disable this warning
Mapped "{[/good/checkGoodAll]}" onto public com.monitoring.seckill.Entity.Result com.monitoring.seckill.Controller.GoodCtl.checkGoodsAll()
Mapped "{[/good/createGood]}" onto public com.monitoring.seckill.Entity.Result com.monitoring.seckill.Controller.GoodCtl.createGood(com.monitoring.seckill.Entity.MonGood)
Mapped "{[/user/test]}" onto public com.monitoring.seckill.Entity.Result com.monitoring.seckill.Controller.LoginCtl.test() throws java.io.IOException
Mapped "{[/user/login]}" onto public com.monitoring.seckill.Entity.Result com.monitoring.seckill.Controller.LoginCtl.login(com.monitoring.seckill.Entity.MonUser,javax.servlet.http.HttpServletRequest)
Mapped "{[/createOrder.do]}" onto public com.monitoring.seckill.Entity.Result com.monitoring.seckill.Controller.OrderCtl.createOrder(java.lang.String,javax.servlet.http.HttpServletRequest)
Mapped "{[/play.do]}" onto public com.monitoring.seckill.Entity.Result com.monitoring.seckill.Controller.OrderCtl.playOrder(java.lang.String,javax.servlet.http.HttpServletRequest)
Mapped "{[/error]}" onto public org.springframework.http.ResponseEntity<java.util.Map<java.lang.String, java.lang.Object>> org.springframework.boot.autoconfigure.web.servlet.error.BasicErrorController.error(javax.servlet.http.HttpServletRequest)
Mapped "{[/error],produces=[text/html]}" onto public org.springframework.web.servlet.ModelAndView org.springframework.boot.autoconfigure.web.servlet.error.BasicErrorController.errorHtml(javax.servlet.http.HttpServletRequest,javax.servlet.http.HttpServletResponse)
Mapped URL path [/order] onto handler '/order'
Mapped URL path [/webjars/**] onto handler of type [class org.springframework.web.servlet.resource.ResourceHttpRequestHandler]
Mapped URL path [/**] onto handler of type [class org.springframework.web.servlet.resource.ResourceHttpRequestHandler]
Registering beans for JMX exposure on startup
Bean with name 'dataSource' has been autodetected for JMX exposure
Located MBean 'dataSource': registering with JMX server as MBean [com.zaxxer.hikari:name=dataSource,type=HikariDataSource]
Starting ProtocolHandler ["http-nio-8080"]
Using a shared selector for servlet write/read
Tomcat started on port(s): 8080 (http) with context path ''
Started SeckillApplication in 6.525 seconds (JVM running for 7.862)
A cookie header was received [@loginType=cooperation; do1qw@coopType=2; stay_login=0; do1qw@loginUrl=http%3A//localhost%3A8080/wxqyh/oem/bit/login.jsp; do1qw@managerLoginurl=http%3A//localhost%3A8080/wxqyh/oem/bit/login.jsp; do1qw@qwwebLoginurl=http%3A//localhost%3A8080/wxqyh/oem/bit/login.jsp; Hm_lvt_6abcc5eeee320072f7a9ed10e79be5c1=1538987143,1540534736; Hm_lpvt_6abcc5eeee320072f7a9ed10e79be5c1=1540534736] that contained an invalid cookie. That cookie will be ignored.Note: further occurrences of this error will be logged at DEBUG level.
Initializing Spring FrameworkServlet 'dispatcherServlet'
FrameworkServlet 'dispatcherServlet': initialization started
FrameworkServlet 'dispatcherServlet': initialization completed in 22 ms
读取配置文件
Running in ZooKeeper 3.4.x compatibility mode
Starting
Client environment:zookeeper.version=3.4.6-1569965, built on 02/20/2014 09:09 GMT
Client environment:host.name=172.20.8.129
Client environment:java.version=1.8.0_151
Client environment:java.vendor=Oracle Corporation
Client environment:java.home=/Library/Java/JavaVirtualMachines/jdk1.8.0_151.jdk/Contents/Home/jre
Client environment:java.class.path=/Library/Java/JavaVirtualMachines/jdk1.8.0_151.jdk/Contents/Home/jre/lib/charsets.jar:/Library/Java/JavaVirtualMachines/jdk1.8.0_151.jdk/Contents/Home/jre/lib/deploy.jar:/Library/Java/JavaVirtualMachines/jdk1.8.0_151.jdk/Contents/Home/jre/lib/ext/cldrdata.jar:/Library/Java/JavaVirtualMachines/jdk1.8.0_151.jdk/Contents/Home/jre/lib/ext/dnsns.jar:/Library/Java/JavaVirtualMachines/jdk1.8.0_151.jdk/Contents/Home/jre/lib/ext/jaccess.jar:/Library/Java/JavaVirtualMachines/jdk1.8.0_151.jdk/Contents/Home/jre/lib/ext/jfxrt.jar:/Library/Java/JavaVirtualMachines/jdk1.8.0_151.jdk/Contents/Home/jre/lib/ext/localedata.jar:/Library/Java/JavaVirtualMachines/jdk1.8.0_151.jdk/Contents/Home/jre/lib/ext/nashorn.jar:/Library/Java/JavaVirtualMachines/jdk1.8.0_151.jdk/Contents/Home/jre/lib/ext/sunec.jar:/Library/Java/JavaVirtualMachines/jdk1.8.0_151.jdk/Contents/Home/jre/lib/ext/sunjce_provider.jar:/Library/Java/JavaVirtualMachines/jdk1.8.0_151.jdk/Contents/Home/jre/lib/ext/sunpkcs11.jar:/Library/Java/JavaVirtualMachines/jdk1.8.0_151.jdk/Contents/Home/jre/lib/ext/zipfs.jar:/Library/Java/JavaVirtualMachines/jdk1.8.0_151.jdk/Contents/Home/jre/lib/javaws.jar:/Library/Java/JavaVirtualMachines/jdk1.8.0_151.jdk/Contents/Home/jre/lib/jce.jar:/Library/Java/JavaVirtualMachines/jdk1.8.0_151.jdk/Contents/Home/jre/lib/jfr.jar:/Library/Java/JavaVirtualMachines/jdk1.8.0_151.jdk/Contents/Home/jre/lib/jfxswt.jar:/Library/Java/JavaVirtualMachines/jdk1.8.0_151.jdk/Contents/Home/jre/lib/jsse.jar:/Library/Java/JavaVirtualMachines/jdk1.8.0_151.jdk/Contents/Home/jre/lib/management-agent.jar:/Library/Java/JavaVirtualMachines/jdk1.8.0_151.jdk/Contents/Home/jre/lib/plugin.jar:/Library/Java/JavaVirtualMachines/jdk1.8.0_151.jdk/Contents/Home/jre/lib/resources.jar:/Library/Java/JavaVirtualMachines/jdk1.8.0_151.jdk/Contents/Home/jre/lib/rt.jar:/Library/Java/JavaVirtualMachines/jdk1.8.0_151.jdk/Contents/Home/lib/ant-javafx.jar:/Library/Java/JavaVirtualMachines/jdk1.8.0_151.jdk/Contents/Home/lib/dt.jar:/Library/Java/JavaVirtualMachines/jdk1.8.0_151.jdk/Contents/Home/lib/javafx-mx.jar:/Library/Java/JavaVirtualMachines/jdk1.8.0_151.jdk/Contents/Home/lib/jconsole.jar:/Library/Java/JavaVirtualMachines/jdk1.8.0_151.jdk/Contents/Home/lib/packager.jar:/Library/Java/JavaVirtualMachines/jdk1.8.0_151.jdk/Contents/Home/lib/sa-jdi.jar:/Library/Java/JavaVirtualMachines/jdk1.8.0_151.jdk/Contents/Home/lib/tools.jar:/Users/baron/IdeaProjects/seckill/target/classes:/Users/baron/.m2/repository/org/springframework/boot/spring-boot-starter-data-jpa/2.0.5.RELEASE/spring-boot-starter-data-jpa-2.0.5.RELEASE.jar:/Users/baron/.m2/repository/org/springframework/boot/spring-boot-starter/2.0.5.RELEASE/spring-boot-starter-2.0.5.RELEASE.jar:/Users/baron/.m2/repository/org/springframework/boot/spring-boot/2.0.5.RELEASE/spring-boot-2.0.5.RELEASE.jar:/Users/baron/.m2/repository/org/springframework/boot/spring-boot-autoconfigure/2.0.5.RELEASE/spring-boot-autoconfigure-2.0.5.RELEASE.jar:/Users/baron/.m2/repository/org/springframework/boot/spring-boot-starter-logging/2.0.5.RELEASE/spring-boot-starter-logging-2.0.5.RELEASE.jar:/Users/baron/.m2/repository/ch/qos/logback/logback-classic/1.2.3/logback-classic-1.2.3.jar:/Users/baron/.m2/repository/ch/qos/logback/logback-core/1.2.3/logback-core-1.2.3.jar:/Users/baron/.m2/repository/org/apache/logging/log4j/log4j-to-slf4j/2.10.0/log4j-to-slf4j-2.10.0.jar:/Users/baron/.m2/repository/org/apache/logging/log4j/log4j-api/2.10.0/log4j-api-2.10.0.jar:/Users/baron/.m2/repository/org/slf4j/jul-to-slf4j/1.7.25/jul-to-slf4j-1.7.25.jar:/Users/baron/.m2/repository/javax/annotation/javax.annotation-api/1.3.2/javax.annotation-api-1.3.2.jar:/Users/baron/.m2/repository/org/yaml/snakeyaml/1.19/snakeyaml-1.19.jar:/Users/baron/.m2/repository/org/springframework/boot/spring-boot-starter-aop/2.0.5.RELEASE/spring-boot-starter-aop-2.0.5.RELEASE.jar:/Users/baron/.m2/repository/org/springframework/spring-aop/5.0.9.RELEASE/spring-aop-5.0.9.RELEASE.jar:/Users/baron/.m2/repository/org/aspectj/aspectjweaver/1.8.13/aspectjweaver-1.8.13.jar:/Users/baron/.m2/repository/org/springframework/boot/spring-boot-starter-jdbc/2.0.5.RELEASE/spring-boot-starter-jdbc-2.0.5.RELEASE.jar:/Users/baron/.m2/repository/com/zaxxer/HikariCP/2.7.9/HikariCP-2.7.9.jar:/Users/baron/.m2/repository/org/springframework/spring-jdbc/5.0.9.RELEASE/spring-jdbc-5.0.9.RELEASE.jar:/Users/baron/.m2/repository/javax/transaction/javax.transaction-api/1.2/javax.transaction-api-1.2.jar:/Users/baron/.m2/repository/org/hibernate/hibernate-core/5.2.17.Final/hibernate-core-5.2.17.Final.jar:/Users/baron/.m2/repository/org/jboss/logging/jboss-logging/3.3.2.Final/jboss-logging-3.3.2.Final.jar:/Users/baron/.m2/repository/org/hibernate/javax/persistence/hibernate-jpa-2.1-api/1.0.2.Final/hibernate-jpa-2.1-api-1.0.2.Final.jar:/Users/baron/.m2/repository/org/javassist/javassist/3.22.0-GA/javassist-3.22.0-GA.jar:/Users/baron/.m2/repository/antlr/antlr/2.7.7/antlr-2.7.7.jar:/Users/baron/.m2/repository/org/jboss/jandex/2.0.3.Final/jandex-2.0.3.Final.jar:/Users/baron/.m2/repository/com/fasterxml/classmate/1.3.4/classmate-1.3.4.jar:/Users/baron/.m2/repository/dom4j/dom4j/1.6.1/dom4j-1.6.1.jar:/Users/baron/.m2/repository/org/hibernate/common/hibernate-commons-annotations/5.0.1.Final/hibernate-commons-annotations-5.0.1.Final.jar:/Users/baron/.m2/repository/org/springframework/data/spring-data-jpa/2.0.10.RELEASE/spring-data-jpa-2.0.10.RELEASE.jar:/Users/baron/.m2/repository/org/springframework/data/spring-data-commons/2.0.10.RELEASE/spring-data-commons-2.0.10.RELEASE.jar:/Users/baron/.m2/repository/org/springframework/spring-orm/5.0.9.RELEASE/spring-orm-5.0.9.RELEASE.jar:/Users/baron/.m2/repository/org/springframework/spring-context/5.0.9.RELEASE/spring-context-5.0.9.RELEASE.jar:/Users/baron/.m2/repository/org/springframework/spring-tx/5.0.9.RELEASE/spring-tx-5.0.9.RELEASE.jar:/Users/baron/.m2/repository/org/springframework/spring-beans/5.0.9.RELEASE/spring-beans-5.0.9.RELEASE.jar:/Users/baron/.m2/repository/org/springframework/spring-aspects/5.0.9.RELEASE/spring-aspects-5.0.9.RELEASE.jar:/Users/baron/.m2/repository/org/springframework/boot/spring-boot-starter-data-redis/2.0.5.RELEASE/spring-boot-starter-data-redis-2.0.5.RELEASE.jar:/Users/baron/.m2/repository/org/springframework/data/spring-data-redis/2.0.10.RELEASE/spring-data-redis-2.0.10.RELEASE.jar:/Users/baron/.m2/repository/org/springframework/data/spring-data-keyvalue/2.0.10.RELEASE/spring-data-keyvalue-2.0.10.RELEASE.jar:/Users/baron/.m2/repository/org/springframework/spring-oxm/5.0.9.RELEASE/spring-oxm-5.0.9.RELEASE.jar:/Users/baron/.m2/repository/org/springframework/spring-context-support/5.0.9.RELEASE/spring-context-support-5.0.9.RELEASE.jar:/Users/baron/.m2/repository/io/lettuce/lettuce-core/5.0.5.RELEASE/lettuce-core-5.0.5.RELEASE.jar:/Users/baron/.m2/repository/io/projectreactor/reactor-core/3.1.9.RELEASE/reactor-core-3.1.9.RELEASE.jar:/Users/baron/.m2/repository/org/reactivestreams/reactive-streams/1.0.2/reactive-streams-1.0.2.jar:/Users/baron/.m2/repository/io/netty/netty-common/4.1.29.Final/netty-common-4.1.29.Final.jar:/Users/baron/.m2/repository/io/netty/netty-transport/4.1.29.Final/netty-transport-4.1.29.Final.jar:/Users/baron/.m2/repository/io/netty/netty-buffer/4.1.29.Final/netty-buffer-4.1.29.Final.jar:/Users/baron/.m2/repository/io/netty/netty-resolver/4.1.29.Final/netty-resolver-4.1.29.Final.jar:/Users/baron/.m2/repository/io/netty/netty-handler/4.1.29.Final/netty-handler-4.1.29.Final.jar:/Users/baron/.m2/repository/io/netty/netty-codec/4.1.29.Final/netty-codec-4.1.29.Final.jar:/Users/baron/.m2/repository/org/springframework/boot/spring-boot-starter-web/2.0.5.RELEASE/spring-boot-starter-web-2.0.5.RELEASE.jar:/Users/baron/.m2/repository/org/springframework/boot/spring-boot-starter-json/2.0.5.RELEASE/spring-boot-starter-json-2.0.5.RELEASE.jar:/Users/baron/.m2/repository/com/fasterxml/jackson/core/jackson-databind/2.9.6/jackson-databind-2.9.6.jar:/Users/baron/.m2/repository/com/fasterxml/jackson/core/jackson-annotations/2.9.0/jackson-annotations-2.9.0.jar:/Users/baron/.m2/repository/com/fasterxml/jackson/core/jackson-core/2.9.6/jackson-core-2.9.6.jar:/Users/baron/.m2/repository/com/fasterxml/jackson/datatype/jackson-datatype-jdk8/2.9.6/jackson-datatype-jdk8-2.9.6.jar:/Users/baron/.m2/repository/com/fasterxml/jackson/datatype/jackson-datatype-jsr310/2.9.6/jackson-datatype-jsr310-2.9.6.jar:/Users/baron/.m2/repository/com/fasterxml/jackson/module/jackson-module-parameter-names/2.9.6/jackson-module-parameter-names-2.9.6.jar:/Users/baron/.m2/repository/org/springframework/boot/spring-boot-starter-tomcat/2.0.5.RELEASE/spring-boot-starter-tomcat-2.0.5.RELEASE.jar:/Users/baron/.m2/repository/org/apache/tomcat/embed/tomcat-embed-core/8.5.34/tomcat-embed-core-8.5.34.jar:/Users/baron/.m2/repository/org/apache/tomcat/embed/tomcat-embed-el/8.5.34/tomcat-embed-el-8.5.34.jar:/Users/baron/.m2/repository/org/apache/tomcat/embed/tomcat-embed-websocket/8.5.34/tomcat-embed-websocket-8.5.34.jar:/Users/baron/.m2/repository/org/hibernate/validator/hibernate-validator/6.0.12.Final/hibernate-validator-6.0.12.Final.jar:/Users/baron/.m2/repository/javax/validation/validation-api/2.0.1.Final/validation-api-2.0.1.Final.jar:/Users/baron/.m2/repository/org/springframework/spring-web/5.0.9.RELEASE/spring-web-5.0.9.RELEASE.jar:/Users/baron/.m2/repository/org/springframework/spring-webmvc/5.0.9.RELEASE/spring-webmvc-5.0.9.RELEASE.jar:/Users/baron/.m2/repository/org/springframework/spring-expression/5.0.9.RELEASE/spring-expression-5.0.9.RELEASE.jar:/Users/baron/.m2/repository/mysql/mysql-connector-java/5.1.47/mysql-connector-java-5.1.47.jar:/Users/baron/.m2/repository/junit/junit/4.12/junit-4.12.jar:/Users/baron/.m2/repository/org/hamcrest/hamcrest-core/1.3/hamcrest-core-1.3.jar:/Users/baron/.m2/repository/org/springframework/spring-core/5.0.9.RELEASE/spring-core-5.0.9.RELEASE.jar:/Users/baron/.m2/repository/org/springframework/spring-jcl/5.0.9.RELEASE/spring-jcl-5.0.9.RELEASE.jar:/Users/baron/.m2/repository/com/lmax/disruptor/3.4.2/disruptor-3.4.2.jar:/Users/baron/.m2/repository/org/apache/zookeeper/zookeeper/3.4.6/zookeeper-3.4.6.jar:/Users/baron/.m2/repository/org/slf4j/slf4j-api/1.7.25/slf4j-api-1.7.25.jar:/Users/baron/.m2/repository/org/slf4j/slf4j-log4j12/1.7.25/slf4j-log4j12-1.7.25.jar:/Users/baron/.m2/repository/log4j/log4j/1.2.16/log4j-1.2.16.jar:/Users/baron/.m2/repository/jline/jline/0.9.94/jline-0.9.94.jar:/Users/baron/.m2/repository/io/netty/netty/3.7.0.Final/netty-3.7.0.Final.jar:/Users/baron/.m2/repository/org/apache/commons/commons-lang3/3.7/commons-lang3-3.7.jar:/Users/baron/.m2/repository/org/apache/curator/curator-recipes/4.0.1/curator-recipes-4.0.1.jar:/Users/baron/.m2/repository/org/apache/curator/curator-framework/4.0.1/curator-framework-4.0.1.jar:/Users/baron/.m2/repository/org/apache/curator/curator-client/4.0.1/curator-client-4.0.1.jar:/Users/baron/.m2/repository/com/google/guava/guava/20.0/guava-20.0.jar:/Applications/IntelliJ IDEA.app/Contents/lib/idea_rt.jar:/Users/baron/Library/Caches/IntelliJIdea2017.3/captureAgent/debugger-agent.jar
Client environment:java.library.path=/Users/baron/Library/Java/Extensions:/Library/Java/Extensions:/Network/Library/Java/Extensions:/System/Library/Java/Extensions:/usr/lib/java:.
Client environment:java.io.tmpdir=/var/folders/tm/n99qy51n5kvc3rz30bs90fbm0000gp/T/
Client environment:java.compiler=<NA>
Client environment:os.name=Mac OS X
Client environment:os.arch=x86_64
Client environment:os.version=10.13.3
Client environment:user.name=baron
Client environment:user.home=/Users/baron
Client environment:user.dir=/Users/baron/IdeaProjects/seckill
Initiating client connection, connectString=localhost sessionTimeout=60000 watcher=org.apache.curator.ConnectionState@62c3fefe
Opening socket connection to server localhost/0:0:0:0:0:0:0:1:2181. Will not attempt to authenticate using SASL (unknown error)
Default schema
Socket connection established to localhost/0:0:0:0:0:0:0:1:2181, initiating session
Session establishment complete on server localhost/0:0:0:0:0:0:0:1:2181, sessionid = 0x10047d617d70006, negotiated timeout = 40000
State change: CONNECTED
No1尝试获取锁
No2尝试获取锁
No3尝试获取锁
No4尝试获取锁
No5尝试获取锁
No6尝试获取锁
No7尝试获取锁
T1尝试获取锁
T2尝试获取锁
T3尝试获取锁
TT1尝试获取锁
TT3尝试获取锁
TT2尝试获取锁
/te/te : TT1 获取锁， 睡眠2000ms
/test : No2 获取锁， 睡眠2000ms
/te : T2 获取锁， 睡眠2000ms
/te/te : TT1  解除锁
/te : T2  解除锁
/test : No2  解除锁
/test : No4 获取锁， 睡眠2000ms
/te/te : TT3 获取锁， 睡眠2000ms
/te : T3 获取锁， 睡眠2000ms
/te/te : TT3  解除锁
/test : No4  解除锁
/te : T3  解除锁
/te/te : TT2 获取锁， 睡眠2000ms
/test : No3 获取锁， 睡眠2000ms
/te : T1 获取锁， 睡眠2000ms
/te/te : TT2  解除锁
/te : T1  解除锁
/test : No3  解除锁
/test : No7 获取锁， 睡眠2000ms
/test : No7  解除锁
/test : No5 获取锁， 睡眠2000ms
/test : No5  解除锁
/test : No6 获取锁， 睡眠2000ms
/test : No6  解除锁
/test : No1 获取锁， 睡眠2000ms
/test : No1  解除锁
Closing org.springframework.boot.web.servlet.context.AnnotationConfigServletWebServerApplicationContext@5443d039: startup date [Thu Nov 01 09:36:10 CST 2018]; root of context hierarchy
Unregistering JMX-exposed beans on shutdown
Unregistering JMX-exposed beans
Closing JPA EntityManagerFactory for persistence unit 'default'
HikariPool-1 - Shutdown initiated...
HikariPool-1 - Shutdown completed.
Starting SeckillApplication on baron.local with PID 93453 (/Users/baron/IdeaProjects/seckill/target/classes started by baron in /Users/baron/IdeaProjects/seckill)
No active profile set, falling back to default profiles: default
Refreshing org.springframework.boot.web.servlet.context.AnnotationConfigServletWebServerApplicationContext@8ad6665: startup date [Thu Nov 01 09:36:58 CST 2018]; root of context hierarchy
Multiple Spring Data modules found, entering strict repository configuration mode!
Multiple Spring Data modules found, entering strict repository configuration mode!
Spring Data Redis - Could not safely identify store assignment for repository candidate interface com.monitoring.seckill.Dao.GoodDao.
Spring Data Redis - Could not safely identify store assignment for repository candidate interface com.monitoring.seckill.Dao.OrderDao.
Spring Data Redis - Could not safely identify store assignment for repository candidate interface com.monitoring.seckill.Dao.UserDao.
Bean 'org.springframework.transaction.annotation.ProxyTransactionManagementConfiguration' of type [org.springframework.transaction.annotation.ProxyTransactionManagementConfiguration$$EnhancerBySpringCGLIB$$387f79de] is not eligible for getting processed by all BeanPostProcessors (for example: not eligible for auto-proxying)
Tomcat initialized with port(s): 8080 (http)
Initializing ProtocolHandler ["http-nio-8080"]
Starting service [Tomcat]
Starting Servlet Engine: Apache Tomcat/8.5.34
The APR based Apache Tomcat Native library which allows optimal performance in production environments was not found on the java.library.path: [/Users/baron/Library/Java/Extensions:/Library/Java/Extensions:/Network/Library/Java/Extensions:/System/Library/Java/Extensions:/usr/lib/java:.]
Initializing Spring embedded WebApplicationContext
Root WebApplicationContext: initialization completed in 2517 ms
Servlet dispatcherServlet mapped to [/]
Mapping filter: 'characterEncodingFilter' to: [/*]
Mapping filter: 'hiddenHttpMethodFilter' to: [/*]
Mapping filter: 'httpPutFormContentFilter' to: [/*]
Mapping filter: 'requestContextFilter' to: [/*]
HikariPool-1 - Starting...
HikariPool-1 - Start completed.
Building JPA container EntityManagerFactory for persistence unit 'default'
HHH000204: Processing PersistenceUnitInfo [
	name: default
	...]
HHH000412: Hibernate Core {5.2.17.Final}
HHH000206: hibernate.properties not found
HCANN000001: Hibernate Commons Annotations {5.0.1.Final}
HHH000400: Using dialect: org.hibernate.dialect.MySQL5Dialect
Initialized JPA EntityManagerFactory for persistence unit 'default'
Mapped URL path [/**/favicon.ico] onto handler of type [class org.springframework.web.servlet.resource.ResourceHttpRequestHandler]
Looking for @ControllerAdvice: org.springframework.boot.web.servlet.context.AnnotationConfigServletWebServerApplicationContext@8ad6665: startup date [Thu Nov 01 09:36:58 CST 2018]; root of context hierarchy
spring.jpa.open-in-view is enabled by default. Therefore, database queries may be performed during view rendering. Explicitly configure spring.jpa.open-in-view to disable this warning
Mapped "{[/good/checkGoodAll]}" onto public com.monitoring.seckill.Entity.Result com.monitoring.seckill.Controller.GoodCtl.checkGoodsAll()
Mapped "{[/good/createGood]}" onto public com.monitoring.seckill.Entity.Result com.monitoring.seckill.Controller.GoodCtl.createGood(com.monitoring.seckill.Entity.MonGood)
Mapped "{[/user/test]}" onto public com.monitoring.seckill.Entity.Result com.monitoring.seckill.Controller.LoginCtl.test() throws java.io.IOException
Mapped "{[/user/login]}" onto public com.monitoring.seckill.Entity.Result com.monitoring.seckill.Controller.LoginCtl.login(com.monitoring.seckill.Entity.MonUser,javax.servlet.http.HttpServletRequest)
Mapped "{[/play.do]}" onto public com.monitoring.seckill.Entity.Result com.monitoring.seckill.Controller.OrderCtl.playOrder(java.lang.String,javax.servlet.http.HttpServletRequest)
Mapped "{[/createOrder.do]}" onto public com.monitoring.seckill.Entity.Result com.monitoring.seckill.Controller.OrderCtl.createOrder(java.lang.String,javax.servlet.http.HttpServletRequest)
Mapped "{[/error]}" onto public org.springframework.http.ResponseEntity<java.util.Map<java.lang.String, java.lang.Object>> org.springframework.boot.autoconfigure.web.servlet.error.BasicErrorController.error(javax.servlet.http.HttpServletRequest)
Mapped "{[/error],produces=[text/html]}" onto public org.springframework.web.servlet.ModelAndView org.springframework.boot.autoconfigure.web.servlet.error.BasicErrorController.errorHtml(javax.servlet.http.HttpServletRequest,javax.servlet.http.HttpServletResponse)
Mapped URL path [/order] onto handler '/order'
Mapped URL path [/webjars/**] onto handler of type [class org.springframework.web.servlet.resource.ResourceHttpRequestHandler]
Mapped URL path [/**] onto handler of type [class org.springframework.web.servlet.resource.ResourceHttpRequestHandler]
Registering beans for JMX exposure on startup
Bean with name 'dataSource' has been autodetected for JMX exposure
Located MBean 'dataSource': registering with JMX server as MBean [com.zaxxer.hikari:name=dataSource,type=HikariDataSource]
Starting ProtocolHandler ["http-nio-8080"]
Using a shared selector for servlet write/read
Tomcat started on port(s): 8080 (http) with context path ''
Started SeckillApplication in 6.902 seconds (JVM running for 8.284)
A cookie header was received [@loginType=cooperation; do1qw@coopType=2; stay_login=0; do1qw@loginUrl=http%3A//localhost%3A8080/wxqyh/oem/bit/login.jsp; do1qw@managerLoginurl=http%3A//localhost%3A8080/wxqyh/oem/bit/login.jsp; do1qw@qwwebLoginurl=http%3A//localhost%3A8080/wxqyh/oem/bit/login.jsp; Hm_lvt_6abcc5eeee320072f7a9ed10e79be5c1=1538987143,1540534736; Hm_lpvt_6abcc5eeee320072f7a9ed10e79be5c1=1540534736] that contained an invalid cookie. That cookie will be ignored.Note: further occurrences of this error will be logged at DEBUG level.
Initializing Spring FrameworkServlet 'dispatcherServlet'
FrameworkServlet 'dispatcherServlet': initialization started
FrameworkServlet 'dispatcherServlet': initialization completed in 29 ms
读取配置文件
Running in ZooKeeper 3.4.x compatibility mode
Starting
Client environment:zookeeper.version=3.4.6-1569965, built on 02/20/2014 09:09 GMT
Client environment:host.name=10.10.1.8
Client environment:java.version=1.8.0_151
Client environment:java.vendor=Oracle Corporation
Client environment:java.home=/Library/Java/JavaVirtualMachines/jdk1.8.0_151.jdk/Contents/Home/jre
Client environment:java.class.path=/Library/Java/JavaVirtualMachines/jdk1.8.0_151.jdk/Contents/Home/jre/lib/charsets.jar:/Library/Java/JavaVirtualMachines/jdk1.8.0_151.jdk/Contents/Home/jre/lib/deploy.jar:/Library/Java/JavaVirtualMachines/jdk1.8.0_151.jdk/Contents/Home/jre/lib/ext/cldrdata.jar:/Library/Java/JavaVirtualMachines/jdk1.8.0_151.jdk/Contents/Home/jre/lib/ext/dnsns.jar:/Library/Java/JavaVirtualMachines/jdk1.8.0_151.jdk/Contents/Home/jre/lib/ext/jaccess.jar:/Library/Java/JavaVirtualMachines/jdk1.8.0_151.jdk/Contents/Home/jre/lib/ext/jfxrt.jar:/Library/Java/JavaVirtualMachines/jdk1.8.0_151.jdk/Contents/Home/jre/lib/ext/localedata.jar:/Library/Java/JavaVirtualMachines/jdk1.8.0_151.jdk/Contents/Home/jre/lib/ext/nashorn.jar:/Library/Java/JavaVirtualMachines/jdk1.8.0_151.jdk/Contents/Home/jre/lib/ext/sunec.jar:/Library/Java/JavaVirtualMachines/jdk1.8.0_151.jdk/Contents/Home/jre/lib/ext/sunjce_provider.jar:/Library/Java/JavaVirtualMachines/jdk1.8.0_151.jdk/Contents/Home/jre/lib/ext/sunpkcs11.jar:/Library/Java/JavaVirtualMachines/jdk1.8.0_151.jdk/Contents/Home/jre/lib/ext/zipfs.jar:/Library/Java/JavaVirtualMachines/jdk1.8.0_151.jdk/Contents/Home/jre/lib/javaws.jar:/Library/Java/JavaVirtualMachines/jdk1.8.0_151.jdk/Contents/Home/jre/lib/jce.jar:/Library/Java/JavaVirtualMachines/jdk1.8.0_151.jdk/Contents/Home/jre/lib/jfr.jar:/Library/Java/JavaVirtualMachines/jdk1.8.0_151.jdk/Contents/Home/jre/lib/jfxswt.jar:/Library/Java/JavaVirtualMachines/jdk1.8.0_151.jdk/Contents/Home/jre/lib/jsse.jar:/Library/Java/JavaVirtualMachines/jdk1.8.0_151.jdk/Contents/Home/jre/lib/management-agent.jar:/Library/Java/JavaVirtualMachines/jdk1.8.0_151.jdk/Contents/Home/jre/lib/plugin.jar:/Library/Java/JavaVirtualMachines/jdk1.8.0_151.jdk/Contents/Home/jre/lib/resources.jar:/Library/Java/JavaVirtualMachines/jdk1.8.0_151.jdk/Contents/Home/jre/lib/rt.jar:/Library/Java/JavaVirtualMachines/jdk1.8.0_151.jdk/Contents/Home/lib/ant-javafx.jar:/Library/Java/JavaVirtualMachines/jdk1.8.0_151.jdk/Contents/Home/lib/dt.jar:/Library/Java/JavaVirtualMachines/jdk1.8.0_151.jdk/Contents/Home/lib/javafx-mx.jar:/Library/Java/JavaVirtualMachines/jdk1.8.0_151.jdk/Contents/Home/lib/jconsole.jar:/Library/Java/JavaVirtualMachines/jdk1.8.0_151.jdk/Contents/Home/lib/packager.jar:/Library/Java/JavaVirtualMachines/jdk1.8.0_151.jdk/Contents/Home/lib/sa-jdi.jar:/Library/Java/JavaVirtualMachines/jdk1.8.0_151.jdk/Contents/Home/lib/tools.jar:/Users/baron/IdeaProjects/seckill/target/classes:/Users/baron/.m2/repository/org/springframework/boot/spring-boot-starter-data-jpa/2.0.5.RELEASE/spring-boot-starter-data-jpa-2.0.5.RELEASE.jar:/Users/baron/.m2/repository/org/springframework/boot/spring-boot-starter/2.0.5.RELEASE/spring-boot-starter-2.0.5.RELEASE.jar:/Users/baron/.m2/repository/org/springframework/boot/spring-boot/2.0.5.RELEASE/spring-boot-2.0.5.RELEASE.jar:/Users/baron/.m2/repository/org/springframework/boot/spring-boot-autoconfigure/2.0.5.RELEASE/spring-boot-autoconfigure-2.0.5.RELEASE.jar:/Users/baron/.m2/repository/org/springframework/boot/spring-boot-starter-logging/2.0.5.RELEASE/spring-boot-starter-logging-2.0.5.RELEASE.jar:/Users/baron/.m2/repository/ch/qos/logback/logback-classic/1.2.3/logback-classic-1.2.3.jar:/Users/baron/.m2/repository/ch/qos/logback/logback-core/1.2.3/logback-core-1.2.3.jar:/Users/baron/.m2/repository/org/apache/logging/log4j/log4j-to-slf4j/2.10.0/log4j-to-slf4j-2.10.0.jar:/Users/baron/.m2/repository/org/apache/logging/log4j/log4j-api/2.10.0/log4j-api-2.10.0.jar:/Users/baron/.m2/repository/org/slf4j/jul-to-slf4j/1.7.25/jul-to-slf4j-1.7.25.jar:/Users/baron/.m2/repository/javax/annotation/javax.annotation-api/1.3.2/javax.annotation-api-1.3.2.jar:/Users/baron/.m2/repository/org/yaml/snakeyaml/1.19/snakeyaml-1.19.jar:/Users/baron/.m2/repository/org/springframework/boot/spring-boot-starter-aop/2.0.5.RELEASE/spring-boot-starter-aop-2.0.5.RELEASE.jar:/Users/baron/.m2/repository/org/springframework/spring-aop/5.0.9.RELEASE/spring-aop-5.0.9.RELEASE.jar:/Users/baron/.m2/repository/org/aspectj/aspectjweaver/1.8.13/aspectjweaver-1.8.13.jar:/Users/baron/.m2/repository/org/springframework/boot/spring-boot-starter-jdbc/2.0.5.RELEASE/spring-boot-starter-jdbc-2.0.5.RELEASE.jar:/Users/baron/.m2/repository/com/zaxxer/HikariCP/2.7.9/HikariCP-2.7.9.jar:/Users/baron/.m2/repository/org/springframework/spring-jdbc/5.0.9.RELEASE/spring-jdbc-5.0.9.RELEASE.jar:/Users/baron/.m2/repository/javax/transaction/javax.transaction-api/1.2/javax.transaction-api-1.2.jar:/Users/baron/.m2/repository/org/hibernate/hibernate-core/5.2.17.Final/hibernate-core-5.2.17.Final.jar:/Users/baron/.m2/repository/org/jboss/logging/jboss-logging/3.3.2.Final/jboss-logging-3.3.2.Final.jar:/Users/baron/.m2/repository/org/hibernate/javax/persistence/hibernate-jpa-2.1-api/1.0.2.Final/hibernate-jpa-2.1-api-1.0.2.Final.jar:/Users/baron/.m2/repository/org/javassist/javassist/3.22.0-GA/javassist-3.22.0-GA.jar:/Users/baron/.m2/repository/antlr/antlr/2.7.7/antlr-2.7.7.jar:/Users/baron/.m2/repository/org/jboss/jandex/2.0.3.Final/jandex-2.0.3.Final.jar:/Users/baron/.m2/repository/com/fasterxml/classmate/1.3.4/classmate-1.3.4.jar:/Users/baron/.m2/repository/dom4j/dom4j/1.6.1/dom4j-1.6.1.jar:/Users/baron/.m2/repository/org/hibernate/common/hibernate-commons-annotations/5.0.1.Final/hibernate-commons-annotations-5.0.1.Final.jar:/Users/baron/.m2/repository/org/springframework/data/spring-data-jpa/2.0.10.RELEASE/spring-data-jpa-2.0.10.RELEASE.jar:/Users/baron/.m2/repository/org/springframework/data/spring-data-commons/2.0.10.RELEASE/spring-data-commons-2.0.10.RELEASE.jar:/Users/baron/.m2/repository/org/springframework/spring-orm/5.0.9.RELEASE/spring-orm-5.0.9.RELEASE.jar:/Users/baron/.m2/repository/org/springframework/spring-context/5.0.9.RELEASE/spring-context-5.0.9.RELEASE.jar:/Users/baron/.m2/repository/org/springframework/spring-tx/5.0.9.RELEASE/spring-tx-5.0.9.RELEASE.jar:/Users/baron/.m2/repository/org/springframework/spring-beans/5.0.9.RELEASE/spring-beans-5.0.9.RELEASE.jar:/Users/baron/.m2/repository/org/springframework/spring-aspects/5.0.9.RELEASE/spring-aspects-5.0.9.RELEASE.jar:/Users/baron/.m2/repository/org/springframework/boot/spring-boot-starter-data-redis/2.0.5.RELEASE/spring-boot-starter-data-redis-2.0.5.RELEASE.jar:/Users/baron/.m2/repository/org/springframework/data/spring-data-redis/2.0.10.RELEASE/spring-data-redis-2.0.10.RELEASE.jar:/Users/baron/.m2/repository/org/springframework/data/spring-data-keyvalue/2.0.10.RELEASE/spring-data-keyvalue-2.0.10.RELEASE.jar:/Users/baron/.m2/repository/org/springframework/spring-oxm/5.0.9.RELEASE/spring-oxm-5.0.9.RELEASE.jar:/Users/baron/.m2/repository/org/springframework/spring-context-support/5.0.9.RELEASE/spring-context-support-5.0.9.RELEASE.jar:/Users/baron/.m2/repository/io/lettuce/lettuce-core/5.0.5.RELEASE/lettuce-core-5.0.5.RELEASE.jar:/Users/baron/.m2/repository/io/projectreactor/reactor-core/3.1.9.RELEASE/reactor-core-3.1.9.RELEASE.jar:/Users/baron/.m2/repository/org/reactivestreams/reactive-streams/1.0.2/reactive-streams-1.0.2.jar:/Users/baron/.m2/repository/io/netty/netty-common/4.1.29.Final/netty-common-4.1.29.Final.jar:/Users/baron/.m2/repository/io/netty/netty-transport/4.1.29.Final/netty-transport-4.1.29.Final.jar:/Users/baron/.m2/repository/io/netty/netty-buffer/4.1.29.Final/netty-buffer-4.1.29.Final.jar:/Users/baron/.m2/repository/io/netty/netty-resolver/4.1.29.Final/netty-resolver-4.1.29.Final.jar:/Users/baron/.m2/repository/io/netty/netty-handler/4.1.29.Final/netty-handler-4.1.29.Final.jar:/Users/baron/.m2/repository/io/netty/netty-codec/4.1.29.Final/netty-codec-4.1.29.Final.jar:/Users/baron/.m2/repository/org/springframework/boot/spring-boot-starter-web/2.0.5.RELEASE/spring-boot-starter-web-2.0.5.RELEASE.jar:/Users/baron/.m2/repository/org/springframework/boot/spring-boot-starter-json/2.0.5.RELEASE/spring-boot-starter-json-2.0.5.RELEASE.jar:/Users/baron/.m2/repository/com/fasterxml/jackson/core/jackson-databind/2.9.6/jackson-databind-2.9.6.jar:/Users/baron/.m2/repository/com/fasterxml/jackson/core/jackson-annotations/2.9.0/jackson-annotations-2.9.0.jar:/Users/baron/.m2/repository/com/fasterxml/jackson/core/jackson-core/2.9.6/jackson-core-2.9.6.jar:/Users/baron/.m2/repository/com/fasterxml/jackson/datatype/jackson-datatype-jdk8/2.9.6/jackson-datatype-jdk8-2.9.6.jar:/Users/baron/.m2/repository/com/fasterxml/jackson/datatype/jackson-datatype-jsr310/2.9.6/jackson-datatype-jsr310-2.9.6.jar:/Users/baron/.m2/repository/com/fasterxml/jackson/module/jackson-module-parameter-names/2.9.6/jackson-module-parameter-names-2.9.6.jar:/Users/baron/.m2/repository/org/springframework/boot/spring-boot-starter-tomcat/2.0.5.RELEASE/spring-boot-starter-tomcat-2.0.5.RELEASE.jar:/Users/baron/.m2/repository/org/apache/tomcat/embed/tomcat-embed-core/8.5.34/tomcat-embed-core-8.5.34.jar:/Users/baron/.m2/repository/org/apache/tomcat/embed/tomcat-embed-el/8.5.34/tomcat-embed-el-8.5.34.jar:/Users/baron/.m2/repository/org/apache/tomcat/embed/tomcat-embed-websocket/8.5.34/tomcat-embed-websocket-8.5.34.jar:/Users/baron/.m2/repository/org/hibernate/validator/hibernate-validator/6.0.12.Final/hibernate-validator-6.0.12.Final.jar:/Users/baron/.m2/repository/javax/validation/validation-api/2.0.1.Final/validation-api-2.0.1.Final.jar:/Users/baron/.m2/repository/org/springframework/spring-web/5.0.9.RELEASE/spring-web-5.0.9.RELEASE.jar:/Users/baron/.m2/repository/org/springframework/spring-webmvc/5.0.9.RELEASE/spring-webmvc-5.0.9.RELEASE.jar:/Users/baron/.m2/repository/org/springframework/spring-expression/5.0.9.RELEASE/spring-expression-5.0.9.RELEASE.jar:/Users/baron/.m2/repository/mysql/mysql-connector-java/5.1.47/mysql-connector-java-5.1.47.jar:/Users/baron/.m2/repository/junit/junit/4.12/junit-4.12.jar:/Users/baron/.m2/repository/org/hamcrest/hamcrest-core/1.3/hamcrest-core-1.3.jar:/Users/baron/.m2/repository/org/springframework/spring-core/5.0.9.RELEASE/spring-core-5.0.9.RELEASE.jar:/Users/baron/.m2/repository/org/springframework/spring-jcl/5.0.9.RELEASE/spring-jcl-5.0.9.RELEASE.jar:/Users/baron/.m2/repository/com/lmax/disruptor/3.4.2/disruptor-3.4.2.jar:/Users/baron/.m2/repository/org/apache/zookeeper/zookeeper/3.4.6/zookeeper-3.4.6.jar:/Users/baron/.m2/repository/org/slf4j/slf4j-api/1.7.25/slf4j-api-1.7.25.jar:/Users/baron/.m2/repository/org/slf4j/slf4j-log4j12/1.7.25/slf4j-log4j12-1.7.25.jar:/Users/baron/.m2/repository/log4j/log4j/1.2.16/log4j-1.2.16.jar:/Users/baron/.m2/repository/jline/jline/0.9.94/jline-0.9.94.jar:/Users/baron/.m2/repository/io/netty/netty/3.7.0.Final/netty-3.7.0.Final.jar:/Users/baron/.m2/repository/org/apache/commons/commons-lang3/3.7/commons-lang3-3.7.jar:/Users/baron/.m2/repository/org/apache/curator/curator-recipes/4.0.1/curator-recipes-4.0.1.jar:/Users/baron/.m2/repository/org/apache/curator/curator-framework/4.0.1/curator-framework-4.0.1.jar:/Users/baron/.m2/repository/org/apache/curator/curator-client/4.0.1/curator-client-4.0.1.jar:/Users/baron/.m2/repository/com/google/guava/guava/20.0/guava-20.0.jar:/Applications/IntelliJ IDEA.app/Contents/lib/idea_rt.jar:/Users/baron/Library/Caches/IntelliJIdea2017.3/captureAgent/debugger-agent.jar
Client environment:java.library.path=/Users/baron/Library/Java/Extensions:/Library/Java/Extensions:/Network/Library/Java/Extensions:/System/Library/Java/Extensions:/usr/lib/java:.
Client environment:java.io.tmpdir=/var/folders/tm/n99qy51n5kvc3rz30bs90fbm0000gp/T/
Client environment:java.compiler=<NA>
Client environment:os.name=Mac OS X
Client environment:os.arch=x86_64
Client environment:os.version=10.13.3
Client environment:user.name=baron
Client environment:user.home=/Users/baron
Client environment:user.dir=/Users/baron/IdeaProjects/seckill
Initiating client connection, connectString=localhost sessionTimeout=60000 watcher=org.apache.curator.ConnectionState@2534d4e2
Opening socket connection to server localhost/0:0:0:0:0:0:0:1:2181. Will not attempt to authenticate using SASL (unknown error)
Socket connection established to localhost/0:0:0:0:0:0:0:1:2181, initiating session
Default schema
Session establishment complete on server localhost/0:0:0:0:0:0:0:1:2181, sessionid = 0x10047d617d70007, negotiated timeout = 40000
State change: CONNECTED
No1尝试获取锁
No2尝试获取锁
No3尝试获取锁
No4尝试获取锁
No5尝试获取锁
No6尝试获取锁
No7尝试获取锁
T2尝试获取锁
T1尝试获取锁
TT2尝试获取锁
T3尝试获取锁
TT3尝试获取锁
TT1尝试获取锁
/te/te : TT1 获取锁， 睡眠2000ms
/test : No1 获取锁， 睡眠2000ms
/te : T3 获取锁， 睡眠2000ms
/te/te : TT1  解除锁
/te : T3  解除锁
/test : No1  解除锁
/te : T2 获取锁， 睡眠2000ms
/test : No6 获取锁， 睡眠2000ms
/te/te : TT3 获取锁， 睡眠2000ms
/te : T2  解除锁
/te/te : TT3  解除锁
/test : No6  解除锁
/te : T1 获取锁， 睡眠2000ms
/test : No2 获取锁， 睡眠2000ms
/te/te : TT2 获取锁， 睡眠2000ms
/test : No2  解除锁
/te : T1  解除锁
/te/te : TT2  解除锁
/test : No7 获取锁， 睡眠2000ms
/test : No7  解除锁
/test : No4 获取锁， 睡眠2000ms
/test : No4  解除锁
/test : No5 获取锁， 睡眠2000ms
/test : No5  解除锁
/test : No3 获取锁， 睡眠2000ms
/test : No3  解除锁
Closing org.springframework.boot.web.servlet.context.AnnotationConfigServletWebServerApplicationContext@8ad6665: startup date [Thu Nov 01 09:36:58 CST 2018]; root of context hierarchy
Unregistering JMX-exposed beans on shutdown
Unregistering JMX-exposed beans
Closing JPA EntityManagerFactory for persistence unit 'default'
HikariPool-1 - Shutdown initiated...
HikariPool-1 - Shutdown completed.
