Starting ESConfigTest on baron.local with PID 38339 (started by baron in /Users/baron/GitHub/TK/tk/tk-server)
No active profile set, falling back to default profiles: default
Multiple Spring Data modules found, entering strict repository configuration mode!
Bootstrapping Spring Data repositories in DEFAULT mode.
Finished Spring Data repository scanning in 89ms. Found 0 repository interfaces.
Initializing ExecutorService 'applicationTaskExecutor'
Started ESConfigTest in 10.681 seconds (JVM running for 16.019)
开始启动netty服务器，端口：9999
阻塞获取超时的客户端
netty服务器启动完成
no modules loaded
loaded plugin [org.elasticsearch.index.reindex.ReindexPlugin]
loaded plugin [org.elasticsearch.join.ParentJoinPlugin]
loaded plugin [org.elasticsearch.percolator.PercolatorPlugin]
loaded plugin [org.elasticsearch.script.mustache.MustachePlugin]
loaded plugin [org.elasticsearch.transport.Netty4Plugin]
Shutting down ExecutorService 'applicationTaskExecutor'
Starting ESConfigTest on baron.local with PID 38421 (started by baron in /Users/baron/GitHub/TK/tk/tk-server)
No active profile set, falling back to default profiles: default
Multiple Spring Data modules found, entering strict repository configuration mode!
Bootstrapping Spring Data repositories in DEFAULT mode.
Finished Spring Data repository scanning in 90ms. Found 0 repository interfaces.
Initializing ExecutorService 'applicationTaskExecutor'
Started ESConfigTest in 9.599 seconds (JVM running for 13.178)
开始启动netty服务器，端口：9999
阻塞获取超时的客户端
netty服务器启动完成
no modules loaded
loaded plugin [org.elasticsearch.index.reindex.ReindexPlugin]
loaded plugin [org.elasticsearch.join.ParentJoinPlugin]
loaded plugin [org.elasticsearch.percolator.PercolatorPlugin]
loaded plugin [org.elasticsearch.script.mustache.MustachePlugin]
loaded plugin [org.elasticsearch.transport.Netty4Plugin]
Shutting down ExecutorService 'applicationTaskExecutor'
Starting ESConfigTest on baron.local with PID 38453 (started by baron in /Users/baron/GitHub/TK/tk/tk-server)
No active profile set, falling back to default profiles: default
Multiple Spring Data modules found, entering strict repository configuration mode!
Bootstrapping Spring Data repositories in DEFAULT mode.
Finished Spring Data repository scanning in 76ms. Found 0 repository interfaces.
Initializing ExecutorService 'applicationTaskExecutor'
Started ESConfigTest in 10.308 seconds (JVM running for 13.8)
开始启动netty服务器，端口：9999
阻塞获取超时的客户端
netty服务器启动完成
no modules loaded
loaded plugin [org.elasticsearch.index.reindex.ReindexPlugin]
loaded plugin [org.elasticsearch.join.ParentJoinPlugin]
loaded plugin [org.elasticsearch.percolator.PercolatorPlugin]
loaded plugin [org.elasticsearch.script.mustache.MustachePlugin]
loaded plugin [org.elasticsearch.transport.Netty4Plugin]
Shutting down ExecutorService 'applicationTaskExecutor'
Starting ESConfigTest on baron.local with PID 38471 (started by baron in /Users/baron/GitHub/TK/tk/tk-server)
No active profile set, falling back to default profiles: default
Starting ESConfigTest on baron.local with PID 38484 (started by baron in /Users/baron/GitHub/TK/tk/tk-server)
No active profile set, falling back to default profiles: default
Multiple Spring Data modules found, entering strict repository configuration mode!
Bootstrapping Spring Data repositories in DEFAULT mode.
Finished Spring Data repository scanning in 61ms. Found 0 repository interfaces.
Initializing ExecutorService 'applicationTaskExecutor'
Started ESConfigTest in 6.439 seconds (JVM running for 8.652)
开始启动netty服务器，端口：9999
阻塞获取超时的客户端
netty服务器启动完成
no modules loaded
loaded plugin [org.elasticsearch.index.reindex.ReindexPlugin]
loaded plugin [org.elasticsearch.join.ParentJoinPlugin]
loaded plugin [org.elasticsearch.percolator.PercolatorPlugin]
loaded plugin [org.elasticsearch.script.mustache.MustachePlugin]
loaded plugin [org.elasticsearch.transport.Netty4Plugin]
Shutting down ExecutorService 'applicationTaskExecutor'
Starting ESConfigTest on baron.local with PID 38544 (started by baron in /Users/baron/GitHub/TK/tk/tk-server)
No active profile set, falling back to default profiles: default
Multiple Spring Data modules found, entering strict repository configuration mode!
Bootstrapping Spring Data repositories in DEFAULT mode.
Finished Spring Data repository scanning in 126ms. Found 0 repository interfaces.
Initializing ExecutorService 'applicationTaskExecutor'
Started ESConfigTest in 13.325 seconds (JVM running for 17.488)
开始启动netty服务器，端口：9999
阻塞获取超时的客户端
netty服务器启动完成
no modules loaded
loaded plugin [org.elasticsearch.index.reindex.ReindexPlugin]
loaded plugin [org.elasticsearch.join.ParentJoinPlugin]
loaded plugin [org.elasticsearch.percolator.PercolatorPlugin]
loaded plugin [org.elasticsearch.script.mustache.MustachePlugin]
loaded plugin [org.elasticsearch.transport.Netty4Plugin]
Shutting down ExecutorService 'applicationTaskExecutor'
Starting ESConfigTest on baron.local with PID 38779 (started by baron in /Users/baron/GitHub/TK/tk/tk-server)
No active profile set, falling back to default profiles: default
Multiple Spring Data modules found, entering strict repository configuration mode!
Bootstrapping Spring Data repositories in DEFAULT mode.
Finished Spring Data repository scanning in 91ms. Found 0 repository interfaces.
Initializing ExecutorService 'applicationTaskExecutor'
Started ESConfigTest in 8.041 seconds (JVM running for 10.472)
开始启动netty服务器，端口：9999
阻塞获取超时的客户端
netty服务器启动完成
no modules loaded
loaded plugin [org.elasticsearch.index.reindex.ReindexPlugin]
loaded plugin [org.elasticsearch.join.ParentJoinPlugin]
loaded plugin [org.elasticsearch.percolator.PercolatorPlugin]
loaded plugin [org.elasticsearch.script.mustache.MustachePlugin]
loaded plugin [org.elasticsearch.transport.Netty4Plugin]
Shutting down ExecutorService 'applicationTaskExecutor'
Starting ESConfigTest on baron.local with PID 38792 (started by baron in /Users/baron/GitHub/TK/tk/tk-server)
No active profile set, falling back to default profiles: default
Multiple Spring Data modules found, entering strict repository configuration mode!
Bootstrapping Spring Data repositories in DEFAULT mode.
Finished Spring Data repository scanning in 57ms. Found 0 repository interfaces.
Initializing ExecutorService 'applicationTaskExecutor'
Started ESConfigTest in 7.712 seconds (JVM running for 10.245)
开始启动netty服务器，端口：9999
阻塞获取超时的客户端
netty服务器启动完成
no modules loaded
loaded plugin [org.elasticsearch.index.reindex.ReindexPlugin]
loaded plugin [org.elasticsearch.join.ParentJoinPlugin]
loaded plugin [org.elasticsearch.percolator.PercolatorPlugin]
loaded plugin [org.elasticsearch.script.mustache.MustachePlugin]
loaded plugin [org.elasticsearch.transport.Netty4Plugin]
Shutting down ExecutorService 'applicationTaskExecutor'
Starting ESConfigTest on baron.local with PID 38803 (started by baron in /Users/baron/GitHub/TK/tk/tk-server)
No active profile set, falling back to default profiles: default
Multiple Spring Data modules found, entering strict repository configuration mode!
Bootstrapping Spring Data repositories in DEFAULT mode.
Finished Spring Data repository scanning in 56ms. Found 0 repository interfaces.
Initializing ExecutorService 'applicationTaskExecutor'
Started ESConfigTest in 7.095 seconds (JVM running for 9.682)
开始启动netty服务器，端口：9999
阻塞获取超时的客户端
netty服务器启动完成
no modules loaded
loaded plugin [org.elasticsearch.index.reindex.ReindexPlugin]
loaded plugin [org.elasticsearch.join.ParentJoinPlugin]
loaded plugin [org.elasticsearch.percolator.PercolatorPlugin]
loaded plugin [org.elasticsearch.script.mustache.MustachePlugin]
loaded plugin [org.elasticsearch.transport.Netty4Plugin]
Shutting down ExecutorService 'applicationTaskExecutor'
Starting ESConfigTest on baron.local with PID 38847 (started by baron in /Users/baron/GitHub/TK/tk/tk-server)
No active profile set, falling back to default profiles: default
Multiple Spring Data modules found, entering strict repository configuration mode!
Bootstrapping Spring Data repositories in DEFAULT mode.
Finished Spring Data repository scanning in 93ms. Found 0 repository interfaces.
Initializing ExecutorService 'applicationTaskExecutor'
Started ESConfigTest in 10.237 seconds (JVM running for 12.955)
开始启动netty服务器，端口：9999
阻塞获取超时的客户端
netty服务器启动完成
no modules loaded
loaded plugin [org.elasticsearch.index.reindex.ReindexPlugin]
loaded plugin [org.elasticsearch.join.ParentJoinPlugin]
loaded plugin [org.elasticsearch.percolator.PercolatorPlugin]
loaded plugin [org.elasticsearch.script.mustache.MustachePlugin]
loaded plugin [org.elasticsearch.transport.Netty4Plugin]
Shutting down ExecutorService 'applicationTaskExecutor'
Starting ESConfigTest on baron.local with PID 38863 (started by baron in /Users/baron/GitHub/TK/tk/tk-server)
No active profile set, falling back to default profiles: default
Multiple Spring Data modules found, entering strict repository configuration mode!
Bootstrapping Spring Data repositories in DEFAULT mode.
Finished Spring Data repository scanning in 81ms. Found 0 repository interfaces.
Initializing ExecutorService 'applicationTaskExecutor'
Started ESConfigTest in 8.729 seconds (JVM running for 11.398)
开始启动netty服务器，端口：9999
阻塞获取超时的客户端
netty服务器启动完成
no modules loaded
loaded plugin [org.elasticsearch.index.reindex.ReindexPlugin]
loaded plugin [org.elasticsearch.join.ParentJoinPlugin]
loaded plugin [org.elasticsearch.percolator.PercolatorPlugin]
loaded plugin [org.elasticsearch.script.mustache.MustachePlugin]
loaded plugin [org.elasticsearch.transport.Netty4Plugin]
Shutting down ExecutorService 'applicationTaskExecutor'
Starting ESConfigTest on baron.local with PID 39304 (started by baron in /Users/baron/GitHub/TK/tk/tk-server)
No active profile set, falling back to default profiles: default
Multiple Spring Data modules found, entering strict repository configuration mode!
Bootstrapping Spring Data repositories in DEFAULT mode.
Finished Spring Data repository scanning in 82ms. Found 0 repository interfaces.
Initializing ExecutorService 'applicationTaskExecutor'
Started ESConfigTest in 7.568 seconds (JVM running for 10.171)
开始启动netty服务器，端口：9999
阻塞获取超时的客户端
netty服务器启动完成
no modules loaded
loaded plugin [org.elasticsearch.index.reindex.ReindexPlugin]
loaded plugin [org.elasticsearch.join.ParentJoinPlugin]
loaded plugin [org.elasticsearch.percolator.PercolatorPlugin]
loaded plugin [org.elasticsearch.script.mustache.MustachePlugin]
loaded plugin [org.elasticsearch.transport.Netty4Plugin]
Shutting down ExecutorService 'applicationTaskExecutor'
