2019-02-25 17:38:42.192 [main] DEBUG druid.sql.Connection - {conn-10001} connected
2019-02-25 17:38:42.199 [main] DEBUG druid.sql.Connection - {conn-10002} connected
2019-02-25 17:38:42.204 [main] DEBUG druid.sql.Connection - {conn-10003} connected
2019-02-25 17:38:42.210 [main] DEBUG druid.sql.Connection - {conn-10004} connected
2019-02-25 17:38:42.215 [main] DEBUG druid.sql.Connection - {conn-10005} connected
2019-02-25 17:38:42.221 [main] DEBUG druid.sql.Connection - {conn-10006} connected
2019-02-25 17:38:42.224 [main] DEBUG druid.sql.Connection - {conn-10007} connected
2019-02-25 17:38:42.229 [main] DEBUG druid.sql.Connection - {conn-10008} connected
2019-02-25 17:38:42.233 [main] DEBUG druid.sql.Connection - {conn-10009} connected
2019-02-25 17:38:42.237 [main] DEBUG druid.sql.Connection - {conn-10010} connected
2019-02-25 17:38:42.242 [main] DEBUG druid.sql.Connection - {conn-10011} connected
2019-02-25 17:38:42.246 [main] DEBUG druid.sql.Connection - {conn-10012} connected
2019-02-25 17:38:42.252 [main] DEBUG druid.sql.Connection - {conn-10013} connected
2019-02-25 17:38:42.259 [main] DEBUG druid.sql.Connection - {conn-10014} connected
2019-02-25 17:38:42.268 [main] DEBUG druid.sql.Connection - {conn-10015} connected
2019-02-25 17:38:42.277 [main] DEBUG druid.sql.Connection - {conn-10016} connected
2019-02-25 17:38:42.283 [main] DEBUG druid.sql.Connection - {conn-10017} connected
2019-02-25 17:38:42.287 [main] DEBUG druid.sql.Connection - {conn-10018} connected
2019-02-25 17:38:42.292 [main] DEBUG druid.sql.Connection - {conn-10019} connected
2019-02-25 17:38:42.296 [main] DEBUG druid.sql.Connection - {conn-10020} connected
2019-02-25 17:38:42.301 [main] DEBUG druid.sql.Connection - {conn-10021} connected
2019-02-25 17:38:42.305 [main] DEBUG druid.sql.Connection - {conn-10022} connected
2019-02-25 17:38:42.308 [main] DEBUG druid.sql.Connection - {conn-10023} connected
2019-02-25 17:38:42.312 [main] DEBUG druid.sql.Connection - {conn-10024} connected
2019-02-25 17:38:42.316 [main] DEBUG druid.sql.Connection - {conn-10025} connected
2019-02-25 17:38:42.327 [main] DEBUG druid.sql.Connection - {conn-10026} connected
2019-02-25 17:38:42.336 [main] DEBUG druid.sql.Connection - {conn-10027} connected
2019-02-25 17:38:42.345 [main] DEBUG druid.sql.Connection - {conn-10028} connected
2019-02-25 17:38:42.349 [main] DEBUG druid.sql.Connection - {conn-10029} connected
2019-02-25 17:38:42.352 [main] DEBUG druid.sql.Connection - {conn-10030} connected
2019-02-25 17:38:42.449 [main] DEBUG druid.sql.Connection - {conn-10030} pool-connect
2019-02-25 17:38:42.451 [main] DEBUG druid.sql.Connection - {conn-10030} pool-recycle
2019-02-25 17:38:42.466 [main] DEBUG druid.sql.Connection - {conn-10030} pool-connect
2019-02-25 17:38:42.469 [main] DEBUG druid.sql.Connection - {conn-10030} pool-recycle
2019-02-25 17:38:42.859 [main] DEBUG druid.sql.Connection - {conn-10030} pool-connect
2019-02-25 17:38:42.921 [main] DEBUG druid.sql.Connection - {conn-10030} pool-recycle
2019-02-25 17:38:43.546 [main] DEBUG druid.sql.Connection - {conn-10030} pool-connect
2019-02-25 17:38:43.547 [main] DEBUG druid.sql.Connection - {conn-10030} pool-recycle
2019-02-25 17:39:44.904 [Thread-23] DEBUG druid.sql.Connection - {conn-10001} closed
2019-02-25 17:39:44.905 [Thread-23] DEBUG druid.sql.Connection - {conn-10002} closed
2019-02-25 17:39:44.905 [Thread-23] DEBUG druid.sql.Connection - {conn-10003} closed
2019-02-25 17:39:44.906 [Thread-23] DEBUG druid.sql.Connection - {conn-10004} closed
2019-02-25 17:39:44.908 [Thread-23] DEBUG druid.sql.Connection - {conn-10005} closed
2019-02-25 17:39:44.909 [Thread-23] DEBUG druid.sql.Connection - {conn-10006} closed
2019-02-25 17:39:44.910 [Thread-23] DEBUG druid.sql.Connection - {conn-10007} closed
2019-02-25 17:39:44.911 [Thread-23] DEBUG druid.sql.Connection - {conn-10008} closed
2019-02-25 17:39:44.911 [Thread-23] DEBUG druid.sql.Connection - {conn-10009} closed
2019-02-25 17:39:44.912 [Thread-23] DEBUG druid.sql.Connection - {conn-10010} closed
2019-02-25 17:39:44.913 [Thread-23] DEBUG druid.sql.Connection - {conn-10011} closed
2019-02-25 17:39:44.914 [Thread-23] DEBUG druid.sql.Connection - {conn-10012} closed
2019-02-25 17:39:44.916 [Thread-23] DEBUG druid.sql.Connection - {conn-10013} closed
2019-02-25 17:39:44.917 [Thread-23] DEBUG druid.sql.Connection - {conn-10014} closed
2019-02-25 17:39:44.918 [Thread-23] DEBUG druid.sql.Connection - {conn-10015} closed
2019-02-25 17:39:44.923 [Thread-23] DEBUG druid.sql.Connection - {conn-10016} closed
2019-02-25 17:39:44.929 [Thread-23] DEBUG druid.sql.Connection - {conn-10017} closed
2019-02-25 17:39:44.938 [Thread-23] DEBUG druid.sql.Connection - {conn-10018} closed
2019-02-25 17:39:44.939 [Thread-23] DEBUG druid.sql.Connection - {conn-10019} closed
2019-02-25 17:39:44.940 [Thread-23] DEBUG druid.sql.Connection - {conn-10020} closed
2019-02-25 17:39:44.941 [Thread-23] DEBUG druid.sql.Connection - {conn-10021} closed
2019-02-25 17:39:44.941 [Thread-23] DEBUG druid.sql.Connection - {conn-10022} closed
2019-02-25 17:39:44.941 [Thread-23] DEBUG druid.sql.Connection - {conn-10023} closed
2019-02-25 17:39:44.941 [Thread-23] DEBUG druid.sql.Connection - {conn-10024} closed
2019-02-25 17:39:44.942 [Thread-23] DEBUG druid.sql.Connection - {conn-10025} closed
2019-02-25 17:39:44.942 [Thread-23] DEBUG druid.sql.Connection - {conn-10026} closed
2019-02-25 17:39:44.942 [Thread-23] DEBUG druid.sql.Connection - {conn-10027} closed
2019-02-25 17:39:44.943 [Thread-23] DEBUG druid.sql.Connection - {conn-10028} closed
2019-02-25 17:39:44.943 [Thread-23] DEBUG druid.sql.Connection - {conn-10029} closed
2019-02-25 17:39:44.943 [Thread-23] DEBUG druid.sql.Connection - {conn-10030} closed
2019-02-25 17:39:57.449 [main] DEBUG druid.sql.Connection - {conn-10001} connected
2019-02-25 17:39:57.458 [main] DEBUG druid.sql.Connection - {conn-10002} connected
2019-02-25 17:39:57.465 [main] DEBUG druid.sql.Connection - {conn-10003} connected
2019-02-25 17:39:57.471 [main] DEBUG druid.sql.Connection - {conn-10004} connected
2019-02-25 17:39:57.476 [main] DEBUG druid.sql.Connection - {conn-10005} connected
2019-02-25 17:39:57.482 [main] DEBUG druid.sql.Connection - {conn-10006} connected
2019-02-25 17:39:57.487 [main] DEBUG druid.sql.Connection - {conn-10007} connected
2019-02-25 17:39:57.491 [main] DEBUG druid.sql.Connection - {conn-10008} connected
2019-02-25 17:39:57.498 [main] DEBUG druid.sql.Connection - {conn-10009} connected
2019-02-25 17:39:57.502 [main] DEBUG druid.sql.Connection - {conn-10010} connected
2019-02-25 17:39:57.509 [main] DEBUG druid.sql.Connection - {conn-10011} connected
2019-02-25 17:39:57.519 [main] DEBUG druid.sql.Connection - {conn-10012} connected
2019-02-25 17:39:57.527 [main] DEBUG druid.sql.Connection - {conn-10013} connected
2019-02-25 17:39:57.534 [main] DEBUG druid.sql.Connection - {conn-10014} connected
2019-02-25 17:39:57.538 [main] DEBUG druid.sql.Connection - {conn-10015} connected
2019-02-25 17:39:57.544 [main] DEBUG druid.sql.Connection - {conn-10016} connected
2019-02-25 17:39:57.548 [main] DEBUG druid.sql.Connection - {conn-10017} connected
2019-02-25 17:39:57.552 [main] DEBUG druid.sql.Connection - {conn-10018} connected
2019-02-25 17:39:57.558 [main] DEBUG druid.sql.Connection - {conn-10019} connected
2019-02-25 17:39:57.562 [main] DEBUG druid.sql.Connection - {conn-10020} connected
2019-02-25 17:39:57.567 [main] DEBUG druid.sql.Connection - {conn-10021} connected
2019-02-25 17:39:57.573 [main] DEBUG druid.sql.Connection - {conn-10022} connected
2019-02-25 17:39:57.578 [main] DEBUG druid.sql.Connection - {conn-10023} connected
2019-02-25 17:39:57.586 [main] DEBUG druid.sql.Connection - {conn-10024} connected
2019-02-25 17:39:57.589 [main] DEBUG druid.sql.Connection - {conn-10025} connected
2019-02-25 17:39:57.597 [main] DEBUG druid.sql.Connection - {conn-10026} connected
2019-02-25 17:39:57.603 [main] DEBUG druid.sql.Connection - {conn-10027} connected
2019-02-25 17:39:57.617 [main] DEBUG druid.sql.Connection - {conn-10028} connected
2019-02-25 17:39:57.624 [main] DEBUG druid.sql.Connection - {conn-10029} connected
2019-02-25 17:39:57.630 [main] DEBUG druid.sql.Connection - {conn-10030} connected
2019-02-25 17:39:57.731 [main] DEBUG druid.sql.Connection - {conn-10030} pool-connect
2019-02-25 17:39:57.733 [main] DEBUG druid.sql.Connection - {conn-10030} pool-recycle
2019-02-25 17:39:57.743 [main] DEBUG druid.sql.Connection - {conn-10030} pool-connect
2019-02-25 17:39:57.746 [main] DEBUG druid.sql.Connection - {conn-10030} pool-recycle
2019-02-25 17:39:58.915 [main] DEBUG druid.sql.Connection - {conn-10030} pool-connect
2019-02-25 17:39:58.988 [main] DEBUG druid.sql.Connection - {conn-10030} pool-recycle
2019-02-25 17:40:00.159 [main] DEBUG druid.sql.Connection - {conn-10030} pool-connect
2019-02-25 17:40:00.159 [main] DEBUG druid.sql.Connection - {conn-10030} pool-recycle
2019-02-25 17:41:06.449 [Thread-28] DEBUG druid.sql.Connection - {conn-10001} closed
2019-02-25 17:41:06.451 [Thread-28] DEBUG druid.sql.Connection - {conn-10002} closed
2019-02-25 17:41:06.453 [Thread-28] DEBUG druid.sql.Connection - {conn-10003} closed
2019-02-25 17:41:06.454 [Thread-28] DEBUG druid.sql.Connection - {conn-10004} closed
2019-02-25 17:41:06.455 [Thread-28] DEBUG druid.sql.Connection - {conn-10005} closed
2019-02-25 17:41:06.456 [Thread-28] DEBUG druid.sql.Connection - {conn-10006} closed
2019-02-25 17:41:06.457 [Thread-28] DEBUG druid.sql.Connection - {conn-10007} closed
2019-02-25 17:41:06.458 [Thread-28] DEBUG druid.sql.Connection - {conn-10008} closed
2019-02-25 17:41:06.459 [Thread-28] DEBUG druid.sql.Connection - {conn-10009} closed
2019-02-25 17:41:06.459 [Thread-28] DEBUG druid.sql.Connection - {conn-10010} closed
2019-02-25 17:41:06.460 [Thread-28] DEBUG druid.sql.Connection - {conn-10011} closed
2019-02-25 17:41:06.460 [Thread-28] DEBUG druid.sql.Connection - {conn-10012} closed
2019-02-25 17:41:06.461 [Thread-28] DEBUG druid.sql.Connection - {conn-10013} closed
2019-02-25 17:41:06.462 [Thread-28] DEBUG druid.sql.Connection - {conn-10014} closed
2019-02-25 17:41:06.462 [Thread-28] DEBUG druid.sql.Connection - {conn-10015} closed
2019-02-25 17:41:06.463 [Thread-28] DEBUG druid.sql.Connection - {conn-10016} closed
2019-02-25 17:41:06.464 [Thread-28] DEBUG druid.sql.Connection - {conn-10017} closed
2019-02-25 17:41:06.464 [Thread-28] DEBUG druid.sql.Connection - {conn-10018} closed
2019-02-25 17:41:06.465 [Thread-28] DEBUG druid.sql.Connection - {conn-10019} closed
2019-02-25 17:41:06.466 [Thread-28] DEBUG druid.sql.Connection - {conn-10020} closed
2019-02-25 17:41:06.466 [Thread-28] DEBUG druid.sql.Connection - {conn-10021} closed
2019-02-25 17:41:06.466 [Thread-28] DEBUG druid.sql.Connection - {conn-10022} closed
2019-02-25 17:41:06.467 [Thread-28] DEBUG druid.sql.Connection - {conn-10023} closed
2019-02-25 17:41:06.467 [Thread-28] DEBUG druid.sql.Connection - {conn-10024} closed
2019-02-25 17:41:06.467 [Thread-28] DEBUG druid.sql.Connection - {conn-10025} closed
2019-02-25 17:41:06.467 [Thread-28] DEBUG druid.sql.Connection - {conn-10026} closed
2019-02-25 17:41:06.467 [Thread-28] DEBUG druid.sql.Connection - {conn-10027} closed
2019-02-25 17:41:06.467 [Thread-28] DEBUG druid.sql.Connection - {conn-10028} closed
2019-02-25 17:41:06.467 [Thread-28] DEBUG druid.sql.Connection - {conn-10029} closed
2019-02-25 17:41:06.468 [Thread-28] DEBUG druid.sql.Connection - {conn-10030} closed
2019-02-25 17:41:16.899 [main] DEBUG druid.sql.Connection - {conn-10001} connected
2019-02-25 17:41:16.904 [main] DEBUG druid.sql.Connection - {conn-10002} connected
2019-02-25 17:41:16.909 [main] DEBUG druid.sql.Connection - {conn-10003} connected
2019-02-25 17:41:16.915 [main] DEBUG druid.sql.Connection - {conn-10004} connected
2019-02-25 17:41:16.921 [main] DEBUG druid.sql.Connection - {conn-10005} connected
2019-02-25 17:41:16.929 [main] DEBUG druid.sql.Connection - {conn-10006} connected
2019-02-25 17:41:16.933 [main] DEBUG druid.sql.Connection - {conn-10007} connected
2019-02-25 17:41:16.938 [main] DEBUG druid.sql.Connection - {conn-10008} connected
2019-02-25 17:41:16.942 [main] DEBUG druid.sql.Connection - {conn-10009} connected
2019-02-25 17:41:16.948 [main] DEBUG druid.sql.Connection - {conn-10010} connected
2019-02-25 17:41:16.953 [main] DEBUG druid.sql.Connection - {conn-10011} connected
2019-02-25 17:41:16.957 [main] DEBUG druid.sql.Connection - {conn-10012} connected
2019-02-25 17:41:16.963 [main] DEBUG druid.sql.Connection - {conn-10013} connected
2019-02-25 17:41:16.969 [main] DEBUG druid.sql.Connection - {conn-10014} connected
2019-02-25 17:41:16.973 [main] DEBUG druid.sql.Connection - {conn-10015} connected
2019-02-25 17:41:16.980 [main] DEBUG druid.sql.Connection - {conn-10016} connected
2019-02-25 17:41:16.988 [main] DEBUG druid.sql.Connection - {conn-10017} connected
2019-02-25 17:41:16.998 [main] DEBUG druid.sql.Connection - {conn-10018} connected
2019-02-25 17:41:17.008 [main] DEBUG druid.sql.Connection - {conn-10019} connected
2019-02-25 17:41:17.020 [main] DEBUG druid.sql.Connection - {conn-10020} connected
2019-02-25 17:41:17.027 [main] DEBUG druid.sql.Connection - {conn-10021} connected
2019-02-25 17:41:17.037 [main] DEBUG druid.sql.Connection - {conn-10022} connected
2019-02-25 17:41:17.046 [main] DEBUG druid.sql.Connection - {conn-10023} connected
2019-02-25 17:41:17.053 [main] DEBUG druid.sql.Connection - {conn-10024} connected
2019-02-25 17:41:17.063 [main] DEBUG druid.sql.Connection - {conn-10025} connected
2019-02-25 17:41:17.070 [main] DEBUG druid.sql.Connection - {conn-10026} connected
2019-02-25 17:41:17.078 [main] DEBUG druid.sql.Connection - {conn-10027} connected
2019-02-25 17:41:17.089 [main] DEBUG druid.sql.Connection - {conn-10028} connected
2019-02-25 17:41:17.095 [main] DEBUG druid.sql.Connection - {conn-10029} connected
2019-02-25 17:41:17.099 [main] DEBUG druid.sql.Connection - {conn-10030} connected
2019-02-25 17:41:17.187 [main] DEBUG druid.sql.Connection - {conn-10030} pool-connect
2019-02-25 17:41:17.188 [main] DEBUG druid.sql.Connection - {conn-10030} pool-recycle
2019-02-25 17:41:17.197 [main] DEBUG druid.sql.Connection - {conn-10030} pool-connect
2019-02-25 17:41:17.200 [main] DEBUG druid.sql.Connection - {conn-10030} pool-recycle
2019-02-25 17:41:17.533 [main] DEBUG druid.sql.Connection - {conn-10030} pool-connect
2019-02-25 17:41:17.601 [main] DEBUG druid.sql.Connection - {conn-10030} pool-recycle
2019-02-25 17:41:18.236 [main] DEBUG druid.sql.Connection - {conn-10030} pool-connect
2019-02-25 17:41:18.236 [main] DEBUG druid.sql.Connection - {conn-10030} pool-recycle
2019-02-25 18:00:27.417 [Thread-21] DEBUG druid.sql.Connection - {conn-10001} closed
2019-02-25 18:00:27.420 [Thread-21] DEBUG druid.sql.Connection - {conn-10002} closed
2019-02-25 18:00:27.422 [Thread-21] DEBUG druid.sql.Connection - {conn-10003} closed
2019-02-25 18:00:27.423 [Thread-21] DEBUG druid.sql.Connection - {conn-10004} closed
2019-02-25 18:00:27.424 [Thread-21] DEBUG druid.sql.Connection - {conn-10005} closed
2019-02-25 18:00:27.427 [Thread-21] DEBUG druid.sql.Connection - {conn-10006} closed
2019-02-25 18:00:27.428 [Thread-21] DEBUG druid.sql.Connection - {conn-10007} closed
2019-02-25 18:00:27.430 [Thread-21] DEBUG druid.sql.Connection - {conn-10008} closed
2019-02-25 18:00:27.431 [Thread-21] DEBUG druid.sql.Connection - {conn-10009} closed
2019-02-25 18:00:27.432 [Thread-21] DEBUG druid.sql.Connection - {conn-10010} closed
2019-02-25 18:00:27.433 [Thread-21] DEBUG druid.sql.Connection - {conn-10011} closed
2019-02-25 18:00:27.434 [Thread-21] DEBUG druid.sql.Connection - {conn-10012} closed
2019-02-25 18:00:27.435 [Thread-21] DEBUG druid.sql.Connection - {conn-10013} closed
2019-02-25 18:00:27.436 [Thread-21] DEBUG druid.sql.Connection - {conn-10014} closed
2019-02-25 18:00:27.438 [Thread-21] DEBUG druid.sql.Connection - {conn-10015} closed
2019-02-25 18:00:27.440 [Thread-21] DEBUG druid.sql.Connection - {conn-10016} closed
2019-02-25 18:00:27.445 [Thread-21] DEBUG druid.sql.Connection - {conn-10017} closed
2019-02-25 18:00:27.452 [Thread-21] DEBUG druid.sql.Connection - {conn-10018} closed
2019-02-25 18:00:27.457 [Thread-21] DEBUG druid.sql.Connection - {conn-10019} closed
2019-02-25 18:00:27.458 [Thread-21] DEBUG druid.sql.Connection - {conn-10020} closed
2019-02-25 18:00:27.459 [Thread-21] DEBUG druid.sql.Connection - {conn-10021} closed
2019-02-25 18:00:27.460 [Thread-21] DEBUG druid.sql.Connection - {conn-10022} closed
2019-02-25 18:00:27.461 [Thread-21] DEBUG druid.sql.Connection - {conn-10023} closed
2019-02-25 18:00:27.462 [Thread-21] DEBUG druid.sql.Connection - {conn-10024} closed
2019-02-25 18:00:27.462 [Thread-21] DEBUG druid.sql.Connection - {conn-10025} closed
2019-02-25 18:00:27.463 [Thread-21] DEBUG druid.sql.Connection - {conn-10026} closed
2019-02-25 18:00:27.463 [Thread-21] DEBUG druid.sql.Connection - {conn-10027} closed
2019-02-25 18:00:27.464 [Thread-21] DEBUG druid.sql.Connection - {conn-10028} closed
2019-02-25 18:00:27.465 [Thread-21] DEBUG druid.sql.Connection - {conn-10029} closed
2019-02-25 18:00:27.469 [Thread-21] DEBUG druid.sql.Connection - {conn-10030} closed
2019-02-25 18:00:49.314 [main] DEBUG druid.sql.Connection - {conn-10001} connected
2019-02-25 18:00:49.330 [main] DEBUG druid.sql.Connection - {conn-10002} connected
2019-02-25 18:00:49.341 [main] DEBUG druid.sql.Connection - {conn-10003} connected
2019-02-25 18:00:49.348 [main] DEBUG druid.sql.Connection - {conn-10004} connected
2019-02-25 18:00:49.354 [main] DEBUG druid.sql.Connection - {conn-10005} connected
2019-02-25 18:00:49.360 [main] DEBUG druid.sql.Connection - {conn-10006} connected
2019-02-25 18:00:49.364 [main] DEBUG druid.sql.Connection - {conn-10007} connected
2019-02-25 18:00:49.369 [main] DEBUG druid.sql.Connection - {conn-10008} connected
2019-02-25 18:00:49.373 [main] DEBUG druid.sql.Connection - {conn-10009} connected
2019-02-25 18:00:49.379 [main] DEBUG druid.sql.Connection - {conn-10010} connected
2019-02-25 18:00:49.383 [main] DEBUG druid.sql.Connection - {conn-10011} connected
2019-02-25 18:00:49.390 [main] DEBUG druid.sql.Connection - {conn-10012} connected
2019-02-25 18:00:49.397 [main] DEBUG druid.sql.Connection - {conn-10013} connected
2019-02-25 18:00:49.405 [main] DEBUG druid.sql.Connection - {conn-10014} connected
2019-02-25 18:00:49.411 [main] DEBUG druid.sql.Connection - {conn-10015} connected
2019-02-25 18:00:49.416 [main] DEBUG druid.sql.Connection - {conn-10016} connected
2019-02-25 18:00:49.421 [main] DEBUG druid.sql.Connection - {conn-10017} connected
2019-02-25 18:00:49.425 [main] DEBUG druid.sql.Connection - {conn-10018} connected
2019-02-25 18:00:49.434 [main] DEBUG druid.sql.Connection - {conn-10019} connected
2019-02-25 18:00:49.444 [main] DEBUG druid.sql.Connection - {conn-10020} connected
2019-02-25 18:00:49.453 [main] DEBUG druid.sql.Connection - {conn-10021} connected
2019-02-25 18:00:49.465 [main] DEBUG druid.sql.Connection - {conn-10022} connected
2019-02-25 18:00:49.472 [main] DEBUG druid.sql.Connection - {conn-10023} connected
2019-02-25 18:00:49.482 [main] DEBUG druid.sql.Connection - {conn-10024} connected
2019-02-25 18:00:49.490 [main] DEBUG druid.sql.Connection - {conn-10025} connected
2019-02-25 18:00:49.504 [main] DEBUG druid.sql.Connection - {conn-10026} connected
2019-02-25 18:00:49.514 [main] DEBUG druid.sql.Connection - {conn-10027} connected
2019-02-25 18:00:49.521 [main] DEBUG druid.sql.Connection - {conn-10028} connected
2019-02-25 18:00:49.531 [main] DEBUG druid.sql.Connection - {conn-10029} connected
2019-02-25 18:00:49.540 [main] DEBUG druid.sql.Connection - {conn-10030} connected
2019-02-25 18:00:49.686 [main] DEBUG druid.sql.Connection - {conn-10030} pool-connect
2019-02-25 18:00:49.688 [main] DEBUG druid.sql.Connection - {conn-10030} pool-recycle
2019-02-25 18:00:49.700 [main] DEBUG druid.sql.Connection - {conn-10030} pool-connect
2019-02-25 18:00:49.705 [main] DEBUG druid.sql.Connection - {conn-10030} pool-recycle
2019-02-25 18:00:50.473 [main] DEBUG druid.sql.Connection - {conn-10030} pool-connect
2019-02-25 18:00:50.574 [main] DEBUG druid.sql.Connection - {conn-10030} pool-recycle
2019-02-25 18:00:51.997 [main] DEBUG druid.sql.Connection - {conn-10030} pool-connect
2019-02-25 18:00:51.997 [main] DEBUG druid.sql.Connection - {conn-10030} pool-recycle
2019-02-25 18:04:44.882 [Thread-27] DEBUG druid.sql.Connection - {conn-10001} closed
2019-02-25 18:04:44.883 [Thread-27] DEBUG druid.sql.Connection - {conn-10002} closed
2019-02-25 18:04:44.883 [Thread-27] DEBUG druid.sql.Connection - {conn-10003} closed
2019-02-25 18:04:44.883 [Thread-27] DEBUG druid.sql.Connection - {conn-10004} closed
2019-02-25 18:04:44.883 [Thread-27] DEBUG druid.sql.Connection - {conn-10005} closed
2019-02-25 18:04:44.883 [Thread-27] DEBUG druid.sql.Connection - {conn-10006} closed
2019-02-25 18:04:44.883 [Thread-27] DEBUG druid.sql.Connection - {conn-10007} closed
2019-02-25 18:04:44.883 [Thread-27] DEBUG druid.sql.Connection - {conn-10008} closed
2019-02-25 18:04:44.883 [Thread-27] DEBUG druid.sql.Connection - {conn-10009} closed
2019-02-25 18:04:44.883 [Thread-27] DEBUG druid.sql.Connection - {conn-10010} closed
2019-02-25 18:04:44.884 [Thread-27] DEBUG druid.sql.Connection - {conn-10011} closed
2019-02-25 18:04:44.884 [Thread-27] DEBUG druid.sql.Connection - {conn-10012} closed
2019-02-25 18:04:44.884 [Thread-27] DEBUG druid.sql.Connection - {conn-10013} closed
2019-02-25 18:04:44.884 [Thread-27] DEBUG druid.sql.Connection - {conn-10014} closed
2019-02-25 18:04:44.884 [Thread-27] DEBUG druid.sql.Connection - {conn-10015} closed
2019-02-25 18:04:44.884 [Thread-27] DEBUG druid.sql.Connection - {conn-10016} closed
2019-02-25 18:04:44.884 [Thread-27] DEBUG druid.sql.Connection - {conn-10017} closed
2019-02-25 18:04:44.884 [Thread-27] DEBUG druid.sql.Connection - {conn-10018} closed
2019-02-25 18:04:44.885 [Thread-27] DEBUG druid.sql.Connection - {conn-10019} closed
2019-02-25 18:04:44.885 [Thread-27] DEBUG druid.sql.Connection - {conn-10020} closed
2019-02-25 18:04:44.885 [Thread-27] DEBUG druid.sql.Connection - {conn-10021} closed
2019-02-25 18:04:44.885 [Thread-27] DEBUG druid.sql.Connection - {conn-10022} closed
2019-02-25 18:04:44.885 [Thread-27] DEBUG druid.sql.Connection - {conn-10023} closed
2019-02-25 18:04:44.885 [Thread-27] DEBUG druid.sql.Connection - {conn-10024} closed
2019-02-25 18:04:44.885 [Thread-27] DEBUG druid.sql.Connection - {conn-10025} closed
2019-02-25 18:04:44.885 [Thread-27] DEBUG druid.sql.Connection - {conn-10026} closed
2019-02-25 18:04:44.885 [Thread-27] DEBUG druid.sql.Connection - {conn-10027} closed
2019-02-25 18:04:44.886 [Thread-27] DEBUG druid.sql.Connection - {conn-10028} closed
2019-02-25 18:04:44.886 [Thread-27] DEBUG druid.sql.Connection - {conn-10029} closed
2019-02-25 18:04:44.886 [Thread-27] DEBUG druid.sql.Connection - {conn-10030} closed
2019-02-25 18:04:56.751 [main] DEBUG druid.sql.Connection - {conn-10001} connected
2019-02-25 18:04:56.759 [main] DEBUG druid.sql.Connection - {conn-10002} connected
2019-02-25 18:04:56.767 [main] DEBUG druid.sql.Connection - {conn-10003} connected
2019-02-25 18:04:56.771 [main] DEBUG druid.sql.Connection - {conn-10004} connected
2019-02-25 18:04:56.781 [main] DEBUG druid.sql.Connection - {conn-10005} connected
2019-02-25 18:04:56.792 [main] DEBUG druid.sql.Connection - {conn-10006} connected
2019-02-25 18:04:56.798 [main] DEBUG druid.sql.Connection - {conn-10007} connected
2019-02-25 18:04:56.805 [main] DEBUG druid.sql.Connection - {conn-10008} connected
2019-02-25 18:04:56.811 [main] DEBUG druid.sql.Connection - {conn-10009} connected
2019-02-25 18:04:56.818 [main] DEBUG druid.sql.Connection - {conn-10010} connected
2019-02-25 18:04:56.827 [main] DEBUG druid.sql.Connection - {conn-10011} connected
2019-02-25 18:04:56.839 [main] DEBUG druid.sql.Connection - {conn-10012} connected
2019-02-25 18:04:56.849 [main] DEBUG druid.sql.Connection - {conn-10013} connected
2019-02-25 18:04:56.860 [main] DEBUG druid.sql.Connection - {conn-10014} connected
2019-02-25 18:04:56.866 [main] DEBUG druid.sql.Connection - {conn-10015} connected
2019-02-25 18:04:56.876 [main] DEBUG druid.sql.Connection - {conn-10016} connected
2019-02-25 18:04:56.882 [main] DEBUG druid.sql.Connection - {conn-10017} connected
2019-02-25 18:04:56.886 [main] DEBUG druid.sql.Connection - {conn-10018} connected
2019-02-25 18:04:56.893 [main] DEBUG druid.sql.Connection - {conn-10019} connected
2019-02-25 18:04:56.902 [main] DEBUG druid.sql.Connection - {conn-10020} connected
2019-02-25 18:04:56.909 [main] DEBUG druid.sql.Connection - {conn-10021} connected
2019-02-25 18:04:56.917 [main] DEBUG druid.sql.Connection - {conn-10022} connected
2019-02-25 18:04:56.923 [main] DEBUG druid.sql.Connection - {conn-10023} connected
2019-02-25 18:04:56.929 [main] DEBUG druid.sql.Connection - {conn-10024} connected
2019-02-25 18:04:56.933 [main] DEBUG druid.sql.Connection - {conn-10025} connected
2019-02-25 18:04:56.938 [main] DEBUG druid.sql.Connection - {conn-10026} connected
2019-02-25 18:04:56.941 [main] DEBUG druid.sql.Connection - {conn-10027} connected
2019-02-25 18:04:56.945 [main] DEBUG druid.sql.Connection - {conn-10028} connected
2019-02-25 18:04:56.948 [main] DEBUG druid.sql.Connection - {conn-10029} connected
2019-02-25 18:04:56.951 [main] DEBUG druid.sql.Connection - {conn-10030} connected
2019-02-25 18:04:57.034 [main] DEBUG druid.sql.Connection - {conn-10030} pool-connect
2019-02-25 18:04:57.035 [main] DEBUG druid.sql.Connection - {conn-10030} pool-recycle
2019-02-25 18:04:57.044 [main] DEBUG druid.sql.Connection - {conn-10030} pool-connect
2019-02-25 18:04:57.047 [main] DEBUG druid.sql.Connection - {conn-10030} pool-recycle
2019-02-25 18:04:57.378 [main] DEBUG druid.sql.Connection - {conn-10030} pool-connect
2019-02-25 18:04:57.424 [main] DEBUG druid.sql.Connection - {conn-10030} pool-recycle
2019-02-25 18:04:58.268 [main] DEBUG druid.sql.Connection - {conn-10030} pool-connect
2019-02-25 18:04:58.268 [main] DEBUG druid.sql.Connection - {conn-10030} pool-recycle
2019-02-25 18:34:57.208 [Druid-ConnectionPool-Destroy-886510498] DEBUG druid.sql.Connection - {conn-10001} closed
2019-02-25 18:34:57.208 [Druid-ConnectionPool-Destroy-886510498] DEBUG druid.sql.Connection - {conn-10002} closed
2019-02-25 18:34:57.209 [Druid-ConnectionPool-Destroy-886510498] DEBUG druid.sql.Connection - {conn-10003} closed
2019-02-25 18:34:57.209 [Druid-ConnectionPool-Destroy-886510498] DEBUG druid.sql.Connection - {conn-10004} closed
2019-02-25 18:34:57.210 [Druid-ConnectionPool-Destroy-886510498] DEBUG druid.sql.Connection - {conn-10005} closed
2019-02-25 18:34:57.210 [Druid-ConnectionPool-Destroy-886510498] DEBUG druid.sql.Connection - {conn-10006} closed
2019-02-25 18:34:57.211 [Druid-ConnectionPool-Destroy-886510498] DEBUG druid.sql.Connection - {conn-10007} closed
2019-02-25 18:34:57.211 [Druid-ConnectionPool-Destroy-886510498] DEBUG druid.sql.Connection - {conn-10008} closed
2019-02-25 18:34:57.212 [Druid-ConnectionPool-Destroy-886510498] DEBUG druid.sql.Connection - {conn-10009} closed
2019-02-25 18:34:57.212 [Druid-ConnectionPool-Destroy-886510498] DEBUG druid.sql.Connection - {conn-10010} closed
2019-02-25 18:34:57.213 [Druid-ConnectionPool-Destroy-886510498] DEBUG druid.sql.Connection - {conn-10011} closed
2019-02-25 18:34:57.213 [Druid-ConnectionPool-Destroy-886510498] DEBUG druid.sql.Connection - {conn-10012} closed
2019-02-25 18:34:57.214 [Druid-ConnectionPool-Destroy-886510498] DEBUG druid.sql.Connection - {conn-10013} closed
2019-02-25 18:34:57.214 [Druid-ConnectionPool-Destroy-886510498] DEBUG druid.sql.Connection - {conn-10014} closed
2019-02-25 18:34:57.215 [Druid-ConnectionPool-Destroy-886510498] DEBUG druid.sql.Connection - {conn-10015} closed
2019-02-25 18:34:57.215 [Druid-ConnectionPool-Destroy-886510498] DEBUG druid.sql.Connection - {conn-10016} closed
2019-02-25 18:34:57.216 [Druid-ConnectionPool-Destroy-886510498] DEBUG druid.sql.Connection - {conn-10017} closed
2019-02-25 18:34:57.217 [Druid-ConnectionPool-Destroy-886510498] DEBUG druid.sql.Connection - {conn-10018} closed
2019-02-25 18:34:57.217 [Druid-ConnectionPool-Destroy-886510498] DEBUG druid.sql.Connection - {conn-10019} closed
2019-02-25 18:34:57.218 [Druid-ConnectionPool-Destroy-886510498] DEBUG druid.sql.Connection - {conn-10020} closed
2019-02-25 18:34:57.218 [Druid-ConnectionPool-Destroy-886510498] DEBUG druid.sql.Connection - {conn-10021} closed
2019-02-25 18:34:57.219 [Druid-ConnectionPool-Destroy-886510498] DEBUG druid.sql.Connection - {conn-10022} closed
2019-02-25 18:34:57.219 [Druid-ConnectionPool-Destroy-886510498] DEBUG druid.sql.Connection - {conn-10023} closed
2019-02-25 18:34:57.219 [Druid-ConnectionPool-Destroy-886510498] DEBUG druid.sql.Connection - {conn-10024} closed
2019-02-25 18:34:57.219 [Druid-ConnectionPool-Destroy-886510498] DEBUG druid.sql.Connection - {conn-10025} closed
2019-02-25 18:34:57.219 [Druid-ConnectionPool-Destroy-886510498] DEBUG druid.sql.Connection - {conn-10026} closed
2019-02-25 18:34:57.219 [Druid-ConnectionPool-Destroy-886510498] DEBUG druid.sql.Connection - {conn-10027} closed
2019-02-25 18:34:57.220 [Druid-ConnectionPool-Destroy-886510498] DEBUG druid.sql.Connection - {conn-10028} closed
2019-02-25 18:34:57.220 [Druid-ConnectionPool-Destroy-886510498] DEBUG druid.sql.Connection - {conn-10029} closed
2019-02-25 18:35:57.230 [Druid-ConnectionPool-Destroy-886510498] DEBUG druid.sql.Connection - {conn-10030} closed
2019-02-25 19:33:28.761 [main] DEBUG druid.sql.Connection - {conn-10001} connected
2019-02-25 19:33:28.769 [main] DEBUG druid.sql.Connection - {conn-10002} connected
2019-02-25 19:33:28.777 [main] DEBUG druid.sql.Connection - {conn-10003} connected
2019-02-25 19:33:28.785 [main] DEBUG druid.sql.Connection - {conn-10004} connected
2019-02-25 19:33:28.792 [main] DEBUG druid.sql.Connection - {conn-10005} connected
2019-02-25 19:33:28.807 [main] DEBUG druid.sql.Connection - {conn-10006} connected
2019-02-25 19:33:28.820 [main] DEBUG druid.sql.Connection - {conn-10007} connected
2019-02-25 19:33:28.825 [main] DEBUG druid.sql.Connection - {conn-10008} connected
2019-02-25 19:33:28.840 [main] DEBUG druid.sql.Connection - {conn-10009} connected
2019-02-25 19:33:28.846 [main] DEBUG druid.sql.Connection - {conn-10010} connected
2019-02-25 19:33:28.850 [main] DEBUG druid.sql.Connection - {conn-10011} connected
2019-02-25 19:33:28.854 [main] DEBUG druid.sql.Connection - {conn-10012} connected
2019-02-25 19:33:28.858 [main] DEBUG druid.sql.Connection - {conn-10013} connected
2019-02-25 19:33:28.861 [main] DEBUG druid.sql.Connection - {conn-10014} connected
2019-02-25 19:33:28.867 [main] DEBUG druid.sql.Connection - {conn-10015} connected
2019-02-25 19:33:28.872 [main] DEBUG druid.sql.Connection - {conn-10016} connected
2019-02-25 19:33:28.876 [main] DEBUG druid.sql.Connection - {conn-10017} connected
2019-02-25 19:33:28.880 [main] DEBUG druid.sql.Connection - {conn-10018} connected
2019-02-25 19:33:28.888 [main] DEBUG druid.sql.Connection - {conn-10019} connected
2019-02-25 19:33:28.892 [main] DEBUG druid.sql.Connection - {conn-10020} connected
2019-02-25 19:33:28.897 [main] DEBUG druid.sql.Connection - {conn-10021} connected
2019-02-25 19:33:28.901 [main] DEBUG druid.sql.Connection - {conn-10022} connected
2019-02-25 19:33:28.905 [main] DEBUG druid.sql.Connection - {conn-10023} connected
2019-02-25 19:33:28.909 [main] DEBUG druid.sql.Connection - {conn-10024} connected
2019-02-25 19:33:28.913 [main] DEBUG druid.sql.Connection - {conn-10025} connected
2019-02-25 19:33:28.917 [main] DEBUG druid.sql.Connection - {conn-10026} connected
2019-02-25 19:33:28.922 [main] DEBUG druid.sql.Connection - {conn-10027} connected
2019-02-25 19:33:28.925 [main] DEBUG druid.sql.Connection - {conn-10028} connected
2019-02-25 19:33:28.930 [main] DEBUG druid.sql.Connection - {conn-10029} connected
2019-02-25 19:33:28.934 [main] DEBUG druid.sql.Connection - {conn-10030} connected
2019-02-25 19:33:29.023 [main] DEBUG druid.sql.Connection - {conn-10030} pool-connect
2019-02-25 19:33:29.024 [main] DEBUG druid.sql.Connection - {conn-10030} pool-recycle
2019-02-25 19:33:29.034 [main] DEBUG druid.sql.Connection - {conn-10030} pool-connect
2019-02-25 19:33:29.037 [main] DEBUG druid.sql.Connection - {conn-10030} pool-recycle
2019-02-25 19:33:29.352 [main] DEBUG druid.sql.Connection - {conn-10030} pool-connect
2019-02-25 19:33:29.405 [main] DEBUG druid.sql.Connection - {conn-10030} pool-recycle
2019-02-25 19:33:30.213 [main] DEBUG druid.sql.Connection - {conn-10030} pool-connect
2019-02-25 19:33:30.213 [main] DEBUG druid.sql.Connection - {conn-10030} pool-recycle
2019-02-25 20:03:29.109 [Druid-ConnectionPool-Destroy-1704927850] DEBUG druid.sql.Connection - {conn-10001} closed
2019-02-25 20:03:29.110 [Druid-ConnectionPool-Destroy-1704927850] DEBUG druid.sql.Connection - {conn-10002} closed
2019-02-25 20:03:29.111 [Druid-ConnectionPool-Destroy-1704927850] DEBUG druid.sql.Connection - {conn-10003} closed
2019-02-25 20:03:29.111 [Druid-ConnectionPool-Destroy-1704927850] DEBUG druid.sql.Connection - {conn-10004} closed
2019-02-25 20:03:29.113 [Druid-ConnectionPool-Destroy-1704927850] DEBUG druid.sql.Connection - {conn-10005} closed
2019-02-25 20:03:29.113 [Druid-ConnectionPool-Destroy-1704927850] DEBUG druid.sql.Connection - {conn-10006} closed
2019-02-25 20:03:29.114 [Druid-ConnectionPool-Destroy-1704927850] DEBUG druid.sql.Connection - {conn-10007} closed
2019-02-25 20:03:29.115 [Druid-ConnectionPool-Destroy-1704927850] DEBUG druid.sql.Connection - {conn-10008} closed
2019-02-25 20:03:29.115 [Druid-ConnectionPool-Destroy-1704927850] DEBUG druid.sql.Connection - {conn-10009} closed
2019-02-25 20:03:29.116 [Druid-ConnectionPool-Destroy-1704927850] DEBUG druid.sql.Connection - {conn-10010} closed
2019-02-25 20:03:29.116 [Druid-ConnectionPool-Destroy-1704927850] DEBUG druid.sql.Connection - {conn-10011} closed
2019-02-25 20:03:29.117 [Druid-ConnectionPool-Destroy-1704927850] DEBUG druid.sql.Connection - {conn-10012} closed
2019-02-25 20:03:29.118 [Druid-ConnectionPool-Destroy-1704927850] DEBUG druid.sql.Connection - {conn-10013} closed
2019-02-25 20:03:29.118 [Druid-ConnectionPool-Destroy-1704927850] DEBUG druid.sql.Connection - {conn-10014} closed
2019-02-25 20:03:29.119 [Druid-ConnectionPool-Destroy-1704927850] DEBUG druid.sql.Connection - {conn-10015} closed
2019-02-25 20:03:29.120 [Druid-ConnectionPool-Destroy-1704927850] DEBUG druid.sql.Connection - {conn-10016} closed
2019-02-25 20:03:29.120 [Druid-ConnectionPool-Destroy-1704927850] DEBUG druid.sql.Connection - {conn-10017} closed
2019-02-25 20:03:29.121 [Druid-ConnectionPool-Destroy-1704927850] DEBUG druid.sql.Connection - {conn-10018} closed
2019-02-25 20:03:29.122 [Druid-ConnectionPool-Destroy-1704927850] DEBUG druid.sql.Connection - {conn-10019} closed
2019-02-25 20:03:29.123 [Druid-ConnectionPool-Destroy-1704927850] DEBUG druid.sql.Connection - {conn-10020} closed
2019-02-25 20:03:29.123 [Druid-ConnectionPool-Destroy-1704927850] DEBUG druid.sql.Connection - {conn-10021} closed
2019-02-25 20:03:29.123 [Druid-ConnectionPool-Destroy-1704927850] DEBUG druid.sql.Connection - {conn-10022} closed
2019-02-25 20:03:29.123 [Druid-ConnectionPool-Destroy-1704927850] DEBUG druid.sql.Connection - {conn-10023} closed
2019-02-25 20:03:29.124 [Druid-ConnectionPool-Destroy-1704927850] DEBUG druid.sql.Connection - {conn-10024} closed
2019-02-25 20:03:29.124 [Druid-ConnectionPool-Destroy-1704927850] DEBUG druid.sql.Connection - {conn-10025} closed
2019-02-25 20:03:29.124 [Druid-ConnectionPool-Destroy-1704927850] DEBUG druid.sql.Connection - {conn-10026} closed
2019-02-25 20:03:29.125 [Druid-ConnectionPool-Destroy-1704927850] DEBUG druid.sql.Connection - {conn-10027} closed
2019-02-25 20:03:29.125 [Druid-ConnectionPool-Destroy-1704927850] DEBUG druid.sql.Connection - {conn-10028} closed
2019-02-25 20:03:29.125 [Druid-ConnectionPool-Destroy-1704927850] DEBUG druid.sql.Connection - {conn-10029} closed
2019-02-25 20:04:29.130 [Druid-ConnectionPool-Destroy-1704927850] DEBUG druid.sql.Connection - {conn-10030} closed
