2019-02-28 16:00:07.962 [main] DEBUG druid.sql.Connection - {conn-10001} connected
2019-02-28 16:00:07.976 [main] DEBUG druid.sql.Connection - {conn-10002} connected
2019-02-28 16:00:07.984 [main] DEBUG druid.sql.Connection - {conn-10003} connected
2019-02-28 16:00:07.994 [main] DEBUG druid.sql.Connection - {conn-10004} connected
2019-02-28 16:00:08.016 [main] DEBUG druid.sql.Connection - {conn-10005} connected
2019-02-28 16:00:08.030 [main] DEBUG druid.sql.Connection - {conn-10006} connected
2019-02-28 16:00:08.038 [main] DEBUG druid.sql.Connection - {conn-10007} connected
2019-02-28 16:00:08.045 [main] DEBUG druid.sql.Connection - {conn-10008} connected
2019-02-28 16:00:08.052 [main] DEBUG druid.sql.Connection - {conn-10009} connected
2019-02-28 16:00:08.060 [main] DEBUG druid.sql.Connection - {conn-10010} connected
2019-02-28 16:00:08.069 [main] DEBUG druid.sql.Connection - {conn-10011} connected
2019-02-28 16:00:08.074 [main] DEBUG druid.sql.Connection - {conn-10012} connected
2019-02-28 16:00:08.081 [main] DEBUG druid.sql.Connection - {conn-10013} connected
2019-02-28 16:00:08.089 [main] DEBUG druid.sql.Connection - {conn-10014} connected
2019-02-28 16:00:08.096 [main] DEBUG druid.sql.Connection - {conn-10015} connected
2019-02-28 16:00:08.102 [main] DEBUG druid.sql.Connection - {conn-10016} connected
2019-02-28 16:00:08.110 [main] DEBUG druid.sql.Connection - {conn-10017} connected
2019-02-28 16:00:08.119 [main] DEBUG druid.sql.Connection - {conn-10018} connected
2019-02-28 16:00:08.126 [main] DEBUG druid.sql.Connection - {conn-10019} connected
2019-02-28 16:00:08.132 [main] DEBUG druid.sql.Connection - {conn-10020} connected
2019-02-28 16:00:08.138 [main] DEBUG druid.sql.Connection - {conn-10021} connected
2019-02-28 16:00:08.143 [main] DEBUG druid.sql.Connection - {conn-10022} connected
2019-02-28 16:00:08.148 [main] DEBUG druid.sql.Connection - {conn-10023} connected
2019-02-28 16:00:08.154 [main] DEBUG druid.sql.Connection - {conn-10024} connected
2019-02-28 16:00:08.160 [main] DEBUG druid.sql.Connection - {conn-10025} connected
2019-02-28 16:00:08.166 [main] DEBUG druid.sql.Connection - {conn-10026} connected
2019-02-28 16:00:08.173 [main] DEBUG druid.sql.Connection - {conn-10027} connected
2019-02-28 16:00:08.177 [main] DEBUG druid.sql.Connection - {conn-10028} connected
2019-02-28 16:00:08.183 [main] DEBUG druid.sql.Connection - {conn-10029} connected
2019-02-28 16:00:08.193 [main] DEBUG druid.sql.Connection - {conn-10030} connected
2019-02-28 16:00:08.313 [main] DEBUG druid.sql.Connection - {conn-10030} pool-connect
2019-02-28 16:00:08.316 [main] DEBUG druid.sql.Connection - {conn-10030} pool-recycle
2019-02-28 16:00:08.327 [main] DEBUG druid.sql.Connection - {conn-10030} pool-connect
2019-02-28 16:00:08.332 [main] DEBUG druid.sql.Connection - {conn-10030} pool-recycle
2019-02-28 16:00:08.988 [main] DEBUG druid.sql.Connection - {conn-10030} pool-connect
2019-02-28 16:00:09.078 [main] DEBUG druid.sql.Connection - {conn-10030} pool-recycle
2019-02-28 16:00:10.099 [main] DEBUG druid.sql.Connection - {conn-10030} pool-connect
2019-02-28 16:00:10.099 [main] DEBUG druid.sql.Connection - {conn-10030} pool-recycle
2019-02-28 16:00:47.149 [Thread-27] DEBUG druid.sql.Connection - {conn-10001} closed
2019-02-28 16:00:47.150 [Thread-27] DEBUG druid.sql.Connection - {conn-10002} closed
2019-02-28 16:00:47.151 [Thread-27] DEBUG druid.sql.Connection - {conn-10003} closed
2019-02-28 16:00:47.152 [Thread-27] DEBUG druid.sql.Connection - {conn-10004} closed
2019-02-28 16:00:47.153 [Thread-27] DEBUG druid.sql.Connection - {conn-10005} closed
2019-02-28 16:00:47.154 [Thread-27] DEBUG druid.sql.Connection - {conn-10006} closed
2019-02-28 16:00:47.155 [Thread-27] DEBUG druid.sql.Connection - {conn-10007} closed
2019-02-28 16:00:47.155 [Thread-27] DEBUG druid.sql.Connection - {conn-10008} closed
2019-02-28 16:00:47.156 [Thread-27] DEBUG druid.sql.Connection - {conn-10009} closed
2019-02-28 16:00:47.157 [Thread-27] DEBUG druid.sql.Connection - {conn-10010} closed
2019-02-28 16:00:47.157 [Thread-27] DEBUG druid.sql.Connection - {conn-10011} closed
2019-02-28 16:00:47.158 [Thread-27] DEBUG druid.sql.Connection - {conn-10012} closed
2019-02-28 16:00:47.159 [Thread-27] DEBUG druid.sql.Connection - {conn-10013} closed
2019-02-28 16:00:47.160 [Thread-27] DEBUG druid.sql.Connection - {conn-10014} closed
2019-02-28 16:00:47.161 [Thread-27] DEBUG druid.sql.Connection - {conn-10015} closed
2019-02-28 16:00:47.163 [Thread-27] DEBUG druid.sql.Connection - {conn-10016} closed
2019-02-28 16:00:47.163 [Thread-27] DEBUG druid.sql.Connection - {conn-10017} closed
2019-02-28 16:00:47.164 [Thread-27] DEBUG druid.sql.Connection - {conn-10018} closed
2019-02-28 16:00:47.165 [Thread-27] DEBUG druid.sql.Connection - {conn-10019} closed
2019-02-28 16:00:47.169 [Thread-27] DEBUG druid.sql.Connection - {conn-10020} closed
2019-02-28 16:00:47.170 [Thread-27] DEBUG druid.sql.Connection - {conn-10021} closed
2019-02-28 16:00:47.172 [Thread-27] DEBUG druid.sql.Connection - {conn-10022} closed
2019-02-28 16:00:47.173 [Thread-27] DEBUG druid.sql.Connection - {conn-10023} closed
2019-02-28 16:00:47.173 [Thread-27] DEBUG druid.sql.Connection - {conn-10024} closed
2019-02-28 16:00:47.173 [Thread-27] DEBUG druid.sql.Connection - {conn-10025} closed
2019-02-28 16:00:47.174 [Thread-27] DEBUG druid.sql.Connection - {conn-10026} closed
2019-02-28 16:00:47.175 [Thread-27] DEBUG druid.sql.Connection - {conn-10027} closed
2019-02-28 16:00:47.176 [Thread-27] DEBUG druid.sql.Connection - {conn-10028} closed
2019-02-28 16:00:47.176 [Thread-27] DEBUG druid.sql.Connection - {conn-10029} closed
2019-02-28 16:00:47.176 [Thread-27] DEBUG druid.sql.Connection - {conn-10030} closed
2019-02-28 16:00:59.297 [main] DEBUG druid.sql.Connection - {conn-10001} connected
2019-02-28 16:00:59.305 [main] DEBUG druid.sql.Connection - {conn-10002} connected
2019-02-28 16:00:59.311 [main] DEBUG druid.sql.Connection - {conn-10003} connected
2019-02-28 16:00:59.318 [main] DEBUG druid.sql.Connection - {conn-10004} connected
2019-02-28 16:00:59.328 [main] DEBUG druid.sql.Connection - {conn-10005} connected
2019-02-28 16:00:59.335 [main] DEBUG druid.sql.Connection - {conn-10006} connected
2019-02-28 16:00:59.340 [main] DEBUG druid.sql.Connection - {conn-10007} connected
2019-02-28 16:00:59.351 [main] DEBUG druid.sql.Connection - {conn-10008} connected
2019-02-28 16:00:59.368 [main] DEBUG druid.sql.Connection - {conn-10009} connected
2019-02-28 16:00:59.377 [main] DEBUG druid.sql.Connection - {conn-10010} connected
2019-02-28 16:00:59.382 [main] DEBUG druid.sql.Connection - {conn-10011} connected
2019-02-28 16:00:59.390 [main] DEBUG druid.sql.Connection - {conn-10012} connected
2019-02-28 16:00:59.394 [main] DEBUG druid.sql.Connection - {conn-10013} connected
2019-02-28 16:00:59.400 [main] DEBUG druid.sql.Connection - {conn-10014} connected
2019-02-28 16:00:59.409 [main] DEBUG druid.sql.Connection - {conn-10015} connected
2019-02-28 16:00:59.416 [main] DEBUG druid.sql.Connection - {conn-10016} connected
2019-02-28 16:00:59.422 [main] DEBUG druid.sql.Connection - {conn-10017} connected
2019-02-28 16:00:59.430 [main] DEBUG druid.sql.Connection - {conn-10018} connected
2019-02-28 16:00:59.440 [main] DEBUG druid.sql.Connection - {conn-10019} connected
2019-02-28 16:00:59.447 [main] DEBUG druid.sql.Connection - {conn-10020} connected
2019-02-28 16:00:59.453 [main] DEBUG druid.sql.Connection - {conn-10021} connected
2019-02-28 16:00:59.460 [main] DEBUG druid.sql.Connection - {conn-10022} connected
2019-02-28 16:00:59.468 [main] DEBUG druid.sql.Connection - {conn-10023} connected
2019-02-28 16:00:59.474 [main] DEBUG druid.sql.Connection - {conn-10024} connected
2019-02-28 16:00:59.480 [main] DEBUG druid.sql.Connection - {conn-10025} connected
2019-02-28 16:00:59.486 [main] DEBUG druid.sql.Connection - {conn-10026} connected
2019-02-28 16:00:59.492 [main] DEBUG druid.sql.Connection - {conn-10027} connected
2019-02-28 16:00:59.497 [main] DEBUG druid.sql.Connection - {conn-10028} connected
2019-02-28 16:00:59.504 [main] DEBUG druid.sql.Connection - {conn-10029} connected
2019-02-28 16:00:59.509 [main] DEBUG druid.sql.Connection - {conn-10030} connected
2019-02-28 16:00:59.594 [main] DEBUG druid.sql.Connection - {conn-10030} pool-connect
2019-02-28 16:00:59.595 [main] DEBUG druid.sql.Connection - {conn-10030} pool-recycle
2019-02-28 16:00:59.604 [main] DEBUG druid.sql.Connection - {conn-10030} pool-connect
2019-02-28 16:00:59.607 [main] DEBUG druid.sql.Connection - {conn-10030} pool-recycle
2019-02-28 16:00:59.961 [main] DEBUG druid.sql.Connection - {conn-10030} pool-connect
2019-02-28 16:01:00.016 [main] DEBUG druid.sql.Connection - {conn-10030} pool-recycle
2019-02-28 16:01:00.692 [main] DEBUG druid.sql.Connection - {conn-10030} pool-connect
2019-02-28 16:01:00.692 [main] DEBUG druid.sql.Connection - {conn-10030} pool-recycle
2019-02-28 16:17:06.773 [Thread-22] DEBUG druid.sql.Connection - {conn-10001} closed
2019-02-28 16:17:06.774 [Thread-22] DEBUG druid.sql.Connection - {conn-10002} closed
2019-02-28 16:17:06.774 [Thread-22] DEBUG druid.sql.Connection - {conn-10003} closed
2019-02-28 16:17:06.775 [Thread-22] DEBUG druid.sql.Connection - {conn-10004} closed
2019-02-28 16:17:06.775 [Thread-22] DEBUG druid.sql.Connection - {conn-10005} closed
2019-02-28 16:17:06.775 [Thread-22] DEBUG druid.sql.Connection - {conn-10006} closed
2019-02-28 16:17:06.775 [Thread-22] DEBUG druid.sql.Connection - {conn-10007} closed
2019-02-28 16:17:06.775 [Thread-22] DEBUG druid.sql.Connection - {conn-10008} closed
2019-02-28 16:17:06.775 [Thread-22] DEBUG druid.sql.Connection - {conn-10009} closed
2019-02-28 16:17:06.776 [Thread-22] DEBUG druid.sql.Connection - {conn-10010} closed
2019-02-28 16:17:06.777 [Thread-22] DEBUG druid.sql.Connection - {conn-10011} closed
2019-02-28 16:17:06.777 [Thread-22] DEBUG druid.sql.Connection - {conn-10012} closed
2019-02-28 16:17:06.777 [Thread-22] DEBUG druid.sql.Connection - {conn-10013} closed
2019-02-28 16:17:06.777 [Thread-22] DEBUG druid.sql.Connection - {conn-10014} closed
2019-02-28 16:17:06.777 [Thread-22] DEBUG druid.sql.Connection - {conn-10015} closed
2019-02-28 16:17:06.779 [Thread-22] DEBUG druid.sql.Connection - {conn-10016} closed
2019-02-28 16:17:06.779 [Thread-22] DEBUG druid.sql.Connection - {conn-10017} closed
2019-02-28 16:17:06.779 [Thread-22] DEBUG druid.sql.Connection - {conn-10018} closed
2019-02-28 16:17:06.780 [Thread-22] DEBUG druid.sql.Connection - {conn-10019} closed
2019-02-28 16:17:06.780 [Thread-22] DEBUG druid.sql.Connection - {conn-10020} closed
2019-02-28 16:17:06.780 [Thread-22] DEBUG druid.sql.Connection - {conn-10021} closed
2019-02-28 16:17:06.780 [Thread-22] DEBUG druid.sql.Connection - {conn-10022} closed
2019-02-28 16:17:06.781 [Thread-22] DEBUG druid.sql.Connection - {conn-10023} closed
2019-02-28 16:17:06.781 [Thread-22] DEBUG druid.sql.Connection - {conn-10024} closed
2019-02-28 16:17:06.781 [Thread-22] DEBUG druid.sql.Connection - {conn-10025} closed
2019-02-28 16:17:06.781 [Thread-22] DEBUG druid.sql.Connection - {conn-10026} closed
2019-02-28 16:17:06.781 [Thread-22] DEBUG druid.sql.Connection - {conn-10027} closed
2019-02-28 16:17:06.782 [Thread-22] DEBUG druid.sql.Connection - {conn-10028} closed
2019-02-28 16:17:06.782 [Thread-22] DEBUG druid.sql.Connection - {conn-10029} closed
2019-02-28 16:17:06.782 [Thread-22] DEBUG druid.sql.Connection - {conn-10030} closed
2019-02-28 16:17:20.494 [main] DEBUG druid.sql.Connection - {conn-10001} connected
2019-02-28 16:17:20.510 [main] DEBUG druid.sql.Connection - {conn-10002} connected
2019-02-28 16:17:20.518 [main] DEBUG druid.sql.Connection - {conn-10003} connected
2019-02-28 16:17:20.522 [main] DEBUG druid.sql.Connection - {conn-10004} connected
2019-02-28 16:17:20.530 [main] DEBUG druid.sql.Connection - {conn-10005} connected
2019-02-28 16:17:20.538 [main] DEBUG druid.sql.Connection - {conn-10006} connected
2019-02-28 16:17:20.546 [main] DEBUG druid.sql.Connection - {conn-10007} connected
2019-02-28 16:17:20.555 [main] DEBUG druid.sql.Connection - {conn-10008} connected
2019-02-28 16:17:20.562 [main] DEBUG druid.sql.Connection - {conn-10009} connected
2019-02-28 16:17:20.568 [main] DEBUG druid.sql.Connection - {conn-10010} connected
2019-02-28 16:17:20.573 [main] DEBUG druid.sql.Connection - {conn-10011} connected
2019-02-28 16:17:20.586 [main] DEBUG druid.sql.Connection - {conn-10012} connected
2019-02-28 16:17:20.598 [main] DEBUG druid.sql.Connection - {conn-10013} connected
2019-02-28 16:17:20.608 [main] DEBUG druid.sql.Connection - {conn-10014} connected
2019-02-28 16:17:20.613 [main] DEBUG druid.sql.Connection - {conn-10015} connected
2019-02-28 16:17:20.618 [main] DEBUG druid.sql.Connection - {conn-10016} connected
2019-02-28 16:17:20.625 [main] DEBUG druid.sql.Connection - {conn-10017} connected
2019-02-28 16:17:20.629 [main] DEBUG druid.sql.Connection - {conn-10018} connected
2019-02-28 16:17:20.635 [main] DEBUG druid.sql.Connection - {conn-10019} connected
2019-02-28 16:17:20.643 [main] DEBUG druid.sql.Connection - {conn-10020} connected
2019-02-28 16:17:20.652 [main] DEBUG druid.sql.Connection - {conn-10021} connected
2019-02-28 16:17:20.661 [main] DEBUG druid.sql.Connection - {conn-10022} connected
2019-02-28 16:17:20.673 [main] DEBUG druid.sql.Connection - {conn-10023} connected
2019-02-28 16:17:20.684 [main] DEBUG druid.sql.Connection - {conn-10024} connected
2019-02-28 16:17:20.693 [main] DEBUG druid.sql.Connection - {conn-10025} connected
2019-02-28 16:17:20.701 [main] DEBUG druid.sql.Connection - {conn-10026} connected
2019-02-28 16:17:20.710 [main] DEBUG druid.sql.Connection - {conn-10027} connected
2019-02-28 16:17:20.715 [main] DEBUG druid.sql.Connection - {conn-10028} connected
2019-02-28 16:17:20.722 [main] DEBUG druid.sql.Connection - {conn-10029} connected
2019-02-28 16:17:20.730 [main] DEBUG druid.sql.Connection - {conn-10030} connected
2019-02-28 16:17:20.821 [main] DEBUG druid.sql.Connection - {conn-10030} pool-connect
2019-02-28 16:17:20.822 [main] DEBUG druid.sql.Connection - {conn-10030} pool-recycle
2019-02-28 16:17:20.831 [main] DEBUG druid.sql.Connection - {conn-10030} pool-connect
2019-02-28 16:17:20.834 [main] DEBUG druid.sql.Connection - {conn-10030} pool-recycle
2019-02-28 16:17:21.201 [main] DEBUG druid.sql.Connection - {conn-10030} pool-connect
2019-02-28 16:17:21.250 [main] DEBUG druid.sql.Connection - {conn-10030} pool-recycle
2019-02-28 16:17:21.941 [main] DEBUG druid.sql.Connection - {conn-10030} pool-connect
2019-02-28 16:17:21.941 [main] DEBUG druid.sql.Connection - {conn-10030} pool-recycle
2019-02-28 16:17:57.437 [Thread-15] DEBUG druid.sql.Connection - {conn-10001} closed
2019-02-28 16:17:57.437 [Thread-15] DEBUG druid.sql.Connection - {conn-10002} closed
2019-02-28 16:17:57.438 [Thread-15] DEBUG druid.sql.Connection - {conn-10003} closed
2019-02-28 16:17:57.438 [Thread-15] DEBUG druid.sql.Connection - {conn-10004} closed
2019-02-28 16:17:57.438 [Thread-15] DEBUG druid.sql.Connection - {conn-10005} closed
2019-02-28 16:17:57.438 [Thread-15] DEBUG druid.sql.Connection - {conn-10006} closed
2019-02-28 16:17:57.438 [Thread-15] DEBUG druid.sql.Connection - {conn-10007} closed
2019-02-28 16:17:57.438 [Thread-15] DEBUG druid.sql.Connection - {conn-10008} closed
2019-02-28 16:17:57.438 [Thread-15] DEBUG druid.sql.Connection - {conn-10009} closed
2019-02-28 16:17:57.438 [Thread-15] DEBUG druid.sql.Connection - {conn-10010} closed
2019-02-28 16:17:57.439 [Thread-15] DEBUG druid.sql.Connection - {conn-10011} closed
2019-02-28 16:17:57.439 [Thread-15] DEBUG druid.sql.Connection - {conn-10012} closed
2019-02-28 16:17:57.439 [Thread-15] DEBUG druid.sql.Connection - {conn-10013} closed
2019-02-28 16:17:57.439 [Thread-15] DEBUG druid.sql.Connection - {conn-10014} closed
2019-02-28 16:17:57.439 [Thread-15] DEBUG druid.sql.Connection - {conn-10015} closed
2019-02-28 16:17:57.439 [Thread-15] DEBUG druid.sql.Connection - {conn-10016} closed
2019-02-28 16:17:57.439 [Thread-15] DEBUG druid.sql.Connection - {conn-10017} closed
2019-02-28 16:17:57.439 [Thread-15] DEBUG druid.sql.Connection - {conn-10018} closed
2019-02-28 16:17:57.439 [Thread-15] DEBUG druid.sql.Connection - {conn-10019} closed
2019-02-28 16:17:57.439 [Thread-15] DEBUG druid.sql.Connection - {conn-10020} closed
2019-02-28 16:17:57.440 [Thread-15] DEBUG druid.sql.Connection - {conn-10021} closed
2019-02-28 16:17:57.440 [Thread-15] DEBUG druid.sql.Connection - {conn-10022} closed
2019-02-28 16:17:57.440 [Thread-15] DEBUG druid.sql.Connection - {conn-10023} closed
2019-02-28 16:17:57.440 [Thread-15] DEBUG druid.sql.Connection - {conn-10024} closed
2019-02-28 16:17:57.440 [Thread-15] DEBUG druid.sql.Connection - {conn-10025} closed
2019-02-28 16:17:57.440 [Thread-15] DEBUG druid.sql.Connection - {conn-10026} closed
2019-02-28 16:17:57.440 [Thread-15] DEBUG druid.sql.Connection - {conn-10027} closed
2019-02-28 16:17:57.440 [Thread-15] DEBUG druid.sql.Connection - {conn-10028} closed
2019-02-28 16:17:57.441 [Thread-15] DEBUG druid.sql.Connection - {conn-10029} closed
2019-02-28 16:17:57.441 [Thread-15] DEBUG druid.sql.Connection - {conn-10030} closed
2019-02-28 16:22:57.807 [main] DEBUG druid.sql.Connection - {conn-10001} connected
2019-02-28 16:22:57.814 [main] DEBUG druid.sql.Connection - {conn-10002} connected
2019-02-28 16:22:57.819 [main] DEBUG druid.sql.Connection - {conn-10003} connected
2019-02-28 16:22:57.826 [main] DEBUG druid.sql.Connection - {conn-10004} connected
2019-02-28 16:22:57.841 [main] DEBUG druid.sql.Connection - {conn-10005} connected
2019-02-28 16:22:57.859 [main] DEBUG druid.sql.Connection - {conn-10006} connected
2019-02-28 16:22:57.870 [main] DEBUG druid.sql.Connection - {conn-10007} connected
2019-02-28 16:22:57.875 [main] DEBUG druid.sql.Connection - {conn-10008} connected
2019-02-28 16:22:57.880 [main] DEBUG druid.sql.Connection - {conn-10009} connected
2019-02-28 16:22:57.885 [main] DEBUG druid.sql.Connection - {conn-10010} connected
2019-02-28 16:22:57.890 [main] DEBUG druid.sql.Connection - {conn-10011} connected
2019-02-28 16:22:57.896 [main] DEBUG druid.sql.Connection - {conn-10012} connected
2019-02-28 16:22:57.902 [main] DEBUG druid.sql.Connection - {conn-10013} connected
2019-02-28 16:22:57.908 [main] DEBUG druid.sql.Connection - {conn-10014} connected
2019-02-28 16:22:57.912 [main] DEBUG druid.sql.Connection - {conn-10015} connected
2019-02-28 16:22:57.918 [main] DEBUG druid.sql.Connection - {conn-10016} connected
2019-02-28 16:22:57.924 [main] DEBUG druid.sql.Connection - {conn-10017} connected
2019-02-28 16:22:57.929 [main] DEBUG druid.sql.Connection - {conn-10018} connected
2019-02-28 16:22:57.934 [main] DEBUG druid.sql.Connection - {conn-10019} connected
2019-02-28 16:22:57.941 [main] DEBUG druid.sql.Connection - {conn-10020} connected
2019-02-28 16:22:57.948 [main] DEBUG druid.sql.Connection - {conn-10021} connected
2019-02-28 16:22:57.951 [main] DEBUG druid.sql.Connection - {conn-10022} connected
2019-02-28 16:22:57.955 [main] DEBUG druid.sql.Connection - {conn-10023} connected
2019-02-28 16:22:57.961 [main] DEBUG druid.sql.Connection - {conn-10024} connected
2019-02-28 16:22:57.970 [main] DEBUG druid.sql.Connection - {conn-10025} connected
2019-02-28 16:22:57.979 [main] DEBUG druid.sql.Connection - {conn-10026} connected
2019-02-28 16:22:57.988 [main] DEBUG druid.sql.Connection - {conn-10027} connected
2019-02-28 16:22:57.993 [main] DEBUG druid.sql.Connection - {conn-10028} connected
2019-02-28 16:22:57.998 [main] DEBUG druid.sql.Connection - {conn-10029} connected
2019-02-28 16:22:58.001 [main] DEBUG druid.sql.Connection - {conn-10030} connected
2019-02-28 16:22:58.113 [main] DEBUG druid.sql.Connection - {conn-10030} pool-connect
2019-02-28 16:22:58.115 [main] DEBUG druid.sql.Connection - {conn-10030} pool-recycle
2019-02-28 16:22:58.126 [main] DEBUG druid.sql.Connection - {conn-10030} pool-connect
2019-02-28 16:22:58.130 [main] DEBUG druid.sql.Connection - {conn-10030} pool-recycle
2019-02-28 16:22:58.469 [main] DEBUG druid.sql.Connection - {conn-10030} pool-connect
2019-02-28 16:22:58.552 [main] DEBUG druid.sql.Connection - {conn-10030} pool-recycle
2019-02-28 16:22:59.268 [main] DEBUG druid.sql.Connection - {conn-10030} pool-connect
2019-02-28 16:22:59.268 [main] DEBUG druid.sql.Connection - {conn-10030} pool-recycle
2019-02-28 16:23:17.969 [Thread-22] DEBUG druid.sql.Connection - {conn-10001} closed
2019-02-28 16:23:17.969 [Thread-22] DEBUG druid.sql.Connection - {conn-10002} closed
2019-02-28 16:23:17.969 [Thread-22] DEBUG druid.sql.Connection - {conn-10003} closed
2019-02-28 16:23:17.969 [Thread-22] DEBUG druid.sql.Connection - {conn-10004} closed
2019-02-28 16:23:17.970 [Thread-22] DEBUG druid.sql.Connection - {conn-10005} closed
2019-02-28 16:23:17.970 [Thread-22] DEBUG druid.sql.Connection - {conn-10006} closed
2019-02-28 16:23:17.970 [Thread-22] DEBUG druid.sql.Connection - {conn-10007} closed
2019-02-28 16:23:17.970 [Thread-22] DEBUG druid.sql.Connection - {conn-10008} closed
2019-02-28 16:23:17.970 [Thread-22] DEBUG druid.sql.Connection - {conn-10009} closed
2019-02-28 16:23:17.970 [Thread-22] DEBUG druid.sql.Connection - {conn-10010} closed
2019-02-28 16:23:17.970 [Thread-22] DEBUG druid.sql.Connection - {conn-10011} closed
2019-02-28 16:23:17.970 [Thread-22] DEBUG druid.sql.Connection - {conn-10012} closed
2019-02-28 16:23:17.970 [Thread-22] DEBUG druid.sql.Connection - {conn-10013} closed
2019-02-28 16:23:17.971 [Thread-22] DEBUG druid.sql.Connection - {conn-10014} closed
2019-02-28 16:23:17.971 [Thread-22] DEBUG druid.sql.Connection - {conn-10015} closed
2019-02-28 16:23:17.971 [Thread-22] DEBUG druid.sql.Connection - {conn-10016} closed
2019-02-28 16:23:17.971 [Thread-22] DEBUG druid.sql.Connection - {conn-10017} closed
2019-02-28 16:23:17.971 [Thread-22] DEBUG druid.sql.Connection - {conn-10018} closed
2019-02-28 16:23:17.971 [Thread-22] DEBUG druid.sql.Connection - {conn-10019} closed
2019-02-28 16:23:17.971 [Thread-22] DEBUG druid.sql.Connection - {conn-10020} closed
2019-02-28 16:23:17.971 [Thread-22] DEBUG druid.sql.Connection - {conn-10021} closed
2019-02-28 16:23:17.972 [Thread-22] DEBUG druid.sql.Connection - {conn-10022} closed
2019-02-28 16:23:17.972 [Thread-22] DEBUG druid.sql.Connection - {conn-10023} closed
2019-02-28 16:23:17.972 [Thread-22] DEBUG druid.sql.Connection - {conn-10024} closed
2019-02-28 16:23:17.972 [Thread-22] DEBUG druid.sql.Connection - {conn-10025} closed
2019-02-28 16:23:17.972 [Thread-22] DEBUG druid.sql.Connection - {conn-10026} closed
2019-02-28 16:23:17.972 [Thread-22] DEBUG druid.sql.Connection - {conn-10027} closed
2019-02-28 16:23:17.972 [Thread-22] DEBUG druid.sql.Connection - {conn-10028} closed
2019-02-28 16:23:17.972 [Thread-22] DEBUG druid.sql.Connection - {conn-10029} closed
2019-02-28 16:23:17.972 [Thread-22] DEBUG druid.sql.Connection - {conn-10030} closed
2019-02-28 16:25:02.427 [main] DEBUG druid.sql.Connection - {conn-10001} connected
2019-02-28 16:25:02.434 [main] DEBUG druid.sql.Connection - {conn-10002} connected
2019-02-28 16:25:02.442 [main] DEBUG druid.sql.Connection - {conn-10003} connected
2019-02-28 16:25:02.447 [main] DEBUG druid.sql.Connection - {conn-10004} connected
2019-02-28 16:25:02.451 [main] DEBUG druid.sql.Connection - {conn-10005} connected
2019-02-28 16:25:02.458 [main] DEBUG druid.sql.Connection - {conn-10006} connected
2019-02-28 16:25:02.465 [main] DEBUG druid.sql.Connection - {conn-10007} connected
2019-02-28 16:25:02.470 [main] DEBUG druid.sql.Connection - {conn-10008} connected
2019-02-28 16:25:02.476 [main] DEBUG druid.sql.Connection - {conn-10009} connected
2019-02-28 16:25:02.481 [main] DEBUG druid.sql.Connection - {conn-10010} connected
2019-02-28 16:25:02.486 [main] DEBUG druid.sql.Connection - {conn-10011} connected
2019-02-28 16:25:02.490 [main] DEBUG druid.sql.Connection - {conn-10012} connected
2019-02-28 16:25:02.494 [main] DEBUG druid.sql.Connection - {conn-10013} connected
2019-02-28 16:25:02.498 [main] DEBUG druid.sql.Connection - {conn-10014} connected
2019-02-28 16:25:02.502 [main] DEBUG druid.sql.Connection - {conn-10015} connected
2019-02-28 16:25:02.507 [main] DEBUG druid.sql.Connection - {conn-10016} connected
2019-02-28 16:25:02.512 [main] DEBUG druid.sql.Connection - {conn-10017} connected
2019-02-28 16:25:02.516 [main] DEBUG druid.sql.Connection - {conn-10018} connected
2019-02-28 16:25:02.523 [main] DEBUG druid.sql.Connection - {conn-10019} connected
2019-02-28 16:25:02.533 [main] DEBUG druid.sql.Connection - {conn-10020} connected
2019-02-28 16:25:02.537 [main] DEBUG druid.sql.Connection - {conn-10021} connected
2019-02-28 16:25:02.543 [main] DEBUG druid.sql.Connection - {conn-10022} connected
2019-02-28 16:25:02.547 [main] DEBUG druid.sql.Connection - {conn-10023} connected
2019-02-28 16:25:02.553 [main] DEBUG druid.sql.Connection - {conn-10024} connected
2019-02-28 16:25:02.557 [main] DEBUG druid.sql.Connection - {conn-10025} connected
2019-02-28 16:25:02.562 [main] DEBUG druid.sql.Connection - {conn-10026} connected
2019-02-28 16:25:02.567 [main] DEBUG druid.sql.Connection - {conn-10027} connected
2019-02-28 16:25:02.572 [main] DEBUG druid.sql.Connection - {conn-10028} connected
2019-02-28 16:25:02.578 [main] DEBUG druid.sql.Connection - {conn-10029} connected
2019-02-28 16:25:02.585 [main] DEBUG druid.sql.Connection - {conn-10030} connected
2019-02-28 16:25:02.730 [main] DEBUG druid.sql.Connection - {conn-10030} pool-connect
2019-02-28 16:25:02.733 [main] DEBUG druid.sql.Connection - {conn-10030} pool-recycle
2019-02-28 16:25:02.745 [main] DEBUG druid.sql.Connection - {conn-10030} pool-connect
2019-02-28 16:25:02.749 [main] DEBUG druid.sql.Connection - {conn-10030} pool-recycle
2019-02-28 16:25:03.499 [main] DEBUG druid.sql.Connection - {conn-10030} pool-connect
2019-02-28 16:25:03.585 [main] DEBUG druid.sql.Connection - {conn-10030} pool-recycle
2019-02-28 16:25:04.711 [main] DEBUG druid.sql.Connection - {conn-10030} pool-connect
2019-02-28 16:25:04.711 [main] DEBUG druid.sql.Connection - {conn-10030} pool-recycle
2019-02-28 16:25:19.777 [Thread-28] DEBUG druid.sql.Connection - {conn-10001} closed
2019-02-28 16:25:19.777 [Thread-28] DEBUG druid.sql.Connection - {conn-10002} closed
2019-02-28 16:25:19.778 [Thread-28] DEBUG druid.sql.Connection - {conn-10003} closed
2019-02-28 16:25:19.778 [Thread-28] DEBUG druid.sql.Connection - {conn-10004} closed
2019-02-28 16:25:19.778 [Thread-28] DEBUG druid.sql.Connection - {conn-10005} closed
2019-02-28 16:25:19.778 [Thread-28] DEBUG druid.sql.Connection - {conn-10006} closed
2019-02-28 16:25:19.778 [Thread-28] DEBUG druid.sql.Connection - {conn-10007} closed
2019-02-28 16:25:19.778 [Thread-28] DEBUG druid.sql.Connection - {conn-10008} closed
2019-02-28 16:25:19.778 [Thread-28] DEBUG druid.sql.Connection - {conn-10009} closed
2019-02-28 16:25:19.778 [Thread-28] DEBUG druid.sql.Connection - {conn-10010} closed
2019-02-28 16:25:19.778 [Thread-28] DEBUG druid.sql.Connection - {conn-10011} closed
2019-02-28 16:25:19.778 [Thread-28] DEBUG druid.sql.Connection - {conn-10012} closed
2019-02-28 16:25:19.778 [Thread-28] DEBUG druid.sql.Connection - {conn-10013} closed
2019-02-28 16:25:19.779 [Thread-28] DEBUG druid.sql.Connection - {conn-10014} closed
2019-02-28 16:25:19.779 [Thread-28] DEBUG druid.sql.Connection - {conn-10015} closed
2019-02-28 16:25:19.779 [Thread-28] DEBUG druid.sql.Connection - {conn-10016} closed
2019-02-28 16:25:19.779 [Thread-28] DEBUG druid.sql.Connection - {conn-10017} closed
2019-02-28 16:25:19.779 [Thread-28] DEBUG druid.sql.Connection - {conn-10018} closed
2019-02-28 16:25:19.779 [Thread-28] DEBUG druid.sql.Connection - {conn-10019} closed
2019-02-28 16:25:19.779 [Thread-28] DEBUG druid.sql.Connection - {conn-10020} closed
2019-02-28 16:25:19.779 [Thread-28] DEBUG druid.sql.Connection - {conn-10021} closed
2019-02-28 16:25:19.779 [Thread-28] DEBUG druid.sql.Connection - {conn-10022} closed
2019-02-28 16:25:19.779 [Thread-28] DEBUG druid.sql.Connection - {conn-10023} closed
2019-02-28 16:25:19.780 [Thread-28] DEBUG druid.sql.Connection - {conn-10024} closed
2019-02-28 16:25:19.780 [Thread-28] DEBUG druid.sql.Connection - {conn-10025} closed
2019-02-28 16:25:19.780 [Thread-28] DEBUG druid.sql.Connection - {conn-10026} closed
2019-02-28 16:25:19.780 [Thread-28] DEBUG druid.sql.Connection - {conn-10027} closed
2019-02-28 16:25:19.780 [Thread-28] DEBUG druid.sql.Connection - {conn-10028} closed
2019-02-28 16:25:19.780 [Thread-28] DEBUG druid.sql.Connection - {conn-10029} closed
2019-02-28 16:25:19.780 [Thread-28] DEBUG druid.sql.Connection - {conn-10030} closed
2019-02-28 16:26:53.722 [main] DEBUG druid.sql.Connection - {conn-10001} connected
2019-02-28 16:26:53.734 [main] DEBUG druid.sql.Connection - {conn-10002} connected
2019-02-28 16:26:53.739 [main] DEBUG druid.sql.Connection - {conn-10003} connected
2019-02-28 16:26:53.745 [main] DEBUG druid.sql.Connection - {conn-10004} connected
2019-02-28 16:26:53.750 [main] DEBUG druid.sql.Connection - {conn-10005} connected
2019-02-28 16:26:53.757 [main] DEBUG druid.sql.Connection - {conn-10006} connected
2019-02-28 16:26:53.761 [main] DEBUG druid.sql.Connection - {conn-10007} connected
2019-02-28 16:26:53.765 [main] DEBUG druid.sql.Connection - {conn-10008} connected
2019-02-28 16:26:53.769 [main] DEBUG druid.sql.Connection - {conn-10009} connected
2019-02-28 16:26:53.776 [main] DEBUG druid.sql.Connection - {conn-10010} connected
2019-02-28 16:26:53.780 [main] DEBUG druid.sql.Connection - {conn-10011} connected
2019-02-28 16:26:53.784 [main] DEBUG druid.sql.Connection - {conn-10012} connected
2019-02-28 16:26:53.788 [main] DEBUG druid.sql.Connection - {conn-10013} connected
2019-02-28 16:26:53.792 [main] DEBUG druid.sql.Connection - {conn-10014} connected
2019-02-28 16:26:53.795 [main] DEBUG druid.sql.Connection - {conn-10015} connected
2019-02-28 16:26:53.800 [main] DEBUG druid.sql.Connection - {conn-10016} connected
2019-02-28 16:26:53.804 [main] DEBUG druid.sql.Connection - {conn-10017} connected
2019-02-28 16:26:53.810 [main] DEBUG druid.sql.Connection - {conn-10018} connected
2019-02-28 16:26:53.816 [main] DEBUG druid.sql.Connection - {conn-10019} connected
2019-02-28 16:26:53.824 [main] DEBUG druid.sql.Connection - {conn-10020} connected
2019-02-28 16:26:53.835 [main] DEBUG druid.sql.Connection - {conn-10021} connected
2019-02-28 16:26:53.845 [main] DEBUG druid.sql.Connection - {conn-10022} connected
2019-02-28 16:26:53.850 [main] DEBUG druid.sql.Connection - {conn-10023} connected
2019-02-28 16:26:53.854 [main] DEBUG druid.sql.Connection - {conn-10024} connected
2019-02-28 16:26:53.860 [main] DEBUG druid.sql.Connection - {conn-10025} connected
2019-02-28 16:26:53.864 [main] DEBUG druid.sql.Connection - {conn-10026} connected
2019-02-28 16:26:53.869 [main] DEBUG druid.sql.Connection - {conn-10027} connected
2019-02-28 16:26:53.873 [main] DEBUG druid.sql.Connection - {conn-10028} connected
2019-02-28 16:26:53.878 [main] DEBUG druid.sql.Connection - {conn-10029} connected
2019-02-28 16:26:53.882 [main] DEBUG druid.sql.Connection - {conn-10030} connected
2019-02-28 16:26:54.027 [main] DEBUG druid.sql.Connection - {conn-10030} pool-connect
2019-02-28 16:26:54.030 [main] DEBUG druid.sql.Connection - {conn-10030} pool-recycle
2019-02-28 16:26:54.041 [main] DEBUG druid.sql.Connection - {conn-10030} pool-connect
2019-02-28 16:26:54.046 [main] DEBUG druid.sql.Connection - {conn-10030} pool-recycle
2019-02-28 16:26:54.800 [main] DEBUG druid.sql.Connection - {conn-10030} pool-connect
2019-02-28 16:26:54.887 [main] DEBUG druid.sql.Connection - {conn-10030} pool-recycle
2019-02-28 16:26:55.936 [main] DEBUG druid.sql.Connection - {conn-10030} pool-connect
2019-02-28 16:26:55.936 [main] DEBUG druid.sql.Connection - {conn-10030} pool-recycle
2019-02-28 16:27:05.155 [Thread-26] DEBUG druid.sql.Connection - {conn-10001} closed
2019-02-28 16:27:05.156 [Thread-26] DEBUG druid.sql.Connection - {conn-10002} closed
2019-02-28 16:27:05.156 [Thread-26] DEBUG druid.sql.Connection - {conn-10003} closed
2019-02-28 16:27:05.156 [Thread-26] DEBUG druid.sql.Connection - {conn-10004} closed
2019-02-28 16:27:05.156 [Thread-26] DEBUG druid.sql.Connection - {conn-10005} closed
2019-02-28 16:27:05.157 [Thread-26] DEBUG druid.sql.Connection - {conn-10006} closed
2019-02-28 16:27:05.157 [Thread-26] DEBUG druid.sql.Connection - {conn-10007} closed
2019-02-28 16:27:05.157 [Thread-26] DEBUG druid.sql.Connection - {conn-10008} closed
2019-02-28 16:27:05.157 [Thread-26] DEBUG druid.sql.Connection - {conn-10009} closed
2019-02-28 16:27:05.157 [Thread-26] DEBUG druid.sql.Connection - {conn-10010} closed
2019-02-28 16:27:05.158 [Thread-26] DEBUG druid.sql.Connection - {conn-10011} closed
2019-02-28 16:27:05.158 [Thread-26] DEBUG druid.sql.Connection - {conn-10012} closed
2019-02-28 16:27:05.158 [Thread-26] DEBUG druid.sql.Connection - {conn-10013} closed
2019-02-28 16:27:05.158 [Thread-26] DEBUG druid.sql.Connection - {conn-10014} closed
2019-02-28 16:27:05.158 [Thread-26] DEBUG druid.sql.Connection - {conn-10015} closed
2019-02-28 16:27:05.158 [Thread-26] DEBUG druid.sql.Connection - {conn-10016} closed
2019-02-28 16:27:05.158 [Thread-26] DEBUG druid.sql.Connection - {conn-10017} closed
2019-02-28 16:27:05.158 [Thread-26] DEBUG druid.sql.Connection - {conn-10018} closed
2019-02-28 16:27:05.158 [Thread-26] DEBUG druid.sql.Connection - {conn-10019} closed
2019-02-28 16:27:05.159 [Thread-26] DEBUG druid.sql.Connection - {conn-10020} closed
2019-02-28 16:27:05.159 [Thread-26] DEBUG druid.sql.Connection - {conn-10021} closed
2019-02-28 16:27:05.159 [Thread-26] DEBUG druid.sql.Connection - {conn-10022} closed
2019-02-28 16:27:05.159 [Thread-26] DEBUG druid.sql.Connection - {conn-10023} closed
2019-02-28 16:27:05.159 [Thread-26] DEBUG druid.sql.Connection - {conn-10024} closed
2019-02-28 16:27:05.159 [Thread-26] DEBUG druid.sql.Connection - {conn-10025} closed
2019-02-28 16:27:05.159 [Thread-26] DEBUG druid.sql.Connection - {conn-10026} closed
2019-02-28 16:27:05.160 [Thread-26] DEBUG druid.sql.Connection - {conn-10027} closed
2019-02-28 16:27:05.160 [Thread-26] DEBUG druid.sql.Connection - {conn-10028} closed
2019-02-28 16:27:05.161 [Thread-26] DEBUG druid.sql.Connection - {conn-10029} closed
2019-02-28 16:27:05.161 [Thread-26] DEBUG druid.sql.Connection - {conn-10030} closed
2019-02-28 16:29:02.611 [main] DEBUG druid.sql.Connection - {conn-10001} connected
2019-02-28 16:29:02.618 [main] DEBUG druid.sql.Connection - {conn-10002} connected
2019-02-28 16:29:02.623 [main] DEBUG druid.sql.Connection - {conn-10003} connected
2019-02-28 16:29:02.630 [main] DEBUG druid.sql.Connection - {conn-10004} connected
2019-02-28 16:29:02.636 [main] DEBUG druid.sql.Connection - {conn-10005} connected
2019-02-28 16:29:02.650 [main] DEBUG druid.sql.Connection - {conn-10006} connected
2019-02-28 16:29:02.656 [main] DEBUG druid.sql.Connection - {conn-10007} connected
2019-02-28 16:29:02.661 [main] DEBUG druid.sql.Connection - {conn-10008} connected
2019-02-28 16:29:02.674 [main] DEBUG druid.sql.Connection - {conn-10009} connected
2019-02-28 16:29:02.682 [main] DEBUG druid.sql.Connection - {conn-10010} connected
2019-02-28 16:29:02.689 [main] DEBUG druid.sql.Connection - {conn-10011} connected
2019-02-28 16:29:02.694 [main] DEBUG druid.sql.Connection - {conn-10012} connected
2019-02-28 16:29:02.699 [main] DEBUG druid.sql.Connection - {conn-10013} connected
2019-02-28 16:29:02.705 [main] DEBUG druid.sql.Connection - {conn-10014} connected
2019-02-28 16:29:02.711 [main] DEBUG druid.sql.Connection - {conn-10015} connected
2019-02-28 16:29:02.715 [main] DEBUG druid.sql.Connection - {conn-10016} connected
2019-02-28 16:29:02.722 [main] DEBUG druid.sql.Connection - {conn-10017} connected
2019-02-28 16:29:02.729 [main] DEBUG druid.sql.Connection - {conn-10018} connected
2019-02-28 16:29:02.733 [main] DEBUG druid.sql.Connection - {conn-10019} connected
2019-02-28 16:29:02.737 [main] DEBUG druid.sql.Connection - {conn-10020} connected
2019-02-28 16:29:02.742 [main] DEBUG druid.sql.Connection - {conn-10021} connected
2019-02-28 16:29:02.747 [main] DEBUG druid.sql.Connection - {conn-10022} connected
2019-02-28 16:29:02.752 [main] DEBUG druid.sql.Connection - {conn-10023} connected
2019-02-28 16:29:02.757 [main] DEBUG druid.sql.Connection - {conn-10024} connected
2019-02-28 16:29:02.770 [main] DEBUG druid.sql.Connection - {conn-10025} connected
2019-02-28 16:29:02.774 [main] DEBUG druid.sql.Connection - {conn-10026} connected
2019-02-28 16:29:02.780 [main] DEBUG druid.sql.Connection - {conn-10027} connected
2019-02-28 16:29:02.785 [main] DEBUG druid.sql.Connection - {conn-10028} connected
2019-02-28 16:29:02.789 [main] DEBUG druid.sql.Connection - {conn-10029} connected
2019-02-28 16:29:02.794 [main] DEBUG druid.sql.Connection - {conn-10030} connected
2019-02-28 16:29:02.947 [main] DEBUG druid.sql.Connection - {conn-10030} pool-connect
2019-02-28 16:29:02.949 [main] DEBUG druid.sql.Connection - {conn-10030} pool-recycle
2019-02-28 16:29:02.963 [main] DEBUG druid.sql.Connection - {conn-10030} pool-connect
2019-02-28 16:29:02.969 [main] DEBUG druid.sql.Connection - {conn-10030} pool-recycle
2019-02-28 16:29:03.721 [main] DEBUG druid.sql.Connection - {conn-10030} pool-connect
2019-02-28 16:29:03.803 [main] DEBUG druid.sql.Connection - {conn-10030} pool-recycle
2019-02-28 16:29:04.831 [main] DEBUG druid.sql.Connection - {conn-10030} pool-connect
2019-02-28 16:29:04.831 [main] DEBUG druid.sql.Connection - {conn-10030} pool-recycle
2019-02-28 16:29:12.844 [Thread-27] DEBUG druid.sql.Connection - {conn-10001} closed
2019-02-28 16:29:12.845 [Thread-27] DEBUG druid.sql.Connection - {conn-10002} closed
2019-02-28 16:29:12.846 [Thread-27] DEBUG druid.sql.Connection - {conn-10003} closed
2019-02-28 16:29:12.846 [Thread-27] DEBUG druid.sql.Connection - {conn-10004} closed
2019-02-28 16:29:12.846 [Thread-27] DEBUG druid.sql.Connection - {conn-10005} closed
2019-02-28 16:29:12.847 [Thread-27] DEBUG druid.sql.Connection - {conn-10006} closed
2019-02-28 16:29:12.848 [Thread-27] DEBUG druid.sql.Connection - {conn-10007} closed
2019-02-28 16:29:12.848 [Thread-27] DEBUG druid.sql.Connection - {conn-10008} closed
2019-02-28 16:29:12.850 [Thread-27] DEBUG druid.sql.Connection - {conn-10009} closed
2019-02-28 16:29:12.850 [Thread-27] DEBUG druid.sql.Connection - {conn-10010} closed
2019-02-28 16:29:12.851 [Thread-27] DEBUG druid.sql.Connection - {conn-10011} closed
2019-02-28 16:29:12.852 [Thread-27] DEBUG druid.sql.Connection - {conn-10012} closed
2019-02-28 16:29:12.853 [Thread-27] DEBUG druid.sql.Connection - {conn-10013} closed
2019-02-28 16:29:12.854 [Thread-27] DEBUG druid.sql.Connection - {conn-10014} closed
2019-02-28 16:29:12.855 [Thread-27] DEBUG druid.sql.Connection - {conn-10015} closed
2019-02-28 16:29:12.858 [Thread-27] DEBUG druid.sql.Connection - {conn-10016} closed
2019-02-28 16:29:12.859 [Thread-27] DEBUG druid.sql.Connection - {conn-10017} closed
2019-02-28 16:29:12.860 [Thread-27] DEBUG druid.sql.Connection - {conn-10018} closed
2019-02-28 16:29:12.864 [Thread-27] DEBUG druid.sql.Connection - {conn-10019} closed
2019-02-28 16:29:12.865 [Thread-27] DEBUG druid.sql.Connection - {conn-10020} closed
2019-02-28 16:29:12.870 [Thread-27] DEBUG druid.sql.Connection - {conn-10021} closed
2019-02-28 16:29:12.872 [Thread-27] DEBUG druid.sql.Connection - {conn-10022} closed
2019-02-28 16:29:12.873 [Thread-27] DEBUG druid.sql.Connection - {conn-10023} closed
2019-02-28 16:29:12.873 [Thread-27] DEBUG druid.sql.Connection - {conn-10024} closed
2019-02-28 16:29:12.873 [Thread-27] DEBUG druid.sql.Connection - {conn-10025} closed
2019-02-28 16:29:12.873 [Thread-27] DEBUG druid.sql.Connection - {conn-10026} closed
2019-02-28 16:29:12.874 [Thread-27] DEBUG druid.sql.Connection - {conn-10027} closed
2019-02-28 16:29:12.874 [Thread-27] DEBUG druid.sql.Connection - {conn-10028} closed
2019-02-28 16:29:12.874 [Thread-27] DEBUG druid.sql.Connection - {conn-10029} closed
2019-02-28 16:29:12.874 [Thread-27] DEBUG druid.sql.Connection - {conn-10030} closed
2019-02-28 19:25:18.050 [main] DEBUG druid.sql.Connection - {conn-10001} connected
2019-02-28 19:25:18.063 [main] DEBUG druid.sql.Connection - {conn-10002} connected
2019-02-28 19:25:18.073 [main] DEBUG druid.sql.Connection - {conn-10003} connected
2019-02-28 19:25:18.082 [main] DEBUG druid.sql.Connection - {conn-10004} connected
2019-02-28 19:25:18.089 [main] DEBUG druid.sql.Connection - {conn-10005} connected
2019-02-28 19:25:18.094 [main] DEBUG druid.sql.Connection - {conn-10006} connected
2019-02-28 19:25:18.099 [main] DEBUG druid.sql.Connection - {conn-10007} connected
2019-02-28 19:25:18.107 [main] DEBUG druid.sql.Connection - {conn-10008} connected
2019-02-28 19:25:18.112 [main] DEBUG druid.sql.Connection - {conn-10009} connected
2019-02-28 19:25:18.116 [main] DEBUG druid.sql.Connection - {conn-10010} connected
2019-02-28 19:25:18.121 [main] DEBUG druid.sql.Connection - {conn-10011} connected
2019-02-28 19:25:18.132 [main] DEBUG druid.sql.Connection - {conn-10012} connected
2019-02-28 19:25:18.140 [main] DEBUG druid.sql.Connection - {conn-10013} connected
2019-02-28 19:25:18.146 [main] DEBUG druid.sql.Connection - {conn-10014} connected
2019-02-28 19:25:18.151 [main] DEBUG druid.sql.Connection - {conn-10015} connected
2019-02-28 19:25:18.162 [main] DEBUG druid.sql.Connection - {conn-10016} connected
2019-02-28 19:25:18.170 [main] DEBUG druid.sql.Connection - {conn-10017} connected
2019-02-28 19:25:18.182 [main] DEBUG druid.sql.Connection - {conn-10018} connected
2019-02-28 19:25:18.192 [main] DEBUG druid.sql.Connection - {conn-10019} connected
2019-02-28 19:25:18.203 [main] DEBUG druid.sql.Connection - {conn-10020} connected
2019-02-28 19:25:18.211 [main] DEBUG druid.sql.Connection - {conn-10021} connected
2019-02-28 19:25:18.214 [main] DEBUG druid.sql.Connection - {conn-10022} connected
2019-02-28 19:25:18.220 [main] DEBUG druid.sql.Connection - {conn-10023} connected
2019-02-28 19:25:18.223 [main] DEBUG druid.sql.Connection - {conn-10024} connected
2019-02-28 19:25:18.228 [main] DEBUG druid.sql.Connection - {conn-10025} connected
2019-02-28 19:25:18.232 [main] DEBUG druid.sql.Connection - {conn-10026} connected
2019-02-28 19:25:18.236 [main] DEBUG druid.sql.Connection - {conn-10027} connected
2019-02-28 19:25:18.239 [main] DEBUG druid.sql.Connection - {conn-10028} connected
2019-02-28 19:25:18.246 [main] DEBUG druid.sql.Connection - {conn-10029} connected
2019-02-28 19:25:18.255 [main] DEBUG druid.sql.Connection - {conn-10030} connected
2019-02-28 19:25:18.498 [main] DEBUG druid.sql.Connection - {conn-10030} pool-connect
2019-02-28 19:25:18.501 [main] DEBUG druid.sql.Connection - {conn-10030} pool-recycle
2019-02-28 19:25:18.516 [main] DEBUG druid.sql.Connection - {conn-10030} pool-connect
2019-02-28 19:25:18.523 [main] DEBUG druid.sql.Connection - {conn-10030} pool-recycle
2019-02-28 19:25:19.666 [main] DEBUG druid.sql.Connection - {conn-10030} pool-connect
2019-02-28 19:25:19.790 [main] DEBUG druid.sql.Connection - {conn-10030} pool-recycle
2019-02-28 19:25:21.785 [main] DEBUG druid.sql.Connection - {conn-10030} pool-connect
2019-02-28 19:25:21.786 [main] DEBUG druid.sql.Connection - {conn-10030} pool-recycle
2019-02-28 19:25:42.357 [main] DEBUG druid.sql.Connection - {conn-10001} connected
2019-02-28 19:25:42.367 [main] DEBUG druid.sql.Connection - {conn-10002} connected
2019-02-28 19:25:42.376 [main] DEBUG druid.sql.Connection - {conn-10003} connected
2019-02-28 19:25:42.387 [main] DEBUG druid.sql.Connection - {conn-10004} connected
2019-02-28 19:25:42.396 [main] DEBUG druid.sql.Connection - {conn-10005} connected
2019-02-28 19:25:42.406 [main] DEBUG druid.sql.Connection - {conn-10006} connected
2019-02-28 19:25:42.413 [main] DEBUG druid.sql.Connection - {conn-10007} connected
2019-02-28 19:25:42.421 [main] DEBUG druid.sql.Connection - {conn-10008} connected
2019-02-28 19:25:42.432 [main] DEBUG druid.sql.Connection - {conn-10009} connected
2019-02-28 19:25:42.453 [main] DEBUG druid.sql.Connection - {conn-10010} connected
2019-02-28 19:25:42.473 [main] DEBUG druid.sql.Connection - {conn-10011} connected
2019-02-28 19:25:42.481 [main] DEBUG druid.sql.Connection - {conn-10012} connected
2019-02-28 19:25:42.489 [main] DEBUG druid.sql.Connection - {conn-10013} connected
2019-02-28 19:25:42.497 [main] DEBUG druid.sql.Connection - {conn-10014} connected
2019-02-28 19:25:42.505 [main] DEBUG druid.sql.Connection - {conn-10015} connected
2019-02-28 19:25:42.519 [main] DEBUG druid.sql.Connection - {conn-10016} connected
2019-02-28 19:25:42.528 [main] DEBUG druid.sql.Connection - {conn-10017} connected
2019-02-28 19:25:42.545 [main] DEBUG druid.sql.Connection - {conn-10018} connected
2019-02-28 19:25:42.554 [main] DEBUG druid.sql.Connection - {conn-10019} connected
2019-02-28 19:25:42.568 [main] DEBUG druid.sql.Connection - {conn-10020} connected
2019-02-28 19:25:42.577 [main] DEBUG druid.sql.Connection - {conn-10021} connected
2019-02-28 19:25:42.595 [main] DEBUG druid.sql.Connection - {conn-10022} connected
2019-02-28 19:25:42.607 [main] DEBUG druid.sql.Connection - {conn-10023} connected
2019-02-28 19:25:42.614 [main] DEBUG druid.sql.Connection - {conn-10024} connected
2019-02-28 19:25:42.623 [main] DEBUG druid.sql.Connection - {conn-10025} connected
2019-02-28 19:25:42.629 [main] DEBUG druid.sql.Connection - {conn-10026} connected
2019-02-28 19:25:42.637 [main] DEBUG druid.sql.Connection - {conn-10027} connected
2019-02-28 19:25:42.645 [main] DEBUG druid.sql.Connection - {conn-10028} connected
2019-02-28 19:25:42.651 [main] DEBUG druid.sql.Connection - {conn-10029} connected
2019-02-28 19:25:42.662 [main] DEBUG druid.sql.Connection - {conn-10030} connected
2019-02-28 19:25:42.900 [main] DEBUG druid.sql.Connection - {conn-10030} pool-connect
2019-02-28 19:25:42.908 [main] DEBUG druid.sql.Connection - {conn-10030} pool-recycle
2019-02-28 19:25:42.922 [main] DEBUG druid.sql.Connection - {conn-10030} pool-connect
2019-02-28 19:25:42.928 [main] DEBUG druid.sql.Connection - {conn-10030} pool-recycle
2019-02-28 19:25:43.314 [main] DEBUG druid.sql.Connection - {conn-10030} pool-connect
2019-02-28 19:25:43.378 [main] DEBUG druid.sql.Connection - {conn-10030} pool-recycle
2019-02-28 19:25:44.019 [main] DEBUG druid.sql.Connection - {conn-10030} pool-connect
2019-02-28 19:25:44.019 [main] DEBUG druid.sql.Connection - {conn-10030} pool-recycle
2019-02-28 19:55:42.834 [Druid-ConnectionPool-Destroy-1474529475] DEBUG druid.sql.Connection - {conn-10001} closed
2019-02-28 19:55:42.835 [Druid-ConnectionPool-Destroy-1474529475] DEBUG druid.sql.Connection - {conn-10002} closed
2019-02-28 19:55:42.835 [Druid-ConnectionPool-Destroy-1474529475] DEBUG druid.sql.Connection - {conn-10003} closed
2019-02-28 19:55:42.835 [Druid-ConnectionPool-Destroy-1474529475] DEBUG druid.sql.Connection - {conn-10004} closed
2019-02-28 19:55:42.835 [Druid-ConnectionPool-Destroy-1474529475] DEBUG druid.sql.Connection - {conn-10005} closed
2019-02-28 19:55:42.836 [Druid-ConnectionPool-Destroy-1474529475] DEBUG druid.sql.Connection - {conn-10006} closed
2019-02-28 19:55:42.836 [Druid-ConnectionPool-Destroy-1474529475] DEBUG druid.sql.Connection - {conn-10007} closed
2019-02-28 19:55:42.836 [Druid-ConnectionPool-Destroy-1474529475] DEBUG druid.sql.Connection - {conn-10008} closed
2019-02-28 19:55:42.836 [Druid-ConnectionPool-Destroy-1474529475] DEBUG druid.sql.Connection - {conn-10009} closed
2019-02-28 19:55:42.836 [Druid-ConnectionPool-Destroy-1474529475] DEBUG druid.sql.Connection - {conn-10010} closed
2019-02-28 19:55:42.836 [Druid-ConnectionPool-Destroy-1474529475] DEBUG druid.sql.Connection - {conn-10011} closed
2019-02-28 19:55:42.837 [Druid-ConnectionPool-Destroy-1474529475] DEBUG druid.sql.Connection - {conn-10012} closed
2019-02-28 19:55:42.837 [Druid-ConnectionPool-Destroy-1474529475] DEBUG druid.sql.Connection - {conn-10013} closed
2019-02-28 19:55:42.837 [Druid-ConnectionPool-Destroy-1474529475] DEBUG druid.sql.Connection - {conn-10014} closed
2019-02-28 19:55:42.837 [Druid-ConnectionPool-Destroy-1474529475] DEBUG druid.sql.Connection - {conn-10015} closed
2019-02-28 19:55:42.837 [Druid-ConnectionPool-Destroy-1474529475] DEBUG druid.sql.Connection - {conn-10016} closed
2019-02-28 19:55:42.837 [Druid-ConnectionPool-Destroy-1474529475] DEBUG druid.sql.Connection - {conn-10017} closed
2019-02-28 19:55:42.838 [Druid-ConnectionPool-Destroy-1474529475] DEBUG druid.sql.Connection - {conn-10018} closed
2019-02-28 19:55:42.838 [Druid-ConnectionPool-Destroy-1474529475] DEBUG druid.sql.Connection - {conn-10019} closed
2019-02-28 19:55:42.838 [Druid-ConnectionPool-Destroy-1474529475] DEBUG druid.sql.Connection - {conn-10020} closed
2019-02-28 19:55:42.838 [Druid-ConnectionPool-Destroy-1474529475] DEBUG druid.sql.Connection - {conn-10021} closed
2019-02-28 19:55:42.838 [Druid-ConnectionPool-Destroy-1474529475] DEBUG druid.sql.Connection - {conn-10022} closed
2019-02-28 19:55:42.839 [Druid-ConnectionPool-Destroy-1474529475] DEBUG druid.sql.Connection - {conn-10023} closed
2019-02-28 19:55:42.839 [Druid-ConnectionPool-Destroy-1474529475] DEBUG druid.sql.Connection - {conn-10024} closed
2019-02-28 19:55:42.839 [Druid-ConnectionPool-Destroy-1474529475] DEBUG druid.sql.Connection - {conn-10025} closed
2019-02-28 19:55:42.840 [Druid-ConnectionPool-Destroy-1474529475] DEBUG druid.sql.Connection - {conn-10026} closed
2019-02-28 19:55:42.840 [Druid-ConnectionPool-Destroy-1474529475] DEBUG druid.sql.Connection - {conn-10027} closed
2019-02-28 19:55:42.840 [Druid-ConnectionPool-Destroy-1474529475] DEBUG druid.sql.Connection - {conn-10028} closed
2019-02-28 19:55:42.840 [Druid-ConnectionPool-Destroy-1474529475] DEBUG druid.sql.Connection - {conn-10029} closed
2019-02-28 19:56:42.845 [Druid-ConnectionPool-Destroy-1474529475] DEBUG druid.sql.Connection - {conn-10030} closed
2019-02-28 19:57:45.674 [main] DEBUG druid.sql.Connection - {conn-10001} connected
2019-02-28 19:57:45.688 [main] DEBUG druid.sql.Connection - {conn-10002} connected
2019-02-28 19:57:45.693 [main] DEBUG druid.sql.Connection - {conn-10003} connected
2019-02-28 19:57:45.698 [main] DEBUG druid.sql.Connection - {conn-10004} connected
2019-02-28 19:57:45.702 [main] DEBUG druid.sql.Connection - {conn-10005} connected
2019-02-28 19:57:45.707 [main] DEBUG druid.sql.Connection - {conn-10006} connected
2019-02-28 19:57:45.715 [main] DEBUG druid.sql.Connection - {conn-10007} connected
2019-02-28 19:57:45.722 [main] DEBUG druid.sql.Connection - {conn-10008} connected
2019-02-28 19:57:45.726 [main] DEBUG druid.sql.Connection - {conn-10009} connected
2019-02-28 19:57:45.732 [main] DEBUG druid.sql.Connection - {conn-10010} connected
2019-02-28 19:57:45.738 [main] DEBUG druid.sql.Connection - {conn-10011} connected
2019-02-28 19:57:45.742 [main] DEBUG druid.sql.Connection - {conn-10012} connected
2019-02-28 19:57:45.746 [main] DEBUG druid.sql.Connection - {conn-10013} connected
2019-02-28 19:57:45.750 [main] DEBUG druid.sql.Connection - {conn-10014} connected
2019-02-28 19:57:45.757 [main] DEBUG druid.sql.Connection - {conn-10015} connected
2019-02-28 19:57:45.762 [main] DEBUG druid.sql.Connection - {conn-10016} connected
2019-02-28 19:57:45.768 [main] DEBUG druid.sql.Connection - {conn-10017} connected
2019-02-28 19:57:45.775 [main] DEBUG druid.sql.Connection - {conn-10018} connected
2019-02-28 19:57:45.781 [main] DEBUG druid.sql.Connection - {conn-10019} connected
2019-02-28 19:57:45.786 [main] DEBUG druid.sql.Connection - {conn-10020} connected
2019-02-28 19:57:45.790 [main] DEBUG druid.sql.Connection - {conn-10021} connected
2019-02-28 19:57:45.796 [main] DEBUG druid.sql.Connection - {conn-10022} connected
2019-02-28 19:57:45.800 [main] DEBUG druid.sql.Connection - {conn-10023} connected
2019-02-28 19:57:45.803 [main] DEBUG druid.sql.Connection - {conn-10024} connected
2019-02-28 19:57:45.807 [main] DEBUG druid.sql.Connection - {conn-10025} connected
2019-02-28 19:57:45.813 [main] DEBUG druid.sql.Connection - {conn-10026} connected
2019-02-28 19:57:45.819 [main] DEBUG druid.sql.Connection - {conn-10027} connected
2019-02-28 19:57:45.823 [main] DEBUG druid.sql.Connection - {conn-10028} connected
2019-02-28 19:57:45.828 [main] DEBUG druid.sql.Connection - {conn-10029} connected
2019-02-28 19:57:45.832 [main] DEBUG druid.sql.Connection - {conn-10030} connected
2019-02-28 19:57:45.915 [main] DEBUG druid.sql.Connection - {conn-10030} pool-connect
2019-02-28 19:57:45.917 [main] DEBUG druid.sql.Connection - {conn-10030} pool-recycle
2019-02-28 19:57:45.926 [main] DEBUG druid.sql.Connection - {conn-10030} pool-connect
2019-02-28 19:57:45.929 [main] DEBUG druid.sql.Connection - {conn-10030} pool-recycle
2019-02-28 19:57:46.296 [main] DEBUG druid.sql.Connection - {conn-10030} pool-connect
2019-02-28 19:57:46.360 [main] DEBUG druid.sql.Connection - {conn-10030} pool-recycle
2019-02-28 19:57:47.062 [main] DEBUG druid.sql.Connection - {conn-10030} pool-connect
2019-02-28 19:57:47.062 [main] DEBUG druid.sql.Connection - {conn-10030} pool-recycle
2019-02-28 19:59:39.271 [Thread-21] DEBUG druid.sql.Connection - {conn-10001} closed
2019-02-28 19:59:39.271 [Thread-21] DEBUG druid.sql.Connection - {conn-10002} closed
2019-02-28 19:59:39.272 [Thread-21] DEBUG druid.sql.Connection - {conn-10003} closed
2019-02-28 19:59:39.272 [Thread-21] DEBUG druid.sql.Connection - {conn-10004} closed
2019-02-28 19:59:39.273 [Thread-21] DEBUG druid.sql.Connection - {conn-10005} closed
2019-02-28 19:59:39.273 [Thread-21] DEBUG druid.sql.Connection - {conn-10006} closed
2019-02-28 19:59:39.274 [Thread-21] DEBUG druid.sql.Connection - {conn-10007} closed
2019-02-28 19:59:39.274 [Thread-21] DEBUG druid.sql.Connection - {conn-10008} closed
2019-02-28 19:59:39.275 [Thread-21] DEBUG druid.sql.Connection - {conn-10009} closed
2019-02-28 19:59:39.277 [Thread-21] DEBUG druid.sql.Connection - {conn-10010} closed
2019-02-28 19:59:39.279 [Thread-21] DEBUG druid.sql.Connection - {conn-10011} closed
2019-02-28 19:59:39.282 [Thread-21] DEBUG druid.sql.Connection - {conn-10012} closed
2019-02-28 19:59:39.285 [Thread-21] DEBUG druid.sql.Connection - {conn-10013} closed
2019-02-28 19:59:39.286 [Thread-21] DEBUG druid.sql.Connection - {conn-10014} closed
2019-02-28 19:59:39.287 [Thread-21] DEBUG druid.sql.Connection - {conn-10015} closed
2019-02-28 19:59:39.291 [Thread-21] DEBUG druid.sql.Connection - {conn-10016} closed
2019-02-28 19:59:39.293 [Thread-21] DEBUG druid.sql.Connection - {conn-10017} closed
2019-02-28 19:59:39.294 [Thread-21] DEBUG druid.sql.Connection - {conn-10018} closed
2019-02-28 19:59:39.295 [Thread-21] DEBUG druid.sql.Connection - {conn-10019} closed
2019-02-28 19:59:39.298 [Thread-21] DEBUG druid.sql.Connection - {conn-10020} closed
2019-02-28 19:59:39.298 [Thread-21] DEBUG druid.sql.Connection - {conn-10021} closed
2019-02-28 19:59:39.298 [Thread-21] DEBUG druid.sql.Connection - {conn-10022} closed
2019-02-28 19:59:39.298 [Thread-21] DEBUG druid.sql.Connection - {conn-10023} closed
2019-02-28 19:59:39.298 [Thread-21] DEBUG druid.sql.Connection - {conn-10024} closed
2019-02-28 19:59:39.298 [Thread-21] DEBUG druid.sql.Connection - {conn-10025} closed
2019-02-28 19:59:39.299 [Thread-21] DEBUG druid.sql.Connection - {conn-10026} closed
2019-02-28 19:59:39.299 [Thread-21] DEBUG druid.sql.Connection - {conn-10027} closed
2019-02-28 19:59:39.299 [Thread-21] DEBUG druid.sql.Connection - {conn-10028} closed
2019-02-28 19:59:39.299 [Thread-21] DEBUG druid.sql.Connection - {conn-10029} closed
2019-02-28 19:59:39.299 [Thread-21] DEBUG druid.sql.Connection - {conn-10030} closed
2019-02-28 19:59:57.646 [main] DEBUG druid.sql.Connection - {conn-10001} connected
2019-02-28 19:59:57.652 [main] DEBUG druid.sql.Connection - {conn-10002} connected
2019-02-28 19:59:57.658 [main] DEBUG druid.sql.Connection - {conn-10003} connected
2019-02-28 19:59:57.663 [main] DEBUG druid.sql.Connection - {conn-10004} connected
2019-02-28 19:59:57.670 [main] DEBUG druid.sql.Connection - {conn-10005} connected
2019-02-28 19:59:57.676 [main] DEBUG druid.sql.Connection - {conn-10006} connected
2019-02-28 19:59:57.681 [main] DEBUG druid.sql.Connection - {conn-10007} connected
2019-02-28 19:59:57.686 [main] DEBUG druid.sql.Connection - {conn-10008} connected
2019-02-28 19:59:57.691 [main] DEBUG druid.sql.Connection - {conn-10009} connected
2019-02-28 19:59:57.697 [main] DEBUG druid.sql.Connection - {conn-10010} connected
2019-02-28 19:59:57.702 [main] DEBUG druid.sql.Connection - {conn-10011} connected
2019-02-28 19:59:57.708 [main] DEBUG druid.sql.Connection - {conn-10012} connected
2019-02-28 19:59:57.714 [main] DEBUG druid.sql.Connection - {conn-10013} connected
2019-02-28 19:59:57.718 [main] DEBUG druid.sql.Connection - {conn-10014} connected
2019-02-28 19:59:57.729 [main] DEBUG druid.sql.Connection - {conn-10015} connected
2019-02-28 19:59:57.735 [main] DEBUG druid.sql.Connection - {conn-10016} connected
2019-02-28 19:59:57.742 [main] DEBUG druid.sql.Connection - {conn-10017} connected
2019-02-28 19:59:57.747 [main] DEBUG druid.sql.Connection - {conn-10018} connected
2019-02-28 19:59:57.752 [main] DEBUG druid.sql.Connection - {conn-10019} connected
2019-02-28 19:59:57.756 [main] DEBUG druid.sql.Connection - {conn-10020} connected
2019-02-28 19:59:57.762 [main] DEBUG druid.sql.Connection - {conn-10021} connected
2019-02-28 19:59:57.765 [main] DEBUG druid.sql.Connection - {conn-10022} connected
2019-02-28 19:59:57.771 [main] DEBUG druid.sql.Connection - {conn-10023} connected
2019-02-28 19:59:57.776 [main] DEBUG druid.sql.Connection - {conn-10024} connected
2019-02-28 19:59:57.780 [main] DEBUG druid.sql.Connection - {conn-10025} connected
2019-02-28 19:59:57.784 [main] DEBUG druid.sql.Connection - {conn-10026} connected
2019-02-28 19:59:57.789 [main] DEBUG druid.sql.Connection - {conn-10027} connected
2019-02-28 19:59:57.794 [main] DEBUG druid.sql.Connection - {conn-10028} connected
2019-02-28 19:59:57.798 [main] DEBUG druid.sql.Connection - {conn-10029} connected
2019-02-28 19:59:57.801 [main] DEBUG druid.sql.Connection - {conn-10030} connected
2019-02-28 19:59:57.897 [main] DEBUG druid.sql.Connection - {conn-10030} pool-connect
2019-02-28 19:59:57.898 [main] DEBUG druid.sql.Connection - {conn-10030} pool-recycle
2019-02-28 19:59:57.909 [main] DEBUG druid.sql.Connection - {conn-10030} pool-connect
2019-02-28 19:59:57.913 [main] DEBUG druid.sql.Connection - {conn-10030} pool-recycle
2019-02-28 19:59:58.270 [main] DEBUG druid.sql.Connection - {conn-10030} pool-connect
2019-02-28 19:59:58.323 [main] DEBUG druid.sql.Connection - {conn-10030} pool-recycle
2019-02-28 19:59:58.941 [main] DEBUG druid.sql.Connection - {conn-10030} pool-connect
2019-02-28 19:59:58.942 [main] DEBUG druid.sql.Connection - {conn-10030} pool-recycle
2019-02-28 20:03:18.351 [Thread-20] DEBUG druid.sql.Connection - {conn-10001} closed
2019-02-28 20:03:18.351 [Thread-20] DEBUG druid.sql.Connection - {conn-10002} closed
2019-02-28 20:03:18.352 [Thread-20] DEBUG druid.sql.Connection - {conn-10003} closed
2019-02-28 20:03:18.352 [Thread-20] DEBUG druid.sql.Connection - {conn-10004} closed
2019-02-28 20:03:18.353 [Thread-20] DEBUG druid.sql.Connection - {conn-10005} closed
2019-02-28 20:03:18.353 [Thread-20] DEBUG druid.sql.Connection - {conn-10006} closed
2019-02-28 20:03:18.354 [Thread-20] DEBUG druid.sql.Connection - {conn-10007} closed
2019-02-28 20:03:18.354 [Thread-20] DEBUG druid.sql.Connection - {conn-10008} closed
2019-02-28 20:03:18.356 [Thread-20] DEBUG druid.sql.Connection - {conn-10009} closed
2019-02-28 20:03:18.357 [Thread-20] DEBUG druid.sql.Connection - {conn-10010} closed
2019-02-28 20:03:18.360 [Thread-20] DEBUG druid.sql.Connection - {conn-10011} closed
2019-02-28 20:03:18.360 [Thread-20] DEBUG druid.sql.Connection - {conn-10012} closed
2019-02-28 20:03:18.361 [Thread-20] DEBUG druid.sql.Connection - {conn-10013} closed
2019-02-28 20:03:18.362 [Thread-20] DEBUG druid.sql.Connection - {conn-10014} closed
2019-02-28 20:03:18.363 [Thread-20] DEBUG druid.sql.Connection - {conn-10015} closed
2019-02-28 20:03:18.364 [Thread-20] DEBUG druid.sql.Connection - {conn-10016} closed
2019-02-28 20:03:18.365 [Thread-20] DEBUG druid.sql.Connection - {conn-10017} closed
2019-02-28 20:03:18.367 [Thread-20] DEBUG druid.sql.Connection - {conn-10018} closed
2019-02-28 20:03:18.368 [Thread-20] DEBUG druid.sql.Connection - {conn-10019} closed
2019-02-28 20:03:18.370 [Thread-20] DEBUG druid.sql.Connection - {conn-10020} closed
2019-02-28 20:03:18.370 [Thread-20] DEBUG druid.sql.Connection - {conn-10021} closed
2019-02-28 20:03:18.370 [Thread-20] DEBUG druid.sql.Connection - {conn-10022} closed
2019-02-28 20:03:18.370 [Thread-20] DEBUG druid.sql.Connection - {conn-10023} closed
2019-02-28 20:03:18.370 [Thread-20] DEBUG druid.sql.Connection - {conn-10024} closed
2019-02-28 20:03:18.371 [Thread-20] DEBUG druid.sql.Connection - {conn-10025} closed
2019-02-28 20:03:18.371 [Thread-20] DEBUG druid.sql.Connection - {conn-10026} closed
2019-02-28 20:03:18.371 [Thread-20] DEBUG druid.sql.Connection - {conn-10027} closed
2019-02-28 20:03:18.372 [Thread-20] DEBUG druid.sql.Connection - {conn-10028} closed
2019-02-28 20:03:18.373 [Thread-20] DEBUG druid.sql.Connection - {conn-10029} closed
2019-02-28 20:03:18.374 [Thread-20] DEBUG druid.sql.Connection - {conn-10030} closed
2019-02-28 20:03:31.298 [main] DEBUG druid.sql.Connection - {conn-10001} connected
2019-02-28 20:03:31.304 [main] DEBUG druid.sql.Connection - {conn-10002} connected
2019-02-28 20:03:31.309 [main] DEBUG druid.sql.Connection - {conn-10003} connected
2019-02-28 20:03:31.314 [main] DEBUG druid.sql.Connection - {conn-10004} connected
2019-02-28 20:03:31.318 [main] DEBUG druid.sql.Connection - {conn-10005} connected
2019-02-28 20:03:31.323 [main] DEBUG druid.sql.Connection - {conn-10006} connected
2019-02-28 20:03:31.328 [main] DEBUG druid.sql.Connection - {conn-10007} connected
2019-02-28 20:03:31.334 [main] DEBUG druid.sql.Connection - {conn-10008} connected
2019-02-28 20:03:31.338 [main] DEBUG druid.sql.Connection - {conn-10009} connected
2019-02-28 20:03:31.342 [main] DEBUG druid.sql.Connection - {conn-10010} connected
2019-02-28 20:03:31.347 [main] DEBUG druid.sql.Connection - {conn-10011} connected
2019-02-28 20:03:31.351 [main] DEBUG druid.sql.Connection - {conn-10012} connected
2019-02-28 20:03:31.354 [main] DEBUG druid.sql.Connection - {conn-10013} connected
2019-02-28 20:03:31.360 [main] DEBUG druid.sql.Connection - {conn-10014} connected
2019-02-28 20:03:31.365 [main] DEBUG druid.sql.Connection - {conn-10015} connected
2019-02-28 20:03:31.370 [main] DEBUG druid.sql.Connection - {conn-10016} connected
2019-02-28 20:03:31.374 [main] DEBUG druid.sql.Connection - {conn-10017} connected
2019-02-28 20:03:31.378 [main] DEBUG druid.sql.Connection - {conn-10018} connected
2019-02-28 20:03:31.381 [main] DEBUG druid.sql.Connection - {conn-10019} connected
2019-02-28 20:03:31.385 [main] DEBUG druid.sql.Connection - {conn-10020} connected
2019-02-28 20:03:31.388 [main] DEBUG druid.sql.Connection - {conn-10021} connected
2019-02-28 20:03:31.393 [main] DEBUG druid.sql.Connection - {conn-10022} connected
2019-02-28 20:03:31.397 [main] DEBUG druid.sql.Connection - {conn-10023} connected
2019-02-28 20:03:31.403 [main] DEBUG druid.sql.Connection - {conn-10024} connected
2019-02-28 20:03:31.407 [main] DEBUG druid.sql.Connection - {conn-10025} connected
2019-02-28 20:03:31.410 [main] DEBUG druid.sql.Connection - {conn-10026} connected
2019-02-28 20:03:31.415 [main] DEBUG druid.sql.Connection - {conn-10027} connected
2019-02-28 20:03:31.419 [main] DEBUG druid.sql.Connection - {conn-10028} connected
2019-02-28 20:03:31.422 [main] DEBUG druid.sql.Connection - {conn-10029} connected
2019-02-28 20:03:31.429 [main] DEBUG druid.sql.Connection - {conn-10030} connected
2019-02-28 20:03:31.514 [main] DEBUG druid.sql.Connection - {conn-10030} pool-connect
2019-02-28 20:03:31.516 [main] DEBUG druid.sql.Connection - {conn-10030} pool-recycle
2019-02-28 20:03:31.525 [main] DEBUG druid.sql.Connection - {conn-10030} pool-connect
2019-02-28 20:03:31.528 [main] DEBUG druid.sql.Connection - {conn-10030} pool-recycle
2019-02-28 20:03:31.912 [main] DEBUG druid.sql.Connection - {conn-10030} pool-connect
2019-02-28 20:03:31.964 [main] DEBUG druid.sql.Connection - {conn-10030} pool-recycle
2019-02-28 20:03:32.675 [main] DEBUG druid.sql.Connection - {conn-10030} pool-connect
2019-02-28 20:03:32.675 [main] DEBUG druid.sql.Connection - {conn-10030} pool-recycle
2019-02-28 20:04:12.624 [http-nio-8080-exec-1] DEBUG druid.sql.Connection - {conn-10030} pool-connect
2019-02-28 20:04:12.625 [http-nio-8080-exec-1] DEBUG druid.sql.Connection - {conn-10030} setAutoCommit false
2019-02-28 20:04:12.663 [http-nio-8080-exec-1] DEBUG druid.sql.Connection - {conn-10030} setAutoCommit true
2019-02-28 20:04:12.691 [http-nio-8080-exec-1] DEBUG druid.sql.Connection - {conn-10030} pool-recycle
2019-02-28 20:06:25.296 [Thread-21] DEBUG druid.sql.Connection - {conn-10001} closed
2019-02-28 20:06:25.297 [Thread-21] DEBUG druid.sql.Connection - {conn-10002} closed
2019-02-28 20:06:25.298 [Thread-21] DEBUG druid.sql.Connection - {conn-10003} closed
2019-02-28 20:06:25.300 [Thread-21] DEBUG druid.sql.Connection - {conn-10004} closed
2019-02-28 20:06:25.300 [Thread-21] DEBUG druid.sql.Connection - {conn-10005} closed
2019-02-28 20:06:25.301 [Thread-21] DEBUG druid.sql.Connection - {conn-10006} closed
2019-02-28 20:06:25.302 [Thread-21] DEBUG druid.sql.Connection - {conn-10007} closed
2019-02-28 20:06:25.305 [Thread-21] DEBUG druid.sql.Connection - {conn-10008} closed
2019-02-28 20:06:25.306 [Thread-21] DEBUG druid.sql.Connection - {conn-10009} closed
2019-02-28 20:06:25.307 [Thread-21] DEBUG druid.sql.Connection - {conn-10010} closed
2019-02-28 20:06:25.309 [Thread-21] DEBUG druid.sql.Connection - {conn-10011} closed
2019-02-28 20:06:25.313 [Thread-21] DEBUG druid.sql.Connection - {conn-10012} closed
2019-02-28 20:06:25.316 [Thread-21] DEBUG druid.sql.Connection - {conn-10013} closed
2019-02-28 20:06:25.318 [Thread-21] DEBUG druid.sql.Connection - {conn-10014} closed
2019-02-28 20:06:25.319 [Thread-21] DEBUG druid.sql.Connection - {conn-10015} closed
2019-02-28 20:06:25.320 [Thread-21] DEBUG druid.sql.Connection - {conn-10016} closed
2019-02-28 20:06:25.321 [Thread-21] DEBUG druid.sql.Connection - {conn-10017} closed
2019-02-28 20:06:25.323 [Thread-21] DEBUG druid.sql.Connection - {conn-10018} closed
2019-02-28 20:06:25.327 [Thread-21] DEBUG druid.sql.Connection - {conn-10019} closed
2019-02-28 20:06:25.329 [Thread-21] DEBUG druid.sql.Connection - {conn-10020} closed
2019-02-28 20:06:25.330 [Thread-21] DEBUG druid.sql.Connection - {conn-10021} closed
2019-02-28 20:06:25.331 [Thread-21] DEBUG druid.sql.Connection - {conn-10022} closed
2019-02-28 20:06:25.331 [Thread-21] DEBUG druid.sql.Connection - {conn-10023} closed
2019-02-28 20:06:25.332 [Thread-21] DEBUG druid.sql.Connection - {conn-10024} closed
2019-02-28 20:06:25.332 [Thread-21] DEBUG druid.sql.Connection - {conn-10025} closed
2019-02-28 20:06:25.332 [Thread-21] DEBUG druid.sql.Connection - {conn-10026} closed
2019-02-28 20:06:25.332 [Thread-21] DEBUG druid.sql.Connection - {conn-10027} closed
2019-02-28 20:06:25.332 [Thread-21] DEBUG druid.sql.Connection - {conn-10028} closed
2019-02-28 20:06:25.333 [Thread-21] DEBUG druid.sql.Connection - {conn-10029} closed
2019-02-28 20:06:25.333 [Thread-21] DEBUG druid.sql.Connection - {conn-10030} closed
2019-02-28 20:06:37.771 [main] DEBUG druid.sql.Connection - {conn-10001} connected
2019-02-28 20:06:37.778 [main] DEBUG druid.sql.Connection - {conn-10002} connected
2019-02-28 20:06:37.783 [main] DEBUG druid.sql.Connection - {conn-10003} connected
2019-02-28 20:06:37.789 [main] DEBUG druid.sql.Connection - {conn-10004} connected
2019-02-28 20:06:37.795 [main] DEBUG druid.sql.Connection - {conn-10005} connected
2019-02-28 20:06:37.802 [main] DEBUG druid.sql.Connection - {conn-10006} connected
2019-02-28 20:06:37.807 [main] DEBUG druid.sql.Connection - {conn-10007} connected
2019-02-28 20:06:37.811 [main] DEBUG druid.sql.Connection - {conn-10008} connected
2019-02-28 20:06:37.815 [main] DEBUG druid.sql.Connection - {conn-10009} connected
2019-02-28 20:06:37.819 [main] DEBUG druid.sql.Connection - {conn-10010} connected
2019-02-28 20:06:37.823 [main] DEBUG druid.sql.Connection - {conn-10011} connected
2019-02-28 20:06:37.829 [main] DEBUG druid.sql.Connection - {conn-10012} connected
2019-02-28 20:06:37.833 [main] DEBUG druid.sql.Connection - {conn-10013} connected
2019-02-28 20:06:37.837 [main] DEBUG druid.sql.Connection - {conn-10014} connected
2019-02-28 20:06:37.841 [main] DEBUG druid.sql.Connection - {conn-10015} connected
2019-02-28 20:06:37.845 [main] DEBUG druid.sql.Connection - {conn-10016} connected
2019-02-28 20:06:37.853 [main] DEBUG druid.sql.Connection - {conn-10017} connected
2019-02-28 20:06:37.860 [main] DEBUG druid.sql.Connection - {conn-10018} connected
2019-02-28 20:06:37.864 [main] DEBUG druid.sql.Connection - {conn-10019} connected
2019-02-28 20:06:37.867 [main] DEBUG druid.sql.Connection - {conn-10020} connected
2019-02-28 20:06:37.872 [main] DEBUG druid.sql.Connection - {conn-10021} connected
2019-02-28 20:06:37.879 [main] DEBUG druid.sql.Connection - {conn-10022} connected
2019-02-28 20:06:37.883 [main] DEBUG druid.sql.Connection - {conn-10023} connected
2019-02-28 20:06:37.888 [main] DEBUG druid.sql.Connection - {conn-10024} connected
2019-02-28 20:06:37.892 [main] DEBUG druid.sql.Connection - {conn-10025} connected
2019-02-28 20:06:37.898 [main] DEBUG druid.sql.Connection - {conn-10026} connected
2019-02-28 20:06:37.901 [main] DEBUG druid.sql.Connection - {conn-10027} connected
2019-02-28 20:06:37.905 [main] DEBUG druid.sql.Connection - {conn-10028} connected
2019-02-28 20:06:37.908 [main] DEBUG druid.sql.Connection - {conn-10029} connected
2019-02-28 20:06:37.912 [main] DEBUG druid.sql.Connection - {conn-10030} connected
2019-02-28 20:06:37.996 [main] DEBUG druid.sql.Connection - {conn-10030} pool-connect
2019-02-28 20:06:37.998 [main] DEBUG druid.sql.Connection - {conn-10030} pool-recycle
2019-02-28 20:06:38.007 [main] DEBUG druid.sql.Connection - {conn-10030} pool-connect
2019-02-28 20:06:38.010 [main] DEBUG druid.sql.Connection - {conn-10030} pool-recycle
2019-02-28 20:06:38.330 [main] DEBUG druid.sql.Connection - {conn-10030} pool-connect
2019-02-28 20:06:38.377 [main] DEBUG druid.sql.Connection - {conn-10030} pool-recycle
2019-02-28 20:06:39.026 [main] DEBUG druid.sql.Connection - {conn-10030} pool-connect
2019-02-28 20:06:39.027 [main] DEBUG druid.sql.Connection - {conn-10030} pool-recycle
2019-02-28 20:06:58.892 [http-nio-8080-exec-1] DEBUG druid.sql.Connection - {conn-10030} pool-connect
2019-02-28 20:06:58.892 [http-nio-8080-exec-1] DEBUG druid.sql.Connection - {conn-10030} setAutoCommit false
2019-02-28 20:06:58.908 [http-nio-8080-exec-1] DEBUG druid.sql.Connection - {conn-10029} pool-connect
2019-02-28 20:06:58.908 [http-nio-8080-exec-1] DEBUG druid.sql.Connection - {conn-10029} setAutoCommit false
2019-02-28 20:06:58.913 [http-nio-8080-exec-1] DEBUG druid.sql.Connection - {conn-10029} setAutoCommit true
2019-02-28 20:06:58.914 [http-nio-8080-exec-1] DEBUG druid.sql.Connection - {conn-10029} pool-recycle
2019-02-28 20:06:58.919 [http-nio-8080-exec-1] DEBUG druid.sql.Connection - {conn-10030} setAutoCommit true
2019-02-28 20:06:58.934 [http-nio-8080-exec-1] DEBUG druid.sql.Connection - {conn-10030} pool-recycle
2019-02-28 20:08:38.875 [Thread-20] DEBUG druid.sql.Connection - {conn-10001} closed
2019-02-28 20:08:38.876 [Thread-20] DEBUG druid.sql.Connection - {conn-10002} closed
2019-02-28 20:08:38.876 [Thread-20] DEBUG druid.sql.Connection - {conn-10003} closed
2019-02-28 20:08:38.877 [Thread-20] DEBUG druid.sql.Connection - {conn-10004} closed
2019-02-28 20:08:38.878 [Thread-20] DEBUG druid.sql.Connection - {conn-10005} closed
2019-02-28 20:08:38.880 [Thread-20] DEBUG druid.sql.Connection - {conn-10006} closed
2019-02-28 20:08:38.882 [Thread-20] DEBUG druid.sql.Connection - {conn-10007} closed
2019-02-28 20:08:38.884 [Thread-20] DEBUG druid.sql.Connection - {conn-10008} closed
2019-02-28 20:08:38.885 [Thread-20] DEBUG druid.sql.Connection - {conn-10009} closed
2019-02-28 20:08:38.889 [Thread-20] DEBUG druid.sql.Connection - {conn-10010} closed
2019-02-28 20:08:38.896 [Thread-20] DEBUG druid.sql.Connection - {conn-10011} closed
2019-02-28 20:08:38.897 [Thread-20] DEBUG druid.sql.Connection - {conn-10012} closed
2019-02-28 20:08:38.898 [Thread-20] DEBUG druid.sql.Connection - {conn-10013} closed
2019-02-28 20:08:38.899 [Thread-20] DEBUG druid.sql.Connection - {conn-10014} closed
2019-02-28 20:08:38.902 [Thread-20] DEBUG druid.sql.Connection - {conn-10015} closed
2019-02-28 20:08:38.909 [Thread-20] DEBUG druid.sql.Connection - {conn-10016} closed
2019-02-28 20:08:38.913 [Thread-20] DEBUG druid.sql.Connection - {conn-10017} closed
2019-02-28 20:08:38.914 [Thread-20] DEBUG druid.sql.Connection - {conn-10018} closed
2019-02-28 20:08:38.914 [Thread-20] DEBUG druid.sql.Connection - {conn-10019} closed
2019-02-28 20:08:38.915 [Thread-20] DEBUG druid.sql.Connection - {conn-10020} closed
2019-02-28 20:08:38.915 [Thread-20] DEBUG druid.sql.Connection - {conn-10021} closed
2019-02-28 20:08:38.915 [Thread-20] DEBUG druid.sql.Connection - {conn-10022} closed
2019-02-28 20:08:38.916 [Thread-20] DEBUG druid.sql.Connection - {conn-10023} closed
2019-02-28 20:08:38.917 [Thread-20] DEBUG druid.sql.Connection - {conn-10024} closed
2019-02-28 20:08:38.917 [Thread-20] DEBUG druid.sql.Connection - {conn-10025} closed
2019-02-28 20:08:38.918 [Thread-20] DEBUG druid.sql.Connection - {conn-10026} closed
2019-02-28 20:08:38.920 [Thread-20] DEBUG druid.sql.Connection - {conn-10027} closed
2019-02-28 20:08:38.920 [Thread-20] DEBUG druid.sql.Connection - {conn-10028} closed
2019-02-28 20:08:38.920 [Thread-20] DEBUG druid.sql.Connection - {conn-10029} closed
2019-02-28 20:08:38.920 [Thread-20] DEBUG druid.sql.Connection - {conn-10030} closed
2019-02-28 20:08:54.100 [main] DEBUG druid.sql.Connection - {conn-10001} connected
2019-02-28 20:08:54.110 [main] DEBUG druid.sql.Connection - {conn-10002} connected
2019-02-28 20:08:54.122 [main] DEBUG druid.sql.Connection - {conn-10003} connected
2019-02-28 20:08:54.128 [main] DEBUG druid.sql.Connection - {conn-10004} connected
2019-02-28 20:08:54.133 [main] DEBUG druid.sql.Connection - {conn-10005} connected
2019-02-28 20:08:54.142 [main] DEBUG druid.sql.Connection - {conn-10006} connected
2019-02-28 20:08:54.147 [main] DEBUG druid.sql.Connection - {conn-10007} connected
2019-02-28 20:08:54.152 [main] DEBUG druid.sql.Connection - {conn-10008} connected
2019-02-28 20:08:54.156 [main] DEBUG druid.sql.Connection - {conn-10009} connected
2019-02-28 20:08:54.162 [main] DEBUG druid.sql.Connection - {conn-10010} connected
2019-02-28 20:08:54.168 [main] DEBUG druid.sql.Connection - {conn-10011} connected
2019-02-28 20:08:54.172 [main] DEBUG druid.sql.Connection - {conn-10012} connected
2019-02-28 20:08:54.178 [main] DEBUG druid.sql.Connection - {conn-10013} connected
2019-02-28 20:08:54.184 [main] DEBUG druid.sql.Connection - {conn-10014} connected
2019-02-28 20:08:54.191 [main] DEBUG druid.sql.Connection - {conn-10015} connected
2019-02-28 20:08:54.199 [main] DEBUG druid.sql.Connection - {conn-10016} connected
2019-02-28 20:08:54.203 [main] DEBUG druid.sql.Connection - {conn-10017} connected
2019-02-28 20:08:54.209 [main] DEBUG druid.sql.Connection - {conn-10018} connected
2019-02-28 20:08:54.215 [main] DEBUG druid.sql.Connection - {conn-10019} connected
2019-02-28 20:08:54.224 [main] DEBUG druid.sql.Connection - {conn-10020} connected
2019-02-28 20:08:54.233 [main] DEBUG druid.sql.Connection - {conn-10021} connected
2019-02-28 20:08:54.236 [main] DEBUG druid.sql.Connection - {conn-10022} connected
2019-02-28 20:08:54.242 [main] DEBUG druid.sql.Connection - {conn-10023} connected
2019-02-28 20:08:54.248 [main] DEBUG druid.sql.Connection - {conn-10024} connected
2019-02-28 20:08:54.255 [main] DEBUG druid.sql.Connection - {conn-10025} connected
2019-02-28 20:08:54.258 [main] DEBUG druid.sql.Connection - {conn-10026} connected
2019-02-28 20:08:54.263 [main] DEBUG druid.sql.Connection - {conn-10027} connected
2019-02-28 20:08:54.269 [main] DEBUG druid.sql.Connection - {conn-10028} connected
2019-02-28 20:08:54.275 [main] DEBUG druid.sql.Connection - {conn-10029} connected
2019-02-28 20:08:54.280 [main] DEBUG druid.sql.Connection - {conn-10030} connected
2019-02-28 20:08:54.376 [main] DEBUG druid.sql.Connection - {conn-10030} pool-connect
2019-02-28 20:08:54.378 [main] DEBUG druid.sql.Connection - {conn-10030} pool-recycle
2019-02-28 20:08:54.387 [main] DEBUG druid.sql.Connection - {conn-10030} pool-connect
2019-02-28 20:08:54.390 [main] DEBUG druid.sql.Connection - {conn-10030} pool-recycle
2019-02-28 20:08:54.830 [main] DEBUG druid.sql.Connection - {conn-10030} pool-connect
2019-02-28 20:08:54.883 [main] DEBUG druid.sql.Connection - {conn-10030} pool-recycle
2019-02-28 20:08:55.940 [main] DEBUG druid.sql.Connection - {conn-10030} pool-connect
2019-02-28 20:08:55.941 [main] DEBUG druid.sql.Connection - {conn-10030} pool-recycle
2019-02-28 20:10:06.910 [http-nio-8080-exec-1] DEBUG druid.sql.Connection - {conn-10030} pool-connect
2019-02-28 20:10:06.912 [http-nio-8080-exec-1] DEBUG druid.sql.Connection - {conn-10030} setAutoCommit false
2019-02-28 20:10:07.003 [http-nio-8080-exec-1] DEBUG druid.sql.Statement - {conn-10030, pstmt-20000} created. insert into mon_user (account, money, password, roles, user_name, id) values (?, ?, ?, ?, ?, ?)
2019-02-28 20:10:07.019 [http-nio-8080-exec-1] DEBUG druid.sql.Statement - {conn-10030, pstmt-20000} Parameters : [user, 10000, password, role, 1, 4028989b693401eb0169340304d10000]
2019-02-28 20:10:07.019 [http-nio-8080-exec-1] DEBUG druid.sql.Statement - {conn-10030, pstmt-20000} Types : [VARCHAR, BIGINT, VARCHAR, VARCHAR, VARCHAR, VARCHAR]
2019-02-28 20:10:07.058 [http-nio-8080-exec-1] DEBUG druid.sql.Statement - {conn-10030, pstmt-20000} update executed. effort 1. 42.228443 millis. insert into mon_user (account, money, password, roles, user_name, id) values (?, ?, ?, ?, ?, ?)
2019-02-28 20:10:07.067 [http-nio-8080-exec-1] DEBUG druid.sql.Connection - {conn-10030} commited
2019-02-28 20:10:07.067 [http-nio-8080-exec-1] DEBUG druid.sql.Connection - {conn-10030} setAutoCommit true
2019-02-28 20:10:07.185 [http-nio-8080-exec-1] DEBUG druid.sql.Connection - {conn-10030} pool-recycle
2019-02-28 21:40:55.261 [Druid-ConnectionPool-Destroy-1879202713] DEBUG druid.sql.Connection - {conn-10001} closed
2019-02-28 21:40:55.262 [Druid-ConnectionPool-Destroy-1879202713] DEBUG druid.sql.Connection - {conn-10002} closed
2019-02-28 21:40:55.263 [Druid-ConnectionPool-Destroy-1879202713] DEBUG druid.sql.Connection - {conn-10003} closed
2019-02-28 21:40:55.263 [Druid-ConnectionPool-Destroy-1879202713] DEBUG druid.sql.Connection - {conn-10004} closed
2019-02-28 21:40:55.264 [Druid-ConnectionPool-Destroy-1879202713] DEBUG druid.sql.Connection - {conn-10005} closed
2019-02-28 21:40:55.264 [Druid-ConnectionPool-Destroy-1879202713] DEBUG druid.sql.Connection - {conn-10006} closed
2019-02-28 21:40:55.265 [Druid-ConnectionPool-Destroy-1879202713] DEBUG druid.sql.Connection - {conn-10007} closed
2019-02-28 21:40:55.266 [Druid-ConnectionPool-Destroy-1879202713] DEBUG druid.sql.Connection - {conn-10008} closed
2019-02-28 21:40:55.266 [Druid-ConnectionPool-Destroy-1879202713] DEBUG druid.sql.Connection - {conn-10009} closed
2019-02-28 21:40:55.267 [Druid-ConnectionPool-Destroy-1879202713] DEBUG druid.sql.Connection - {conn-10010} closed
2019-02-28 21:40:55.268 [Druid-ConnectionPool-Destroy-1879202713] DEBUG druid.sql.Connection - {conn-10011} closed
2019-02-28 21:40:55.268 [Druid-ConnectionPool-Destroy-1879202713] DEBUG druid.sql.Connection - {conn-10012} closed
2019-02-28 21:40:55.269 [Druid-ConnectionPool-Destroy-1879202713] DEBUG druid.sql.Connection - {conn-10013} closed
2019-02-28 21:40:55.270 [Druid-ConnectionPool-Destroy-1879202713] DEBUG druid.sql.Connection - {conn-10014} closed
2019-02-28 21:40:55.270 [Druid-ConnectionPool-Destroy-1879202713] DEBUG druid.sql.Connection - {conn-10015} closed
2019-02-28 21:40:55.271 [Druid-ConnectionPool-Destroy-1879202713] DEBUG druid.sql.Connection - {conn-10016} closed
2019-02-28 21:40:55.271 [Druid-ConnectionPool-Destroy-1879202713] DEBUG druid.sql.Connection - {conn-10017} closed
2019-02-28 21:40:55.272 [Druid-ConnectionPool-Destroy-1879202713] DEBUG druid.sql.Connection - {conn-10018} closed
2019-02-28 21:40:55.274 [Druid-ConnectionPool-Destroy-1879202713] DEBUG druid.sql.Connection - {conn-10019} closed
2019-02-28 21:40:55.274 [Druid-ConnectionPool-Destroy-1879202713] DEBUG druid.sql.Connection - {conn-10020} closed
2019-02-28 21:40:55.274 [Druid-ConnectionPool-Destroy-1879202713] DEBUG druid.sql.Connection - {conn-10021} closed
2019-02-28 21:40:55.274 [Druid-ConnectionPool-Destroy-1879202713] DEBUG druid.sql.Connection - {conn-10022} closed
2019-02-28 21:40:55.275 [Druid-ConnectionPool-Destroy-1879202713] DEBUG druid.sql.Connection - {conn-10023} closed
2019-02-28 21:40:55.275 [Druid-ConnectionPool-Destroy-1879202713] DEBUG druid.sql.Connection - {conn-10024} closed
2019-02-28 21:40:55.275 [Druid-ConnectionPool-Destroy-1879202713] DEBUG druid.sql.Connection - {conn-10025} closed
2019-02-28 21:40:55.275 [Druid-ConnectionPool-Destroy-1879202713] DEBUG druid.sql.Connection - {conn-10026} closed
2019-02-28 21:40:55.276 [Druid-ConnectionPool-Destroy-1879202713] DEBUG druid.sql.Connection - {conn-10027} closed
2019-02-28 21:40:55.276 [Druid-ConnectionPool-Destroy-1879202713] DEBUG druid.sql.Connection - {conn-10028} closed
2019-02-28 21:40:55.276 [Druid-ConnectionPool-Destroy-1879202713] DEBUG druid.sql.Connection - {conn-10029} closed
2019-02-28 21:40:55.276 [Druid-ConnectionPool-Destroy-1879202713] DEBUG druid.sql.Connection - {conn-10030} closed
