2019-03-16 15:12:49.436 [main] DEBUG druid.sql.Connection - {conn-10001} connected
2019-03-16 15:12:49.442 [main] DEBUG druid.sql.Connection - {conn-10002} connected
2019-03-16 15:12:49.448 [main] DEBUG druid.sql.Connection - {conn-10003} connected
2019-03-16 15:12:49.452 [main] DEBUG druid.sql.Connection - {conn-10004} connected
2019-03-16 15:12:49.456 [main] DEBUG druid.sql.Connection - {conn-10005} connected
2019-03-16 15:12:49.462 [main] DEBUG druid.sql.Connection - {conn-10006} connected
2019-03-16 15:12:49.468 [main] DEBUG druid.sql.Connection - {conn-10007} connected
2019-03-16 15:12:49.473 [main] DEBUG druid.sql.Connection - {conn-10008} connected
2019-03-16 15:12:49.477 [main] DEBUG druid.sql.Connection - {conn-10009} connected
2019-03-16 15:12:49.481 [main] DEBUG druid.sql.Connection - {conn-10010} connected
2019-03-16 15:12:49.485 [main] DEBUG druid.sql.Connection - {conn-10011} connected
2019-03-16 15:12:49.488 [main] DEBUG druid.sql.Connection - {conn-10012} connected
2019-03-16 15:12:49.492 [main] DEBUG druid.sql.Connection - {conn-10013} connected
2019-03-16 15:12:49.496 [main] DEBUG druid.sql.Connection - {conn-10014} connected
2019-03-16 15:12:49.501 [main] DEBUG druid.sql.Connection - {conn-10015} connected
2019-03-16 15:12:49.505 [main] DEBUG druid.sql.Connection - {conn-10016} connected
2019-03-16 15:12:49.509 [main] DEBUG druid.sql.Connection - {conn-10017} connected
2019-03-16 15:12:49.513 [main] DEBUG druid.sql.Connection - {conn-10018} connected
2019-03-16 15:12:49.516 [main] DEBUG druid.sql.Connection - {conn-10019} connected
2019-03-16 15:12:49.519 [main] DEBUG druid.sql.Connection - {conn-10020} connected
2019-03-16 15:12:49.523 [main] DEBUG druid.sql.Connection - {conn-10021} connected
2019-03-16 15:12:49.526 [main] DEBUG druid.sql.Connection - {conn-10022} connected
2019-03-16 15:12:49.530 [main] DEBUG druid.sql.Connection - {conn-10023} connected
2019-03-16 15:12:49.533 [main] DEBUG druid.sql.Connection - {conn-10024} connected
2019-03-16 15:12:49.536 [main] DEBUG druid.sql.Connection - {conn-10025} connected
2019-03-16 15:12:49.540 [main] DEBUG druid.sql.Connection - {conn-10026} connected
2019-03-16 15:12:49.543 [main] DEBUG druid.sql.Connection - {conn-10027} connected
2019-03-16 15:12:49.547 [main] DEBUG druid.sql.Connection - {conn-10028} connected
2019-03-16 15:12:49.551 [main] DEBUG druid.sql.Connection - {conn-10029} connected
2019-03-16 15:12:49.554 [main] DEBUG druid.sql.Connection - {conn-10030} connected
2019-03-16 15:12:49.702 [main] DEBUG druid.sql.Connection - {conn-10030} pool-connect
2019-03-16 15:12:49.704 [main] DEBUG druid.sql.Connection - {conn-10030} pool-recycle
2019-03-16 15:12:49.715 [main] DEBUG druid.sql.Connection - {conn-10030} pool-connect
2019-03-16 15:12:49.720 [main] DEBUG druid.sql.Connection - {conn-10030} pool-recycle
2019-03-16 15:12:50.455 [main] DEBUG druid.sql.Connection - {conn-10030} pool-connect
2019-03-16 15:12:50.541 [main] DEBUG druid.sql.Connection - {conn-10030} pool-recycle
2019-03-16 15:12:51.613 [main] DEBUG druid.sql.Connection - {conn-10030} pool-connect
2019-03-16 15:12:51.613 [main] DEBUG druid.sql.Connection - {conn-10030} pool-recycle
2019-03-16 15:23:47.196 [Thread-30] DEBUG druid.sql.Connection - {conn-10001} closed
2019-03-16 15:23:47.199 [Thread-30] DEBUG druid.sql.Connection - {conn-10002} closed
2019-03-16 15:23:47.199 [Thread-30] DEBUG druid.sql.Connection - {conn-10003} closed
2019-03-16 15:23:47.201 [Thread-30] DEBUG druid.sql.Connection - {conn-10004} closed
2019-03-16 15:23:47.204 [Thread-30] DEBUG druid.sql.Connection - {conn-10005} closed
2019-03-16 15:23:47.206 [Thread-30] DEBUG druid.sql.Connection - {conn-10006} closed
2019-03-16 15:23:47.208 [Thread-30] DEBUG druid.sql.Connection - {conn-10007} closed
2019-03-16 15:23:47.209 [Thread-30] DEBUG druid.sql.Connection - {conn-10008} closed
2019-03-16 15:23:47.210 [Thread-30] DEBUG druid.sql.Connection - {conn-10009} closed
2019-03-16 15:23:47.211 [Thread-30] DEBUG druid.sql.Connection - {conn-10010} closed
2019-03-16 15:23:47.211 [Thread-30] DEBUG druid.sql.Connection - {conn-10011} closed
2019-03-16 15:23:47.212 [Thread-30] DEBUG druid.sql.Connection - {conn-10012} closed
2019-03-16 15:23:47.214 [Thread-30] DEBUG druid.sql.Connection - {conn-10013} closed
2019-03-16 15:23:47.215 [Thread-30] DEBUG druid.sql.Connection - {conn-10014} closed
2019-03-16 15:23:47.216 [Thread-30] DEBUG druid.sql.Connection - {conn-10015} closed
2019-03-16 15:23:47.217 [Thread-30] DEBUG druid.sql.Connection - {conn-10016} closed
2019-03-16 15:23:47.218 [Thread-30] DEBUG druid.sql.Connection - {conn-10017} closed
2019-03-16 15:23:47.218 [Thread-30] DEBUG druid.sql.Connection - {conn-10018} closed
2019-03-16 15:23:47.219 [Thread-30] DEBUG druid.sql.Connection - {conn-10019} closed
2019-03-16 15:23:47.220 [Thread-30] DEBUG druid.sql.Connection - {conn-10020} closed
2019-03-16 15:23:47.221 [Thread-30] DEBUG druid.sql.Connection - {conn-10021} closed
2019-03-16 15:23:47.221 [Thread-30] DEBUG druid.sql.Connection - {conn-10022} closed
2019-03-16 15:23:47.221 [Thread-30] DEBUG druid.sql.Connection - {conn-10023} closed
2019-03-16 15:23:47.221 [Thread-30] DEBUG druid.sql.Connection - {conn-10024} closed
2019-03-16 15:23:47.221 [Thread-30] DEBUG druid.sql.Connection - {conn-10025} closed
2019-03-16 15:23:47.221 [Thread-30] DEBUG druid.sql.Connection - {conn-10026} closed
2019-03-16 15:23:47.221 [Thread-30] DEBUG druid.sql.Connection - {conn-10027} closed
2019-03-16 15:23:47.221 [Thread-30] DEBUG druid.sql.Connection - {conn-10028} closed
2019-03-16 15:23:47.221 [Thread-30] DEBUG druid.sql.Connection - {conn-10029} closed
2019-03-16 15:23:47.221 [Thread-30] DEBUG druid.sql.Connection - {conn-10030} closed
2019-03-16 15:23:58.552 [main] DEBUG druid.sql.Connection - {conn-10001} connected
2019-03-16 15:23:58.560 [main] DEBUG druid.sql.Connection - {conn-10002} connected
2019-03-16 15:23:58.564 [main] DEBUG druid.sql.Connection - {conn-10003} connected
2019-03-16 15:23:58.569 [main] DEBUG druid.sql.Connection - {conn-10004} connected
2019-03-16 15:23:58.573 [main] DEBUG druid.sql.Connection - {conn-10005} connected
2019-03-16 15:23:58.578 [main] DEBUG druid.sql.Connection - {conn-10006} connected
2019-03-16 15:23:58.582 [main] DEBUG druid.sql.Connection - {conn-10007} connected
2019-03-16 15:23:58.586 [main] DEBUG druid.sql.Connection - {conn-10008} connected
2019-03-16 15:23:58.590 [main] DEBUG druid.sql.Connection - {conn-10009} connected
2019-03-16 15:23:58.594 [main] DEBUG druid.sql.Connection - {conn-10010} connected
2019-03-16 15:23:58.598 [main] DEBUG druid.sql.Connection - {conn-10011} connected
2019-03-16 15:23:58.604 [main] DEBUG druid.sql.Connection - {conn-10012} connected
2019-03-16 15:23:58.616 [main] DEBUG druid.sql.Connection - {conn-10013} connected
2019-03-16 15:23:58.622 [main] DEBUG druid.sql.Connection - {conn-10014} connected
2019-03-16 15:23:58.626 [main] DEBUG druid.sql.Connection - {conn-10015} connected
2019-03-16 15:23:58.631 [main] DEBUG druid.sql.Connection - {conn-10016} connected
2019-03-16 15:23:58.635 [main] DEBUG druid.sql.Connection - {conn-10017} connected
2019-03-16 15:23:58.638 [main] DEBUG druid.sql.Connection - {conn-10018} connected
2019-03-16 15:23:58.642 [main] DEBUG druid.sql.Connection - {conn-10019} connected
2019-03-16 15:23:58.645 [main] DEBUG druid.sql.Connection - {conn-10020} connected
2019-03-16 15:23:58.648 [main] DEBUG druid.sql.Connection - {conn-10021} connected
2019-03-16 15:23:58.652 [main] DEBUG druid.sql.Connection - {conn-10022} connected
2019-03-16 15:23:58.655 [main] DEBUG druid.sql.Connection - {conn-10023} connected
2019-03-16 15:23:58.659 [main] DEBUG druid.sql.Connection - {conn-10024} connected
2019-03-16 15:23:58.663 [main] DEBUG druid.sql.Connection - {conn-10025} connected
2019-03-16 15:23:58.666 [main] DEBUG druid.sql.Connection - {conn-10026} connected
2019-03-16 15:23:58.670 [main] DEBUG druid.sql.Connection - {conn-10027} connected
2019-03-16 15:23:58.674 [main] DEBUG druid.sql.Connection - {conn-10028} connected
2019-03-16 15:23:58.677 [main] DEBUG druid.sql.Connection - {conn-10029} connected
2019-03-16 15:23:58.680 [main] DEBUG druid.sql.Connection - {conn-10030} connected
2019-03-16 15:23:58.773 [main] DEBUG druid.sql.Connection - {conn-10030} pool-connect
2019-03-16 15:23:58.776 [main] DEBUG druid.sql.Connection - {conn-10030} pool-recycle
2019-03-16 15:23:58.787 [main] DEBUG druid.sql.Connection - {conn-10030} pool-connect
2019-03-16 15:23:58.790 [main] DEBUG druid.sql.Connection - {conn-10030} pool-recycle
2019-03-16 15:23:59.144 [main] DEBUG druid.sql.Connection - {conn-10030} pool-connect
2019-03-16 15:23:59.203 [main] DEBUG druid.sql.Connection - {conn-10030} pool-recycle
2019-03-16 15:23:59.791 [main] DEBUG druid.sql.Connection - {conn-10030} pool-connect
2019-03-16 15:23:59.791 [main] DEBUG druid.sql.Connection - {conn-10030} pool-recycle
2019-03-16 15:26:18.591 [Thread-20] DEBUG druid.sql.Connection - {conn-10001} closed
2019-03-16 15:26:18.591 [Thread-20] DEBUG druid.sql.Connection - {conn-10002} closed
2019-03-16 15:26:18.592 [Thread-20] DEBUG druid.sql.Connection - {conn-10003} closed
2019-03-16 15:26:18.592 [Thread-20] DEBUG druid.sql.Connection - {conn-10004} closed
2019-03-16 15:26:18.593 [Thread-20] DEBUG druid.sql.Connection - {conn-10005} closed
2019-03-16 15:26:18.593 [Thread-20] DEBUG druid.sql.Connection - {conn-10006} closed
2019-03-16 15:26:18.594 [Thread-20] DEBUG druid.sql.Connection - {conn-10007} closed
2019-03-16 15:26:18.594 [Thread-20] DEBUG druid.sql.Connection - {conn-10008} closed
2019-03-16 15:26:18.595 [Thread-20] DEBUG druid.sql.Connection - {conn-10009} closed
2019-03-16 15:26:18.595 [Thread-20] DEBUG druid.sql.Connection - {conn-10010} closed
2019-03-16 15:26:18.596 [Thread-20] DEBUG druid.sql.Connection - {conn-10011} closed
2019-03-16 15:26:18.596 [Thread-20] DEBUG druid.sql.Connection - {conn-10012} closed
2019-03-16 15:26:18.597 [Thread-20] DEBUG druid.sql.Connection - {conn-10013} closed
2019-03-16 15:26:18.597 [Thread-20] DEBUG druid.sql.Connection - {conn-10014} closed
2019-03-16 15:26:18.598 [Thread-20] DEBUG druid.sql.Connection - {conn-10015} closed
2019-03-16 15:26:18.599 [Thread-20] DEBUG druid.sql.Connection - {conn-10016} closed
2019-03-16 15:26:18.599 [Thread-20] DEBUG druid.sql.Connection - {conn-10017} closed
2019-03-16 15:26:18.600 [Thread-20] DEBUG druid.sql.Connection - {conn-10018} closed
2019-03-16 15:26:18.600 [Thread-20] DEBUG druid.sql.Connection - {conn-10019} closed
2019-03-16 15:26:18.601 [Thread-20] DEBUG druid.sql.Connection - {conn-10020} closed
2019-03-16 15:26:18.602 [Thread-20] DEBUG druid.sql.Connection - {conn-10021} closed
2019-03-16 15:26:18.602 [Thread-20] DEBUG druid.sql.Connection - {conn-10022} closed
2019-03-16 15:26:18.602 [Thread-20] DEBUG druid.sql.Connection - {conn-10023} closed
2019-03-16 15:26:18.602 [Thread-20] DEBUG druid.sql.Connection - {conn-10024} closed
2019-03-16 15:26:18.602 [Thread-20] DEBUG druid.sql.Connection - {conn-10025} closed
2019-03-16 15:26:18.602 [Thread-20] DEBUG druid.sql.Connection - {conn-10026} closed
2019-03-16 15:26:18.602 [Thread-20] DEBUG druid.sql.Connection - {conn-10027} closed
2019-03-16 15:26:18.603 [Thread-20] DEBUG druid.sql.Connection - {conn-10028} closed
2019-03-16 15:26:18.603 [Thread-20] DEBUG druid.sql.Connection - {conn-10029} closed
2019-03-16 15:26:18.603 [Thread-20] DEBUG druid.sql.Connection - {conn-10030} closed
2019-03-16 15:26:30.907 [main] DEBUG druid.sql.Connection - {conn-10001} connected
2019-03-16 15:26:30.914 [main] DEBUG druid.sql.Connection - {conn-10002} connected
2019-03-16 15:26:30.922 [main] DEBUG druid.sql.Connection - {conn-10003} connected
2019-03-16 15:26:30.926 [main] DEBUG druid.sql.Connection - {conn-10004} connected
2019-03-16 15:26:30.933 [main] DEBUG druid.sql.Connection - {conn-10005} connected
2019-03-16 15:26:30.939 [main] DEBUG druid.sql.Connection - {conn-10006} connected
2019-03-16 15:26:30.943 [main] DEBUG druid.sql.Connection - {conn-10007} connected
2019-03-16 15:26:30.948 [main] DEBUG druid.sql.Connection - {conn-10008} connected
2019-03-16 15:26:30.952 [main] DEBUG druid.sql.Connection - {conn-10009} connected
2019-03-16 15:26:30.955 [main] DEBUG druid.sql.Connection - {conn-10010} connected
2019-03-16 15:26:30.959 [main] DEBUG druid.sql.Connection - {conn-10011} connected
2019-03-16 15:26:30.963 [main] DEBUG druid.sql.Connection - {conn-10012} connected
2019-03-16 15:26:30.967 [main] DEBUG druid.sql.Connection - {conn-10013} connected
2019-03-16 15:26:30.971 [main] DEBUG druid.sql.Connection - {conn-10014} connected
2019-03-16 15:26:30.975 [main] DEBUG druid.sql.Connection - {conn-10015} connected
2019-03-16 15:26:30.979 [main] DEBUG druid.sql.Connection - {conn-10016} connected
2019-03-16 15:26:30.985 [main] DEBUG druid.sql.Connection - {conn-10017} connected
2019-03-16 15:26:30.988 [main] DEBUG druid.sql.Connection - {conn-10018} connected
2019-03-16 15:26:30.992 [main] DEBUG druid.sql.Connection - {conn-10019} connected
2019-03-16 15:26:30.995 [main] DEBUG druid.sql.Connection - {conn-10020} connected
2019-03-16 15:26:30.998 [main] DEBUG druid.sql.Connection - {conn-10021} connected
2019-03-16 15:26:31.002 [main] DEBUG druid.sql.Connection - {conn-10022} connected
2019-03-16 15:26:31.007 [main] DEBUG druid.sql.Connection - {conn-10023} connected
2019-03-16 15:26:31.010 [main] DEBUG druid.sql.Connection - {conn-10024} connected
2019-03-16 15:26:31.014 [main] DEBUG druid.sql.Connection - {conn-10025} connected
2019-03-16 15:26:31.017 [main] DEBUG druid.sql.Connection - {conn-10026} connected
2019-03-16 15:26:31.020 [main] DEBUG druid.sql.Connection - {conn-10027} connected
2019-03-16 15:26:31.024 [main] DEBUG druid.sql.Connection - {conn-10028} connected
2019-03-16 15:26:31.027 [main] DEBUG druid.sql.Connection - {conn-10029} connected
2019-03-16 15:26:31.032 [main] DEBUG druid.sql.Connection - {conn-10030} connected
2019-03-16 15:26:31.135 [main] DEBUG druid.sql.Connection - {conn-10030} pool-connect
2019-03-16 15:26:31.136 [main] DEBUG druid.sql.Connection - {conn-10030} pool-recycle
2019-03-16 15:26:31.146 [main] DEBUG druid.sql.Connection - {conn-10030} pool-connect
2019-03-16 15:26:31.149 [main] DEBUG druid.sql.Connection - {conn-10030} pool-recycle
2019-03-16 15:26:31.456 [main] DEBUG druid.sql.Connection - {conn-10030} pool-connect
2019-03-16 15:26:31.524 [main] DEBUG druid.sql.Connection - {conn-10030} pool-recycle
2019-03-16 15:26:32.381 [main] DEBUG druid.sql.Connection - {conn-10030} pool-connect
2019-03-16 15:26:32.381 [main] DEBUG druid.sql.Connection - {conn-10030} pool-recycle
2019-03-16 15:28:30.790 [Thread-25] DEBUG druid.sql.Connection - {conn-10001} closed
2019-03-16 15:28:30.790 [Thread-25] DEBUG druid.sql.Connection - {conn-10002} closed
2019-03-16 15:28:30.790 [Thread-25] DEBUG druid.sql.Connection - {conn-10003} closed
2019-03-16 15:28:30.790 [Thread-25] DEBUG druid.sql.Connection - {conn-10004} closed
2019-03-16 15:28:30.790 [Thread-25] DEBUG druid.sql.Connection - {conn-10005} closed
2019-03-16 15:28:30.791 [Thread-25] DEBUG druid.sql.Connection - {conn-10006} closed
2019-03-16 15:28:30.791 [Thread-25] DEBUG druid.sql.Connection - {conn-10007} closed
2019-03-16 15:28:30.791 [Thread-25] DEBUG druid.sql.Connection - {conn-10008} closed
2019-03-16 15:28:30.791 [Thread-25] DEBUG druid.sql.Connection - {conn-10009} closed
2019-03-16 15:28:30.791 [Thread-25] DEBUG druid.sql.Connection - {conn-10010} closed
2019-03-16 15:28:30.793 [Thread-25] DEBUG druid.sql.Connection - {conn-10011} closed
2019-03-16 15:28:30.793 [Thread-25] DEBUG druid.sql.Connection - {conn-10012} closed
2019-03-16 15:28:30.793 [Thread-25] DEBUG druid.sql.Connection - {conn-10013} closed
2019-03-16 15:28:30.793 [Thread-25] DEBUG druid.sql.Connection - {conn-10014} closed
2019-03-16 15:28:30.793 [Thread-25] DEBUG druid.sql.Connection - {conn-10015} closed
2019-03-16 15:28:30.794 [Thread-25] DEBUG druid.sql.Connection - {conn-10016} closed
2019-03-16 15:28:30.794 [Thread-25] DEBUG druid.sql.Connection - {conn-10017} closed
2019-03-16 15:28:30.794 [Thread-25] DEBUG druid.sql.Connection - {conn-10018} closed
2019-03-16 15:28:30.795 [Thread-25] DEBUG druid.sql.Connection - {conn-10019} closed
2019-03-16 15:28:30.795 [Thread-25] DEBUG druid.sql.Connection - {conn-10020} closed
2019-03-16 15:28:30.795 [Thread-25] DEBUG druid.sql.Connection - {conn-10021} closed
2019-03-16 15:28:30.795 [Thread-25] DEBUG druid.sql.Connection - {conn-10022} closed
2019-03-16 15:28:30.795 [Thread-25] DEBUG druid.sql.Connection - {conn-10023} closed
2019-03-16 15:28:30.796 [Thread-25] DEBUG druid.sql.Connection - {conn-10024} closed
2019-03-16 15:28:30.796 [Thread-25] DEBUG druid.sql.Connection - {conn-10025} closed
2019-03-16 15:28:30.796 [Thread-25] DEBUG druid.sql.Connection - {conn-10026} closed
2019-03-16 15:28:30.796 [Thread-25] DEBUG druid.sql.Connection - {conn-10027} closed
2019-03-16 15:28:30.796 [Thread-25] DEBUG druid.sql.Connection - {conn-10028} closed
2019-03-16 15:28:30.796 [Thread-25] DEBUG druid.sql.Connection - {conn-10029} closed
2019-03-16 15:28:30.798 [Thread-25] DEBUG druid.sql.Connection - {conn-10030} closed
2019-03-16 15:28:42.539 [main] DEBUG druid.sql.Connection - {conn-10001} connected
2019-03-16 15:28:42.546 [main] DEBUG druid.sql.Connection - {conn-10002} connected
2019-03-16 15:28:42.550 [main] DEBUG druid.sql.Connection - {conn-10003} connected
2019-03-16 15:28:42.555 [main] DEBUG druid.sql.Connection - {conn-10004} connected
2019-03-16 15:28:42.559 [main] DEBUG druid.sql.Connection - {conn-10005} connected
2019-03-16 15:28:42.563 [main] DEBUG druid.sql.Connection - {conn-10006} connected
2019-03-16 15:28:42.567 [main] DEBUG druid.sql.Connection - {conn-10007} connected
2019-03-16 15:28:42.571 [main] DEBUG druid.sql.Connection - {conn-10008} connected
2019-03-16 15:28:42.575 [main] DEBUG druid.sql.Connection - {conn-10009} connected
2019-03-16 15:28:42.579 [main] DEBUG druid.sql.Connection - {conn-10010} connected
2019-03-16 15:28:42.583 [main] DEBUG druid.sql.Connection - {conn-10011} connected
2019-03-16 15:28:42.587 [main] DEBUG druid.sql.Connection - {conn-10012} connected
2019-03-16 15:28:42.591 [main] DEBUG druid.sql.Connection - {conn-10013} connected
2019-03-16 15:28:42.595 [main] DEBUG druid.sql.Connection - {conn-10014} connected
2019-03-16 15:28:42.598 [main] DEBUG druid.sql.Connection - {conn-10015} connected
2019-03-16 15:28:42.603 [main] DEBUG druid.sql.Connection - {conn-10016} connected
2019-03-16 15:28:42.607 [main] DEBUG druid.sql.Connection - {conn-10017} connected
2019-03-16 15:28:42.610 [main] DEBUG druid.sql.Connection - {conn-10018} connected
2019-03-16 15:28:42.614 [main] DEBUG druid.sql.Connection - {conn-10019} connected
2019-03-16 15:28:42.617 [main] DEBUG druid.sql.Connection - {conn-10020} connected
2019-03-16 15:28:42.620 [main] DEBUG druid.sql.Connection - {conn-10021} connected
2019-03-16 15:28:42.624 [main] DEBUG druid.sql.Connection - {conn-10022} connected
2019-03-16 15:28:42.629 [main] DEBUG druid.sql.Connection - {conn-10023} connected
2019-03-16 15:28:42.633 [main] DEBUG druid.sql.Connection - {conn-10024} connected
2019-03-16 15:28:42.636 [main] DEBUG druid.sql.Connection - {conn-10025} connected
2019-03-16 15:28:42.640 [main] DEBUG druid.sql.Connection - {conn-10026} connected
2019-03-16 15:28:42.643 [main] DEBUG druid.sql.Connection - {conn-10027} connected
2019-03-16 15:28:42.646 [main] DEBUG druid.sql.Connection - {conn-10028} connected
2019-03-16 15:28:42.650 [main] DEBUG druid.sql.Connection - {conn-10029} connected
2019-03-16 15:28:42.653 [main] DEBUG druid.sql.Connection - {conn-10030} connected
2019-03-16 15:28:42.755 [main] DEBUG druid.sql.Connection - {conn-10030} pool-connect
2019-03-16 15:28:42.757 [main] DEBUG druid.sql.Connection - {conn-10030} pool-recycle
2019-03-16 15:28:42.768 [main] DEBUG druid.sql.Connection - {conn-10030} pool-connect
2019-03-16 15:28:42.771 [main] DEBUG druid.sql.Connection - {conn-10030} pool-recycle
2019-03-16 15:28:43.091 [main] DEBUG druid.sql.Connection - {conn-10030} pool-connect
2019-03-16 15:28:43.146 [main] DEBUG druid.sql.Connection - {conn-10030} pool-recycle
2019-03-16 15:28:43.811 [main] DEBUG druid.sql.Connection - {conn-10030} pool-connect
2019-03-16 15:28:43.812 [main] DEBUG druid.sql.Connection - {conn-10030} pool-recycle
2019-03-16 15:31:57.548 [Thread-23] DEBUG druid.sql.Connection - {conn-10001} closed
2019-03-16 15:31:57.550 [Thread-23] DEBUG druid.sql.Connection - {conn-10002} closed
2019-03-16 15:31:57.551 [Thread-23] DEBUG druid.sql.Connection - {conn-10003} closed
2019-03-16 15:31:57.551 [Thread-23] DEBUG druid.sql.Connection - {conn-10004} closed
2019-03-16 15:31:57.552 [Thread-23] DEBUG druid.sql.Connection - {conn-10005} closed
2019-03-16 15:31:57.552 [Thread-23] DEBUG druid.sql.Connection - {conn-10006} closed
2019-03-16 15:31:57.553 [Thread-23] DEBUG druid.sql.Connection - {conn-10007} closed
2019-03-16 15:31:57.553 [Thread-23] DEBUG druid.sql.Connection - {conn-10008} closed
2019-03-16 15:31:57.554 [Thread-23] DEBUG druid.sql.Connection - {conn-10009} closed
2019-03-16 15:31:57.554 [Thread-23] DEBUG druid.sql.Connection - {conn-10010} closed
2019-03-16 15:31:57.555 [Thread-23] DEBUG druid.sql.Connection - {conn-10011} closed
2019-03-16 15:31:57.555 [Thread-23] DEBUG druid.sql.Connection - {conn-10012} closed
2019-03-16 15:31:57.556 [Thread-23] DEBUG druid.sql.Connection - {conn-10013} closed
2019-03-16 15:31:57.556 [Thread-23] DEBUG druid.sql.Connection - {conn-10014} closed
2019-03-16 15:31:57.557 [Thread-23] DEBUG druid.sql.Connection - {conn-10015} closed
2019-03-16 15:31:57.557 [Thread-23] DEBUG druid.sql.Connection - {conn-10016} closed
2019-03-16 15:31:57.558 [Thread-23] DEBUG druid.sql.Connection - {conn-10017} closed
2019-03-16 15:31:57.558 [Thread-23] DEBUG druid.sql.Connection - {conn-10018} closed
2019-03-16 15:31:57.559 [Thread-23] DEBUG druid.sql.Connection - {conn-10019} closed
2019-03-16 15:31:57.560 [Thread-23] DEBUG druid.sql.Connection - {conn-10020} closed
2019-03-16 15:31:57.560 [Thread-23] DEBUG druid.sql.Connection - {conn-10021} closed
2019-03-16 15:31:57.560 [Thread-23] DEBUG druid.sql.Connection - {conn-10022} closed
2019-03-16 15:31:57.560 [Thread-23] DEBUG druid.sql.Connection - {conn-10023} closed
2019-03-16 15:31:57.560 [Thread-23] DEBUG druid.sql.Connection - {conn-10024} closed
2019-03-16 15:31:57.560 [Thread-23] DEBUG druid.sql.Connection - {conn-10025} closed
2019-03-16 15:31:57.561 [Thread-23] DEBUG druid.sql.Connection - {conn-10026} closed
2019-03-16 15:31:57.561 [Thread-23] DEBUG druid.sql.Connection - {conn-10027} closed
2019-03-16 15:31:57.561 [Thread-23] DEBUG druid.sql.Connection - {conn-10028} closed
2019-03-16 15:31:57.561 [Thread-23] DEBUG druid.sql.Connection - {conn-10029} closed
2019-03-16 15:31:57.561 [Thread-23] DEBUG druid.sql.Connection - {conn-10030} closed
2019-03-16 15:32:08.461 [main] DEBUG druid.sql.Connection - {conn-10001} connected
2019-03-16 15:32:08.466 [main] DEBUG druid.sql.Connection - {conn-10002} connected
2019-03-16 15:32:08.470 [main] DEBUG druid.sql.Connection - {conn-10003} connected
2019-03-16 15:32:08.474 [main] DEBUG druid.sql.Connection - {conn-10004} connected
2019-03-16 15:32:08.479 [main] DEBUG druid.sql.Connection - {conn-10005} connected
2019-03-16 15:32:08.484 [main] DEBUG druid.sql.Connection - {conn-10006} connected
2019-03-16 15:32:08.488 [main] DEBUG druid.sql.Connection - {conn-10007} connected
2019-03-16 15:32:08.492 [main] DEBUG druid.sql.Connection - {conn-10008} connected
2019-03-16 15:32:08.496 [main] DEBUG druid.sql.Connection - {conn-10009} connected
2019-03-16 15:32:08.500 [main] DEBUG druid.sql.Connection - {conn-10010} connected
2019-03-16 15:32:08.505 [main] DEBUG druid.sql.Connection - {conn-10011} connected
2019-03-16 15:32:08.508 [main] DEBUG druid.sql.Connection - {conn-10012} connected
2019-03-16 15:32:08.512 [main] DEBUG druid.sql.Connection - {conn-10013} connected
2019-03-16 15:32:08.516 [main] DEBUG druid.sql.Connection - {conn-10014} connected
2019-03-16 15:32:08.520 [main] DEBUG druid.sql.Connection - {conn-10015} connected
2019-03-16 15:32:08.524 [main] DEBUG druid.sql.Connection - {conn-10016} connected
2019-03-16 15:32:08.528 [main] DEBUG druid.sql.Connection - {conn-10017} connected
2019-03-16 15:32:08.532 [main] DEBUG druid.sql.Connection - {conn-10018} connected
2019-03-16 15:32:08.535 [main] DEBUG druid.sql.Connection - {conn-10019} connected
2019-03-16 15:32:08.540 [main] DEBUG druid.sql.Connection - {conn-10020} connected
2019-03-16 15:32:08.545 [main] DEBUG druid.sql.Connection - {conn-10021} connected
2019-03-16 15:32:08.550 [main] DEBUG druid.sql.Connection - {conn-10022} connected
2019-03-16 15:32:08.554 [main] DEBUG druid.sql.Connection - {conn-10023} connected
2019-03-16 15:32:08.559 [main] DEBUG druid.sql.Connection - {conn-10024} connected
2019-03-16 15:32:08.564 [main] DEBUG druid.sql.Connection - {conn-10025} connected
2019-03-16 15:32:08.567 [main] DEBUG druid.sql.Connection - {conn-10026} connected
2019-03-16 15:32:08.571 [main] DEBUG druid.sql.Connection - {conn-10027} connected
2019-03-16 15:32:08.574 [main] DEBUG druid.sql.Connection - {conn-10028} connected
2019-03-16 15:32:08.578 [main] DEBUG druid.sql.Connection - {conn-10029} connected
2019-03-16 15:32:08.581 [main] DEBUG druid.sql.Connection - {conn-10030} connected
2019-03-16 15:32:08.670 [main] DEBUG druid.sql.Connection - {conn-10030} pool-connect
2019-03-16 15:32:08.672 [main] DEBUG druid.sql.Connection - {conn-10030} pool-recycle
2019-03-16 15:32:08.682 [main] DEBUG druid.sql.Connection - {conn-10030} pool-connect
2019-03-16 15:32:08.685 [main] DEBUG druid.sql.Connection - {conn-10030} pool-recycle
2019-03-16 15:32:08.999 [main] DEBUG druid.sql.Connection - {conn-10030} pool-connect
2019-03-16 15:32:09.067 [main] DEBUG druid.sql.Connection - {conn-10030} pool-recycle
2019-03-16 15:32:09.686 [main] DEBUG druid.sql.Connection - {conn-10030} pool-connect
2019-03-16 15:32:09.686 [main] DEBUG druid.sql.Connection - {conn-10030} pool-recycle
2019-03-16 15:38:36.250 [Thread-20] DEBUG druid.sql.Connection - {conn-10001} closed
2019-03-16 15:38:36.251 [Thread-20] DEBUG druid.sql.Connection - {conn-10002} closed
2019-03-16 15:38:36.251 [Thread-20] DEBUG druid.sql.Connection - {conn-10003} closed
2019-03-16 15:38:36.252 [Thread-20] DEBUG druid.sql.Connection - {conn-10004} closed
2019-03-16 15:38:36.252 [Thread-20] DEBUG druid.sql.Connection - {conn-10005} closed
2019-03-16 15:38:36.253 [Thread-20] DEBUG druid.sql.Connection - {conn-10006} closed
2019-03-16 15:38:36.253 [Thread-20] DEBUG druid.sql.Connection - {conn-10007} closed
2019-03-16 15:38:36.253 [Thread-20] DEBUG druid.sql.Connection - {conn-10008} closed
2019-03-16 15:38:36.254 [Thread-20] DEBUG druid.sql.Connection - {conn-10009} closed
2019-03-16 15:38:36.254 [Thread-20] DEBUG druid.sql.Connection - {conn-10010} closed
2019-03-16 15:38:36.255 [Thread-20] DEBUG druid.sql.Connection - {conn-10011} closed
2019-03-16 15:38:36.255 [Thread-20] DEBUG druid.sql.Connection - {conn-10012} closed
2019-03-16 15:38:36.256 [Thread-20] DEBUG druid.sql.Connection - {conn-10013} closed
2019-03-16 15:38:36.257 [Thread-20] DEBUG druid.sql.Connection - {conn-10014} closed
2019-03-16 15:38:36.257 [Thread-20] DEBUG druid.sql.Connection - {conn-10015} closed
2019-03-16 15:38:36.258 [Thread-20] DEBUG druid.sql.Connection - {conn-10016} closed
2019-03-16 15:38:36.258 [Thread-20] DEBUG druid.sql.Connection - {conn-10017} closed
2019-03-16 15:38:36.259 [Thread-20] DEBUG druid.sql.Connection - {conn-10018} closed
2019-03-16 15:38:36.260 [Thread-20] DEBUG druid.sql.Connection - {conn-10019} closed
2019-03-16 15:38:36.261 [Thread-20] DEBUG druid.sql.Connection - {conn-10020} closed
2019-03-16 15:38:36.261 [Thread-20] DEBUG druid.sql.Connection - {conn-10021} closed
2019-03-16 15:38:36.261 [Thread-20] DEBUG druid.sql.Connection - {conn-10022} closed
2019-03-16 15:38:36.261 [Thread-20] DEBUG druid.sql.Connection - {conn-10023} closed
2019-03-16 15:38:36.261 [Thread-20] DEBUG druid.sql.Connection - {conn-10024} closed
2019-03-16 15:38:36.261 [Thread-20] DEBUG druid.sql.Connection - {conn-10025} closed
2019-03-16 15:38:36.261 [Thread-20] DEBUG druid.sql.Connection - {conn-10026} closed
2019-03-16 15:38:36.261 [Thread-20] DEBUG druid.sql.Connection - {conn-10027} closed
2019-03-16 15:38:36.262 [Thread-20] DEBUG druid.sql.Connection - {conn-10028} closed
2019-03-16 15:38:36.262 [Thread-20] DEBUG druid.sql.Connection - {conn-10029} closed
2019-03-16 15:38:36.262 [Thread-20] DEBUG druid.sql.Connection - {conn-10030} closed
2019-03-16 15:38:49.305 [main] DEBUG druid.sql.Connection - {conn-10001} connected
2019-03-16 15:38:49.314 [main] DEBUG druid.sql.Connection - {conn-10002} connected
2019-03-16 15:38:49.326 [main] DEBUG druid.sql.Connection - {conn-10003} connected
2019-03-16 15:38:49.340 [main] DEBUG druid.sql.Connection - {conn-10004} connected
2019-03-16 15:38:49.353 [main] DEBUG druid.sql.Connection - {conn-10005} connected
2019-03-16 15:38:49.368 [main] DEBUG druid.sql.Connection - {conn-10006} connected
2019-03-16 15:38:49.384 [main] DEBUG druid.sql.Connection - {conn-10007} connected
2019-03-16 15:38:49.392 [main] DEBUG druid.sql.Connection - {conn-10008} connected
2019-03-16 15:38:49.398 [main] DEBUG druid.sql.Connection - {conn-10009} connected
2019-03-16 15:38:49.405 [main] DEBUG druid.sql.Connection - {conn-10010} connected
2019-03-16 15:38:49.412 [main] DEBUG druid.sql.Connection - {conn-10011} connected
2019-03-16 15:38:49.419 [main] DEBUG druid.sql.Connection - {conn-10012} connected
2019-03-16 15:38:49.425 [main] DEBUG druid.sql.Connection - {conn-10013} connected
2019-03-16 15:38:49.431 [main] DEBUG druid.sql.Connection - {conn-10014} connected
2019-03-16 15:38:49.437 [main] DEBUG druid.sql.Connection - {conn-10015} connected
2019-03-16 15:38:49.445 [main] DEBUG druid.sql.Connection - {conn-10016} connected
2019-03-16 15:38:49.451 [main] DEBUG druid.sql.Connection - {conn-10017} connected
2019-03-16 15:38:49.455 [main] DEBUG druid.sql.Connection - {conn-10018} connected
2019-03-16 15:38:49.459 [main] DEBUG druid.sql.Connection - {conn-10019} connected
2019-03-16 15:38:49.464 [main] DEBUG druid.sql.Connection - {conn-10020} connected
2019-03-16 15:38:49.468 [main] DEBUG druid.sql.Connection - {conn-10021} connected
2019-03-16 15:38:49.472 [main] DEBUG druid.sql.Connection - {conn-10022} connected
2019-03-16 15:38:49.476 [main] DEBUG druid.sql.Connection - {conn-10023} connected
2019-03-16 15:38:49.480 [main] DEBUG druid.sql.Connection - {conn-10024} connected
2019-03-16 15:38:49.484 [main] DEBUG druid.sql.Connection - {conn-10025} connected
2019-03-16 15:38:49.487 [main] DEBUG druid.sql.Connection - {conn-10026} connected
2019-03-16 15:38:49.490 [main] DEBUG druid.sql.Connection - {conn-10027} connected
2019-03-16 15:38:49.494 [main] DEBUG druid.sql.Connection - {conn-10028} connected
2019-03-16 15:38:49.498 [main] DEBUG druid.sql.Connection - {conn-10029} connected
2019-03-16 15:38:49.501 [main] DEBUG druid.sql.Connection - {conn-10030} connected
2019-03-16 15:38:49.604 [main] DEBUG druid.sql.Connection - {conn-10030} pool-connect
2019-03-16 15:38:49.606 [main] DEBUG druid.sql.Connection - {conn-10030} pool-recycle
2019-03-16 15:38:49.615 [main] DEBUG druid.sql.Connection - {conn-10030} pool-connect
2019-03-16 15:38:49.618 [main] DEBUG druid.sql.Connection - {conn-10030} pool-recycle
2019-03-16 15:38:49.917 [main] DEBUG druid.sql.Connection - {conn-10030} pool-connect
2019-03-16 15:38:49.959 [main] DEBUG druid.sql.Connection - {conn-10030} pool-recycle
2019-03-16 15:38:50.583 [main] DEBUG druid.sql.Connection - {conn-10030} pool-connect
2019-03-16 15:38:50.584 [main] DEBUG druid.sql.Connection - {conn-10030} pool-recycle
2019-03-16 15:45:34.869 [Thread-25] DEBUG druid.sql.Connection - {conn-10001} closed
2019-03-16 15:45:34.871 [Thread-25] DEBUG druid.sql.Connection - {conn-10002} closed
2019-03-16 15:45:34.871 [Thread-25] DEBUG druid.sql.Connection - {conn-10003} closed
2019-03-16 15:45:34.872 [Thread-25] DEBUG druid.sql.Connection - {conn-10004} closed
2019-03-16 15:45:34.873 [Thread-25] DEBUG druid.sql.Connection - {conn-10005} closed
2019-03-16 15:45:34.874 [Thread-25] DEBUG druid.sql.Connection - {conn-10006} closed
2019-03-16 15:45:34.875 [Thread-25] DEBUG druid.sql.Connection - {conn-10007} closed
2019-03-16 15:45:34.875 [Thread-25] DEBUG druid.sql.Connection - {conn-10008} closed
2019-03-16 15:45:34.876 [Thread-25] DEBUG druid.sql.Connection - {conn-10009} closed
2019-03-16 15:45:34.877 [Thread-25] DEBUG druid.sql.Connection - {conn-10010} closed
2019-03-16 15:45:34.878 [Thread-25] DEBUG druid.sql.Connection - {conn-10011} closed
2019-03-16 15:45:34.879 [Thread-25] DEBUG druid.sql.Connection - {conn-10012} closed
2019-03-16 15:45:34.879 [Thread-25] DEBUG druid.sql.Connection - {conn-10013} closed
2019-03-16 15:45:34.880 [Thread-25] DEBUG druid.sql.Connection - {conn-10014} closed
2019-03-16 15:45:34.881 [Thread-25] DEBUG druid.sql.Connection - {conn-10015} closed
2019-03-16 15:45:34.882 [Thread-25] DEBUG druid.sql.Connection - {conn-10016} closed
2019-03-16 15:45:34.883 [Thread-25] DEBUG druid.sql.Connection - {conn-10017} closed
2019-03-16 15:45:34.884 [Thread-25] DEBUG druid.sql.Connection - {conn-10018} closed
2019-03-16 15:45:34.885 [Thread-25] DEBUG druid.sql.Connection - {conn-10019} closed
2019-03-16 15:45:34.887 [Thread-25] DEBUG druid.sql.Connection - {conn-10020} closed
2019-03-16 15:45:34.887 [Thread-25] DEBUG druid.sql.Connection - {conn-10021} closed
2019-03-16 15:45:34.887 [Thread-25] DEBUG druid.sql.Connection - {conn-10022} closed
2019-03-16 15:45:34.887 [Thread-25] DEBUG druid.sql.Connection - {conn-10023} closed
2019-03-16 15:45:34.887 [Thread-25] DEBUG druid.sql.Connection - {conn-10024} closed
2019-03-16 15:45:34.887 [Thread-25] DEBUG druid.sql.Connection - {conn-10025} closed
2019-03-16 15:45:34.887 [Thread-25] DEBUG druid.sql.Connection - {conn-10026} closed
2019-03-16 15:45:34.888 [Thread-25] DEBUG druid.sql.Connection - {conn-10027} closed
2019-03-16 15:45:34.888 [Thread-25] DEBUG druid.sql.Connection - {conn-10028} closed
2019-03-16 15:45:34.888 [Thread-25] DEBUG druid.sql.Connection - {conn-10029} closed
2019-03-16 15:45:34.888 [Thread-25] DEBUG druid.sql.Connection - {conn-10030} closed
2019-03-16 15:45:45.496 [main] DEBUG druid.sql.Connection - {conn-10001} connected
2019-03-16 15:45:45.502 [main] DEBUG druid.sql.Connection - {conn-10002} connected
2019-03-16 15:45:45.506 [main] DEBUG druid.sql.Connection - {conn-10003} connected
2019-03-16 15:45:45.511 [main] DEBUG druid.sql.Connection - {conn-10004} connected
2019-03-16 15:45:45.515 [main] DEBUG druid.sql.Connection - {conn-10005} connected
2019-03-16 15:45:45.520 [main] DEBUG druid.sql.Connection - {conn-10006} connected
2019-03-16 15:45:45.524 [main] DEBUG druid.sql.Connection - {conn-10007} connected
2019-03-16 15:45:45.528 [main] DEBUG druid.sql.Connection - {conn-10008} connected
2019-03-16 15:45:45.532 [main] DEBUG druid.sql.Connection - {conn-10009} connected
2019-03-16 15:45:45.536 [main] DEBUG druid.sql.Connection - {conn-10010} connected
2019-03-16 15:45:45.540 [main] DEBUG druid.sql.Connection - {conn-10011} connected
2019-03-16 15:45:45.544 [main] DEBUG druid.sql.Connection - {conn-10012} connected
2019-03-16 15:45:45.550 [main] DEBUG druid.sql.Connection - {conn-10013} connected
2019-03-16 15:45:45.554 [main] DEBUG druid.sql.Connection - {conn-10014} connected
2019-03-16 15:45:45.559 [main] DEBUG druid.sql.Connection - {conn-10015} connected
2019-03-16 15:45:45.567 [main] DEBUG druid.sql.Connection - {conn-10016} connected
2019-03-16 15:45:45.573 [main] DEBUG druid.sql.Connection - {conn-10017} connected
2019-03-16 15:45:45.581 [main] DEBUG druid.sql.Connection - {conn-10018} connected
2019-03-16 15:45:45.585 [main] DEBUG druid.sql.Connection - {conn-10019} connected
2019-03-16 15:45:45.591 [main] DEBUG druid.sql.Connection - {conn-10020} connected
2019-03-16 15:45:45.595 [main] DEBUG druid.sql.Connection - {conn-10021} connected
2019-03-16 15:45:45.598 [main] DEBUG druid.sql.Connection - {conn-10022} connected
2019-03-16 15:45:45.602 [main] DEBUG druid.sql.Connection - {conn-10023} connected
2019-03-16 15:45:45.605 [main] DEBUG druid.sql.Connection - {conn-10024} connected
2019-03-16 15:45:45.609 [main] DEBUG druid.sql.Connection - {conn-10025} connected
2019-03-16 15:45:45.612 [main] DEBUG druid.sql.Connection - {conn-10026} connected
2019-03-16 15:45:45.616 [main] DEBUG druid.sql.Connection - {conn-10027} connected
2019-03-16 15:45:45.619 [main] DEBUG druid.sql.Connection - {conn-10028} connected
2019-03-16 15:45:45.623 [main] DEBUG druid.sql.Connection - {conn-10029} connected
2019-03-16 15:45:45.626 [main] DEBUG druid.sql.Connection - {conn-10030} connected
2019-03-16 15:45:45.718 [main] DEBUG druid.sql.Connection - {conn-10030} pool-connect
2019-03-16 15:45:45.723 [main] DEBUG druid.sql.Connection - {conn-10030} pool-recycle
2019-03-16 15:45:45.738 [main] DEBUG druid.sql.Connection - {conn-10030} pool-connect
2019-03-16 15:45:45.741 [main] DEBUG druid.sql.Connection - {conn-10030} pool-recycle
2019-03-16 15:45:46.043 [main] DEBUG druid.sql.Connection - {conn-10030} pool-connect
2019-03-16 15:45:46.103 [main] DEBUG druid.sql.Connection - {conn-10030} pool-recycle
2019-03-16 15:45:46.840 [main] DEBUG druid.sql.Connection - {conn-10030} pool-connect
2019-03-16 15:45:46.840 [main] DEBUG druid.sql.Connection - {conn-10030} pool-recycle
2019-03-16 16:16:21.320 [Druid-ConnectionPool-Destroy-1583082378] DEBUG druid.sql.Connection - {conn-10001} closed
2019-03-16 16:16:21.322 [Druid-ConnectionPool-Destroy-1583082378] DEBUG druid.sql.Connection - {conn-10002} closed
2019-03-16 16:16:21.322 [Druid-ConnectionPool-Destroy-1583082378] DEBUG druid.sql.Connection - {conn-10003} closed
2019-03-16 16:16:21.323 [Druid-ConnectionPool-Destroy-1583082378] DEBUG druid.sql.Connection - {conn-10004} closed
2019-03-16 16:16:21.323 [Druid-ConnectionPool-Destroy-1583082378] DEBUG druid.sql.Connection - {conn-10005} closed
2019-03-16 16:16:21.324 [Druid-ConnectionPool-Destroy-1583082378] DEBUG druid.sql.Connection - {conn-10006} closed
2019-03-16 16:16:21.325 [Druid-ConnectionPool-Destroy-1583082378] DEBUG druid.sql.Connection - {conn-10007} closed
2019-03-16 16:16:21.325 [Druid-ConnectionPool-Destroy-1583082378] DEBUG druid.sql.Connection - {conn-10008} closed
2019-03-16 16:16:21.326 [Druid-ConnectionPool-Destroy-1583082378] DEBUG druid.sql.Connection - {conn-10009} closed
2019-03-16 16:16:21.326 [Druid-ConnectionPool-Destroy-1583082378] DEBUG druid.sql.Connection - {conn-10010} closed
2019-03-16 16:16:21.327 [Druid-ConnectionPool-Destroy-1583082378] DEBUG druid.sql.Connection - {conn-10011} closed
2019-03-16 16:16:21.328 [Druid-ConnectionPool-Destroy-1583082378] DEBUG druid.sql.Connection - {conn-10012} closed
2019-03-16 16:16:21.328 [Druid-ConnectionPool-Destroy-1583082378] DEBUG druid.sql.Connection - {conn-10013} closed
2019-03-16 16:16:21.329 [Druid-ConnectionPool-Destroy-1583082378] DEBUG druid.sql.Connection - {conn-10014} closed
2019-03-16 16:16:21.329 [Druid-ConnectionPool-Destroy-1583082378] DEBUG druid.sql.Connection - {conn-10015} closed
2019-03-16 16:16:21.330 [Druid-ConnectionPool-Destroy-1583082378] DEBUG druid.sql.Connection - {conn-10016} closed
2019-03-16 16:16:21.331 [Druid-ConnectionPool-Destroy-1583082378] DEBUG druid.sql.Connection - {conn-10017} closed
2019-03-16 16:16:21.332 [Druid-ConnectionPool-Destroy-1583082378] DEBUG druid.sql.Connection - {conn-10018} closed
2019-03-16 16:16:21.333 [Druid-ConnectionPool-Destroy-1583082378] DEBUG druid.sql.Connection - {conn-10019} closed
2019-03-16 16:16:21.334 [Druid-ConnectionPool-Destroy-1583082378] DEBUG druid.sql.Connection - {conn-10020} closed
2019-03-16 16:16:21.335 [Druid-ConnectionPool-Destroy-1583082378] DEBUG druid.sql.Connection - {conn-10021} closed
2019-03-16 16:16:21.336 [Druid-ConnectionPool-Destroy-1583082378] DEBUG druid.sql.Connection - {conn-10022} closed
2019-03-16 16:16:21.336 [Druid-ConnectionPool-Destroy-1583082378] DEBUG druid.sql.Connection - {conn-10023} closed
2019-03-16 16:16:21.337 [Druid-ConnectionPool-Destroy-1583082378] DEBUG druid.sql.Connection - {conn-10024} closed
2019-03-16 16:16:21.337 [Druid-ConnectionPool-Destroy-1583082378] DEBUG druid.sql.Connection - {conn-10025} closed
2019-03-16 16:16:21.338 [Druid-ConnectionPool-Destroy-1583082378] DEBUG druid.sql.Connection - {conn-10026} closed
2019-03-16 16:16:21.339 [Druid-ConnectionPool-Destroy-1583082378] DEBUG druid.sql.Connection - {conn-10027} closed
2019-03-16 16:16:21.339 [Druid-ConnectionPool-Destroy-1583082378] DEBUG druid.sql.Connection - {conn-10028} closed
2019-03-16 16:16:21.340 [Druid-ConnectionPool-Destroy-1583082378] DEBUG druid.sql.Connection - {conn-10029} closed
2019-03-16 16:16:21.340 [Druid-ConnectionPool-Destroy-1583082378] DEBUG druid.sql.Connection - {conn-10030} closed
2019-03-16 16:24:03.477 [main] DEBUG druid.sql.Connection - {conn-10001} connected
2019-03-16 16:24:03.484 [main] DEBUG druid.sql.Connection - {conn-10002} connected
2019-03-16 16:24:03.488 [main] DEBUG druid.sql.Connection - {conn-10003} connected
2019-03-16 16:24:03.492 [main] DEBUG druid.sql.Connection - {conn-10004} connected
2019-03-16 16:24:03.497 [main] DEBUG druid.sql.Connection - {conn-10005} connected
2019-03-16 16:24:03.503 [main] DEBUG druid.sql.Connection - {conn-10006} connected
2019-03-16 16:24:03.508 [main] DEBUG druid.sql.Connection - {conn-10007} connected
2019-03-16 16:24:03.513 [main] DEBUG druid.sql.Connection - {conn-10008} connected
2019-03-16 16:24:03.517 [main] DEBUG druid.sql.Connection - {conn-10009} connected
2019-03-16 16:24:03.522 [main] DEBUG druid.sql.Connection - {conn-10010} connected
2019-03-16 16:24:03.527 [main] DEBUG druid.sql.Connection - {conn-10011} connected
2019-03-16 16:24:03.531 [main] DEBUG druid.sql.Connection - {conn-10012} connected
2019-03-16 16:24:03.535 [main] DEBUG druid.sql.Connection - {conn-10013} connected
2019-03-16 16:24:03.539 [main] DEBUG druid.sql.Connection - {conn-10014} connected
2019-03-16 16:24:03.544 [main] DEBUG druid.sql.Connection - {conn-10015} connected
2019-03-16 16:24:03.549 [main] DEBUG druid.sql.Connection - {conn-10016} connected
2019-03-16 16:24:03.553 [main] DEBUG druid.sql.Connection - {conn-10017} connected
2019-03-16 16:24:03.558 [main] DEBUG druid.sql.Connection - {conn-10018} connected
2019-03-16 16:24:03.565 [main] DEBUG druid.sql.Connection - {conn-10019} connected
2019-03-16 16:24:03.570 [main] DEBUG druid.sql.Connection - {conn-10020} connected
2019-03-16 16:24:03.583 [main] DEBUG druid.sql.Connection - {conn-10021} connected
2019-03-16 16:24:03.587 [main] DEBUG druid.sql.Connection - {conn-10022} connected
2019-03-16 16:24:03.593 [main] DEBUG druid.sql.Connection - {conn-10023} connected
2019-03-16 16:24:03.598 [main] DEBUG druid.sql.Connection - {conn-10024} connected
2019-03-16 16:24:03.602 [main] DEBUG druid.sql.Connection - {conn-10025} connected
2019-03-16 16:24:03.605 [main] DEBUG druid.sql.Connection - {conn-10026} connected
2019-03-16 16:24:03.609 [main] DEBUG druid.sql.Connection - {conn-10027} connected
2019-03-16 16:24:03.612 [main] DEBUG druid.sql.Connection - {conn-10028} connected
2019-03-16 16:24:03.616 [main] DEBUG druid.sql.Connection - {conn-10029} connected
2019-03-16 16:24:03.619 [main] DEBUG druid.sql.Connection - {conn-10030} connected
2019-03-16 16:24:03.714 [main] DEBUG druid.sql.Connection - {conn-10030} pool-connect
2019-03-16 16:24:03.715 [main] DEBUG druid.sql.Connection - {conn-10030} pool-recycle
2019-03-16 16:24:03.728 [main] DEBUG druid.sql.Connection - {conn-10030} pool-connect
2019-03-16 16:24:03.733 [main] DEBUG druid.sql.Connection - {conn-10030} pool-recycle
2019-03-16 16:24:04.027 [main] DEBUG druid.sql.Connection - {conn-10030} pool-connect
2019-03-16 16:24:04.091 [main] DEBUG druid.sql.Connection - {conn-10030} pool-recycle
2019-03-16 16:24:04.739 [main] DEBUG druid.sql.Connection - {conn-10030} pool-connect
2019-03-16 16:24:04.739 [main] DEBUG druid.sql.Connection - {conn-10030} pool-recycle
2019-03-16 16:25:39.861 [Thread-23] DEBUG druid.sql.Connection - {conn-10001} closed
2019-03-16 16:25:39.861 [Thread-23] DEBUG druid.sql.Connection - {conn-10002} closed
2019-03-16 16:25:39.862 [Thread-23] DEBUG druid.sql.Connection - {conn-10003} closed
2019-03-16 16:25:39.862 [Thread-23] DEBUG druid.sql.Connection - {conn-10004} closed
2019-03-16 16:25:39.863 [Thread-23] DEBUG druid.sql.Connection - {conn-10005} closed
2019-03-16 16:25:39.863 [Thread-23] DEBUG druid.sql.Connection - {conn-10006} closed
2019-03-16 16:25:39.864 [Thread-23] DEBUG druid.sql.Connection - {conn-10007} closed
2019-03-16 16:25:39.864 [Thread-23] DEBUG druid.sql.Connection - {conn-10008} closed
2019-03-16 16:25:39.864 [Thread-23] DEBUG druid.sql.Connection - {conn-10009} closed
2019-03-16 16:25:39.865 [Thread-23] DEBUG druid.sql.Connection - {conn-10010} closed
2019-03-16 16:25:39.866 [Thread-23] DEBUG druid.sql.Connection - {conn-10011} closed
2019-03-16 16:25:39.867 [Thread-23] DEBUG druid.sql.Connection - {conn-10012} closed
2019-03-16 16:25:39.867 [Thread-23] DEBUG druid.sql.Connection - {conn-10013} closed
2019-03-16 16:25:39.868 [Thread-23] DEBUG druid.sql.Connection - {conn-10014} closed
2019-03-16 16:25:39.868 [Thread-23] DEBUG druid.sql.Connection - {conn-10015} closed
2019-03-16 16:25:39.869 [Thread-23] DEBUG druid.sql.Connection - {conn-10016} closed
2019-03-16 16:25:39.870 [Thread-23] DEBUG druid.sql.Connection - {conn-10017} closed
2019-03-16 16:25:39.870 [Thread-23] DEBUG druid.sql.Connection - {conn-10018} closed
2019-03-16 16:25:39.872 [Thread-23] DEBUG druid.sql.Connection - {conn-10019} closed
2019-03-16 16:25:39.873 [Thread-23] DEBUG druid.sql.Connection - {conn-10020} closed
2019-03-16 16:25:39.873 [Thread-23] DEBUG druid.sql.Connection - {conn-10021} closed
2019-03-16 16:25:39.873 [Thread-23] DEBUG druid.sql.Connection - {conn-10022} closed
2019-03-16 16:25:39.873 [Thread-23] DEBUG druid.sql.Connection - {conn-10023} closed
2019-03-16 16:25:39.874 [Thread-23] DEBUG druid.sql.Connection - {conn-10024} closed
2019-03-16 16:25:39.874 [Thread-23] DEBUG druid.sql.Connection - {conn-10025} closed
2019-03-16 16:25:39.875 [Thread-23] DEBUG druid.sql.Connection - {conn-10026} closed
2019-03-16 16:25:39.876 [Thread-23] DEBUG druid.sql.Connection - {conn-10027} closed
2019-03-16 16:25:39.876 [Thread-23] DEBUG druid.sql.Connection - {conn-10028} closed
2019-03-16 16:25:39.877 [Thread-23] DEBUG druid.sql.Connection - {conn-10029} closed
2019-03-16 16:25:39.877 [Thread-23] DEBUG druid.sql.Connection - {conn-10030} closed
2019-03-16 16:25:50.357 [main] DEBUG druid.sql.Connection - {conn-10001} connected
2019-03-16 16:25:50.363 [main] DEBUG druid.sql.Connection - {conn-10002} connected
2019-03-16 16:25:50.368 [main] DEBUG druid.sql.Connection - {conn-10003} connected
2019-03-16 16:25:50.372 [main] DEBUG druid.sql.Connection - {conn-10004} connected
2019-03-16 16:25:50.376 [main] DEBUG druid.sql.Connection - {conn-10005} connected
2019-03-16 16:25:50.381 [main] DEBUG druid.sql.Connection - {conn-10006} connected
2019-03-16 16:25:50.385 [main] DEBUG druid.sql.Connection - {conn-10007} connected
2019-03-16 16:25:50.390 [main] DEBUG druid.sql.Connection - {conn-10008} connected
2019-03-16 16:25:50.394 [main] DEBUG druid.sql.Connection - {conn-10009} connected
2019-03-16 16:25:50.398 [main] DEBUG druid.sql.Connection - {conn-10010} connected
2019-03-16 16:25:50.402 [main] DEBUG druid.sql.Connection - {conn-10011} connected
2019-03-16 16:25:50.406 [main] DEBUG druid.sql.Connection - {conn-10012} connected
2019-03-16 16:25:50.410 [main] DEBUG druid.sql.Connection - {conn-10013} connected
2019-03-16 16:25:50.414 [main] DEBUG druid.sql.Connection - {conn-10014} connected
2019-03-16 16:25:50.418 [main] DEBUG druid.sql.Connection - {conn-10015} connected
2019-03-16 16:25:50.422 [main] DEBUG druid.sql.Connection - {conn-10016} connected
2019-03-16 16:25:50.426 [main] DEBUG druid.sql.Connection - {conn-10017} connected
2019-03-16 16:25:50.430 [main] DEBUG druid.sql.Connection - {conn-10018} connected
2019-03-16 16:25:50.433 [main] DEBUG druid.sql.Connection - {conn-10019} connected
2019-03-16 16:25:50.437 [main] DEBUG druid.sql.Connection - {conn-10020} connected
2019-03-16 16:25:50.440 [main] DEBUG druid.sql.Connection - {conn-10021} connected
2019-03-16 16:25:50.444 [main] DEBUG druid.sql.Connection - {conn-10022} connected
2019-03-16 16:25:50.448 [main] DEBUG druid.sql.Connection - {conn-10023} connected
2019-03-16 16:25:50.451 [main] DEBUG druid.sql.Connection - {conn-10024} connected
2019-03-16 16:25:50.455 [main] DEBUG druid.sql.Connection - {conn-10025} connected
2019-03-16 16:25:50.458 [main] DEBUG druid.sql.Connection - {conn-10026} connected
2019-03-16 16:25:50.462 [main] DEBUG druid.sql.Connection - {conn-10027} connected
2019-03-16 16:25:50.465 [main] DEBUG druid.sql.Connection - {conn-10028} connected
2019-03-16 16:25:50.469 [main] DEBUG druid.sql.Connection - {conn-10029} connected
2019-03-16 16:25:50.472 [main] DEBUG druid.sql.Connection - {conn-10030} connected
2019-03-16 16:25:50.564 [main] DEBUG druid.sql.Connection - {conn-10030} pool-connect
2019-03-16 16:25:50.565 [main] DEBUG druid.sql.Connection - {conn-10030} pool-recycle
2019-03-16 16:25:50.574 [main] DEBUG druid.sql.Connection - {conn-10030} pool-connect
2019-03-16 16:25:50.578 [main] DEBUG druid.sql.Connection - {conn-10030} pool-recycle
2019-03-16 16:25:50.904 [main] DEBUG druid.sql.Connection - {conn-10030} pool-connect
2019-03-16 16:25:50.976 [main] DEBUG druid.sql.Connection - {conn-10030} pool-recycle
2019-03-16 16:25:51.605 [main] DEBUG druid.sql.Connection - {conn-10030} pool-connect
2019-03-16 16:25:51.605 [main] DEBUG druid.sql.Connection - {conn-10030} pool-recycle
2019-03-16 16:34:14.688 [Thread-21] DEBUG druid.sql.Connection - {conn-10001} closed
2019-03-16 16:34:14.689 [Thread-21] DEBUG druid.sql.Connection - {conn-10002} closed
2019-03-16 16:34:14.689 [Thread-21] DEBUG druid.sql.Connection - {conn-10003} closed
2019-03-16 16:34:14.690 [Thread-21] DEBUG druid.sql.Connection - {conn-10004} closed
2019-03-16 16:34:14.691 [Thread-21] DEBUG druid.sql.Connection - {conn-10005} closed
2019-03-16 16:34:14.695 [Thread-21] DEBUG druid.sql.Connection - {conn-10006} closed
2019-03-16 16:34:14.696 [Thread-21] DEBUG druid.sql.Connection - {conn-10007} closed
2019-03-16 16:34:14.697 [Thread-21] DEBUG druid.sql.Connection - {conn-10008} closed
2019-03-16 16:34:14.698 [Thread-21] DEBUG druid.sql.Connection - {conn-10009} closed
2019-03-16 16:34:14.699 [Thread-21] DEBUG druid.sql.Connection - {conn-10010} closed
2019-03-16 16:34:14.700 [Thread-21] DEBUG druid.sql.Connection - {conn-10011} closed
2019-03-16 16:34:14.700 [Thread-21] DEBUG druid.sql.Connection - {conn-10012} closed
2019-03-16 16:34:14.701 [Thread-21] DEBUG druid.sql.Connection - {conn-10013} closed
2019-03-16 16:34:14.702 [Thread-21] DEBUG druid.sql.Connection - {conn-10014} closed
2019-03-16 16:34:14.702 [Thread-21] DEBUG druid.sql.Connection - {conn-10015} closed
2019-03-16 16:34:14.703 [Thread-21] DEBUG druid.sql.Connection - {conn-10016} closed
2019-03-16 16:34:14.703 [Thread-21] DEBUG druid.sql.Connection - {conn-10017} closed
2019-03-16 16:34:14.704 [Thread-21] DEBUG druid.sql.Connection - {conn-10018} closed
2019-03-16 16:34:14.704 [Thread-21] DEBUG druid.sql.Connection - {conn-10019} closed
2019-03-16 16:34:14.705 [Thread-21] DEBUG druid.sql.Connection - {conn-10020} closed
2019-03-16 16:34:14.705 [Thread-21] DEBUG druid.sql.Connection - {conn-10021} closed
2019-03-16 16:34:14.705 [Thread-21] DEBUG druid.sql.Connection - {conn-10022} closed
2019-03-16 16:34:14.705 [Thread-21] DEBUG druid.sql.Connection - {conn-10023} closed
2019-03-16 16:34:14.706 [Thread-21] DEBUG druid.sql.Connection - {conn-10024} closed
2019-03-16 16:34:14.706 [Thread-21] DEBUG druid.sql.Connection - {conn-10025} closed
2019-03-16 16:34:14.706 [Thread-21] DEBUG druid.sql.Connection - {conn-10026} closed
2019-03-16 16:34:14.706 [Thread-21] DEBUG druid.sql.Connection - {conn-10027} closed
2019-03-16 16:34:14.706 [Thread-21] DEBUG druid.sql.Connection - {conn-10028} closed
2019-03-16 16:34:14.706 [Thread-21] DEBUG druid.sql.Connection - {conn-10029} closed
2019-03-16 16:34:14.706 [Thread-21] DEBUG druid.sql.Connection - {conn-10030} closed
2019-03-16 16:34:25.587 [main] DEBUG druid.sql.Connection - {conn-10001} connected
2019-03-16 16:34:25.593 [main] DEBUG druid.sql.Connection - {conn-10002} connected
2019-03-16 16:34:25.598 [main] DEBUG druid.sql.Connection - {conn-10003} connected
2019-03-16 16:34:25.604 [main] DEBUG druid.sql.Connection - {conn-10004} connected
2019-03-16 16:34:25.608 [main] DEBUG druid.sql.Connection - {conn-10005} connected
2019-03-16 16:34:25.613 [main] DEBUG druid.sql.Connection - {conn-10006} connected
2019-03-16 16:34:25.618 [main] DEBUG druid.sql.Connection - {conn-10007} connected
2019-03-16 16:34:25.633 [main] DEBUG druid.sql.Connection - {conn-10008} connected
2019-03-16 16:34:25.637 [main] DEBUG druid.sql.Connection - {conn-10009} connected
2019-03-16 16:34:25.644 [main] DEBUG druid.sql.Connection - {conn-10010} connected
2019-03-16 16:34:25.648 [main] DEBUG druid.sql.Connection - {conn-10011} connected
2019-03-16 16:34:25.652 [main] DEBUG druid.sql.Connection - {conn-10012} connected
2019-03-16 16:34:25.656 [main] DEBUG druid.sql.Connection - {conn-10013} connected
2019-03-16 16:34:25.661 [main] DEBUG druid.sql.Connection - {conn-10014} connected
2019-03-16 16:34:25.667 [main] DEBUG druid.sql.Connection - {conn-10015} connected
2019-03-16 16:34:25.678 [main] DEBUG druid.sql.Connection - {conn-10016} connected
2019-03-16 16:34:25.682 [main] DEBUG druid.sql.Connection - {conn-10017} connected
2019-03-16 16:34:25.690 [main] DEBUG druid.sql.Connection - {conn-10018} connected
2019-03-16 16:34:25.694 [main] DEBUG druid.sql.Connection - {conn-10019} connected
2019-03-16 16:34:25.698 [main] DEBUG druid.sql.Connection - {conn-10020} connected
2019-03-16 16:34:25.701 [main] DEBUG druid.sql.Connection - {conn-10021} connected
2019-03-16 16:34:25.705 [main] DEBUG druid.sql.Connection - {conn-10022} connected
2019-03-16 16:34:25.708 [main] DEBUG druid.sql.Connection - {conn-10023} connected
2019-03-16 16:34:25.712 [main] DEBUG druid.sql.Connection - {conn-10024} connected
2019-03-16 16:34:25.716 [main] DEBUG druid.sql.Connection - {conn-10025} connected
2019-03-16 16:34:25.720 [main] DEBUG druid.sql.Connection - {conn-10026} connected
2019-03-16 16:34:25.723 [main] DEBUG druid.sql.Connection - {conn-10027} connected
2019-03-16 16:34:25.727 [main] DEBUG druid.sql.Connection - {conn-10028} connected
2019-03-16 16:34:25.730 [main] DEBUG druid.sql.Connection - {conn-10029} connected
2019-03-16 16:34:25.735 [main] DEBUG druid.sql.Connection - {conn-10030} connected
2019-03-16 16:34:25.826 [main] DEBUG druid.sql.Connection - {conn-10030} pool-connect
2019-03-16 16:34:25.828 [main] DEBUG druid.sql.Connection - {conn-10030} pool-recycle
2019-03-16 16:34:25.837 [main] DEBUG druid.sql.Connection - {conn-10030} pool-connect
2019-03-16 16:34:25.840 [main] DEBUG druid.sql.Connection - {conn-10030} pool-recycle
2019-03-16 16:34:26.153 [main] DEBUG druid.sql.Connection - {conn-10030} pool-connect
2019-03-16 16:34:26.206 [main] DEBUG druid.sql.Connection - {conn-10030} pool-recycle
2019-03-16 16:34:26.801 [main] DEBUG druid.sql.Connection - {conn-10030} pool-connect
2019-03-16 16:34:26.801 [main] DEBUG druid.sql.Connection - {conn-10030} pool-recycle
2019-03-16 17:04:51.677 [Druid-ConnectionPool-Destroy-1487814699] DEBUG druid.sql.Connection - {conn-10001} closed
2019-03-16 17:04:51.678 [Druid-ConnectionPool-Destroy-1487814699] DEBUG druid.sql.Connection - {conn-10002} closed
2019-03-16 17:04:51.678 [Druid-ConnectionPool-Destroy-1487814699] DEBUG druid.sql.Connection - {conn-10003} closed
2019-03-16 17:04:51.679 [Druid-ConnectionPool-Destroy-1487814699] DEBUG druid.sql.Connection - {conn-10004} closed
2019-03-16 17:04:51.679 [Druid-ConnectionPool-Destroy-1487814699] DEBUG druid.sql.Connection - {conn-10005} closed
2019-03-16 17:04:51.680 [Druid-ConnectionPool-Destroy-1487814699] DEBUG druid.sql.Connection - {conn-10006} closed
2019-03-16 17:04:51.680 [Druid-ConnectionPool-Destroy-1487814699] DEBUG druid.sql.Connection - {conn-10007} closed
2019-03-16 17:04:51.681 [Druid-ConnectionPool-Destroy-1487814699] DEBUG druid.sql.Connection - {conn-10008} closed
2019-03-16 17:04:51.681 [Druid-ConnectionPool-Destroy-1487814699] DEBUG druid.sql.Connection - {conn-10009} closed
2019-03-16 17:04:51.682 [Druid-ConnectionPool-Destroy-1487814699] DEBUG druid.sql.Connection - {conn-10010} closed
2019-03-16 17:04:51.683 [Druid-ConnectionPool-Destroy-1487814699] DEBUG druid.sql.Connection - {conn-10011} closed
2019-03-16 17:04:51.683 [Druid-ConnectionPool-Destroy-1487814699] DEBUG druid.sql.Connection - {conn-10012} closed
2019-03-16 17:04:51.684 [Druid-ConnectionPool-Destroy-1487814699] DEBUG druid.sql.Connection - {conn-10013} closed
2019-03-16 17:04:51.684 [Druid-ConnectionPool-Destroy-1487814699] DEBUG druid.sql.Connection - {conn-10014} closed
2019-03-16 17:04:51.685 [Druid-ConnectionPool-Destroy-1487814699] DEBUG druid.sql.Connection - {conn-10015} closed
2019-03-16 17:04:51.686 [Druid-ConnectionPool-Destroy-1487814699] DEBUG druid.sql.Connection - {conn-10016} closed
2019-03-16 17:04:51.686 [Druid-ConnectionPool-Destroy-1487814699] DEBUG druid.sql.Connection - {conn-10017} closed
2019-03-16 17:04:51.687 [Druid-ConnectionPool-Destroy-1487814699] DEBUG druid.sql.Connection - {conn-10018} closed
2019-03-16 17:04:51.688 [Druid-ConnectionPool-Destroy-1487814699] DEBUG druid.sql.Connection - {conn-10019} closed
2019-03-16 17:04:51.689 [Druid-ConnectionPool-Destroy-1487814699] DEBUG druid.sql.Connection - {conn-10020} closed
2019-03-16 17:04:51.689 [Druid-ConnectionPool-Destroy-1487814699] DEBUG druid.sql.Connection - {conn-10021} closed
2019-03-16 17:04:51.689 [Druid-ConnectionPool-Destroy-1487814699] DEBUG druid.sql.Connection - {conn-10022} closed
2019-03-16 17:04:51.690 [Druid-ConnectionPool-Destroy-1487814699] DEBUG druid.sql.Connection - {conn-10023} closed
2019-03-16 17:04:51.690 [Druid-ConnectionPool-Destroy-1487814699] DEBUG druid.sql.Connection - {conn-10024} closed
2019-03-16 17:04:51.690 [Druid-ConnectionPool-Destroy-1487814699] DEBUG druid.sql.Connection - {conn-10025} closed
2019-03-16 17:04:51.690 [Druid-ConnectionPool-Destroy-1487814699] DEBUG druid.sql.Connection - {conn-10026} closed
2019-03-16 17:04:51.690 [Druid-ConnectionPool-Destroy-1487814699] DEBUG druid.sql.Connection - {conn-10027} closed
2019-03-16 17:04:51.691 [Druid-ConnectionPool-Destroy-1487814699] DEBUG druid.sql.Connection - {conn-10028} closed
2019-03-16 17:04:51.691 [Druid-ConnectionPool-Destroy-1487814699] DEBUG druid.sql.Connection - {conn-10029} closed
2019-03-16 17:04:51.691 [Druid-ConnectionPool-Destroy-1487814699] DEBUG druid.sql.Connection - {conn-10030} closed
