Multiple Spring Data modules found, entering strict repository configuration mode!
Multiple Spring Data modules found, entering strict repository configuration mode!
Spring Data Redis - Could not safely identify store assignment for repository candidate interface com.monitoring.seckill.Dao.GoodDao.
Spring Data Redis - Could not safely identify store assignment for repository candidate interface com.monitoring.seckill.Dao.OrderDao.
Spring Data Redis - Could not safely identify store assignment for repository candidate interface com.monitoring.seckill.Dao.OrderLogDao.
Spring Data Redis - Could not safely identify store assignment for repository candidate interface com.monitoring.seckill.Dao.UserDao.
Initializing ProtocolHandler ["http-nio-8080"]
Starting service [Tomcat]
Starting Servlet Engine: Apache Tomcat/8.5.34
The APR based Apache Tomcat Native library which allows optimal performance in production environments was not found on the java.library.path: [/Users/baron/Library/Java/Extensions:/Library/Java/Extensions:/Network/Library/Java/Extensions:/System/Library/Java/Extensions:/usr/lib/java:.]
Initializing Spring embedded WebApplicationContext
Init DruidDataSource
{dataSource-1} inited
HHH000204: Processing PersistenceUnitInfo [
	name: default
	...]
HHH000412: Hibernate Core {5.2.17.Final}
HHH000206: hibernate.properties not found
HCANN000001: Hibernate Commons Annotations {5.0.1.Final}
HHH000400: Using dialect: org.hibernate.dialect.MySQL5Dialect
HHH000409: Using org.hibernate.id.UUIDHexGenerator which does not generate IETF RFC 4122 compliant UUID values; consider using org.hibernate.id.UUIDGenerator instead
